#
# There is insufficient memory for the Java Runtime Environment to continue.
# Native memory allocation (mmap) failed to map 138412032 bytes for committing reserved memory.
# Possible reasons:
#   The system is out of physical RAM or swap space
#   In 32 bit mode, the process size limit was hit
# Possible solutions:
#   Reduce memory load on the system
#   Increase physical memory or swap space
#   Check if swap backing store is full
#   Use 64 bit Java on a 64 bit OS
#   Decrease Java heap size (-Xmx/-Xms)
#   Decrease number of Java threads
#   Decrease Java thread stack sizes (-Xss)
#   Set larger code cache with -XX:ReservedCodeCacheSize=
# This output file may be truncated or incomplete.
#
#  Out of Memory Error (os_linux.cpp:2630), pid=5805, tid=0x00007f38a9efe700
#
# JRE version: OpenJDK Runtime Environment (8.0_111-b14) (build 1.8.0_111-8u111-b14-2ubuntu0.16.10.2-b14)
# Java VM: OpenJDK 64-Bit Server VM (25.111-b14 mixed mode linux-amd64 compressed oops)
# Failed to write core dump. Core dumps have been disabled. To enable core dumping, try "ulimit -c unlimited" before starting Java again
#

---------------  T H R E A D  ---------------

Current thread (0x00007f38c8077800):  VMThread [stack: 0x00007f38a9dfe000,0x00007f38a9eff000] [id=5842]

Stack: [0x00007f38a9dfe000,0x00007f38a9eff000],  sp=0x00007f38a9efd4b0,  free space=1021k
Native frames: (J=compiled Java code, j=interpreted, Vv=VM code, C=native code)
V  [libjvm.so+0xa6a620]  VMError::report_and_die()+0x160
V  [libjvm.so+0x4c4e2c]  report_vm_out_of_memory(char const*, int, unsigned long, VMErrorType, char const*)+0xac
V  [libjvm.so+0x8b9c00]  os::pd_commit_memory(char*, unsigned long, unsigned long, bool)+0xf0
V  [libjvm.so+0x8b428e]  os::commit_memory(char*, unsigned long, unsigned long, bool)+0x2e
V  [libjvm.so+0x92eade]  PSVirtualSpace::expand_by(unsigned long)+0x4e
V  [libjvm.so+0x92fe63]  PSYoungGen::resize(unsigned long, unsigned long)+0x103
V  [libjvm.so+0x92c4b3]  PSScavenge::invoke_no_policy()+0x1503
V  [libjvm.so+0x92c75c]  PSScavenge::invoke()+0x4c
V  [libjvm.so+0x8de0e3]  ParallelScavengeHeap::failed_mem_allocate(unsigned long)+0x63
V  [libjvm.so+0xa6c292]  VM_ParallelGCFailedAllocation::doit()+0x92
V  [libjvm.so+0xa713f7]  VM_Operation::evaluate()+0x47
V  [libjvm.so+0xa6eb87]  VMThread::evaluate_operation(VM_Operation*) [clone .constprop.30]+0xe7
V  [libjvm.so+0xa70006]  VMThread::loop()+0x246
V  [libjvm.so+0xa70501]  VMThread::run()+0x81
V  [libjvm.so+0x8b7192]  java_start(Thread*)+0xf2

VM_Operation (0x00007f38a91ead40): ParallelGCFailedAllocation, mode: safepoint, requested by thread 0x00007f38c8175800


---------------  P R O C E S S  ---------------

Java Threads: ( => current thread )
  0x00007f38c8175800 JavaThread "pool-1-thread-1" [_thread_blocked, id=6010, stack(0x00007f38a90ec000,0x00007f38a91ed000)]
  0x00007f38c80b9800 JavaThread "Service Thread" daemon [_thread_blocked, id=5870, stack(0x00007f38a9419000,0x00007f38a951a000)]
  0x00007f38c80b2000 JavaThread "C1 CompilerThread2" daemon [_thread_blocked, id=5865, stack(0x00007f38a951a000,0x00007f38a961b000)]
  0x00007f38c80b0800 JavaThread "C2 CompilerThread1" daemon [_thread_in_native, id=5863, stack(0x00007f38a961b000,0x00007f38a971c000)]
  0x00007f38c80ad800 JavaThread "C2 CompilerThread0" daemon [_thread_blocked, id=5856, stack(0x00007f38a971c000,0x00007f38a981d000)]
  0x00007f38c80ab800 JavaThread "Signal Dispatcher" daemon [_thread_blocked, id=5853, stack(0x00007f38a981d000,0x00007f38a991e000)]
  0x00007f38c8084000 JavaThread "Finalizer" daemon [_thread_blocked, id=5849, stack(0x00007f38a9bfc000,0x00007f38a9cfd000)]
  0x00007f38c807f800 JavaThread "Reference Handler" daemon [_thread_blocked, id=5845, stack(0x00007f38a9cfd000,0x00007f38a9dfe000)]
  0x00007f38c800a800 JavaThread "main" [_thread_blocked, id=5820, stack(0x00007f38d0be2000,0x00007f38d0ce3000)]

Other Threads:
=>0x00007f38c8077800 VMThread [stack: 0x00007f38a9dfe000,0x00007f38a9eff000] [id=5842]
  0x00007f38c80bc000 WatcherThread [stack: 0x00007f38a9318000,0x00007f38a9419000] [id=5875]

VM state:at safepoint (normal execution)

VM Mutex/Monitor currently owned by a thread:  ([mutex/lock_event])
[0x00007f38c80068c0] Threads_lock - owner thread: 0x00007f38c8077800
[0x00007f38c8006dc0] Heap_lock - owner thread: 0x00007f38c8175800

Heap:
 PSYoungGen      total 135168K, used 14321K [0x00000000eab00000, 0x00000000f3f00000, 0x0000000100000000)
  eden space 120832K, 0% used [0x00000000eab00000,0x00000000eab00000,0x00000000f2100000)
  from space 14336K, 99% used [0x00000000f2100000,0x00000000f2efc660,0x00000000f2f00000)
  to   space 12288K, 0% used [0x00000000f2f00000,0x00000000f2f00000,0x00000000f3b00000)
 ParOldGen       total 40960K, used 34271K [0x00000000c0000000, 0x00000000c2800000, 0x00000000eab00000)
  object space 40960K, 83% used [0x00000000c0000000,0x00000000c2177c70,0x00000000c2800000)
 Metaspace       used 6339K, capacity 7192K, committed 7424K, reserved 1056768K
  class space    used 611K, capacity 656K, committed 768K, reserved 1048576K

Card table byte_map: [0x00007f38cd097000,0x00007f38cd298000] byte_map_base: 0x00007f38cca97000

Marking Bits: (ParMarkBitMap*) 0x00007f38cfeb3220
 Begin Bits: [0x00007f38aa000000, 0x00007f38ab000000)
 End Bits:   [0x00007f38ab000000, 0x00007f38ac000000)

Polling page: 0x00007f38d0d02000

CodeCache: size=245760Kb used=6880Kb max_used=6880Kb free=238879Kb
 bounds [0x00007f38b9000000, 0x00007f38b96c0000, 0x00007f38c8000000]
 total_blobs=2024 nmethods=1756 adapters=182
 compilation: enabled

Compilation events (10 events):
Event: 4,568 Thread 0x00007f38c80b2000 1965 %     3       com.android.dx.dex.code.StdCatchBuilder::hasAnyCatches @ 15 (57 bytes)
Event: 4,568 Thread 0x00007f38c80b2000 nmethod 1965% 0x00007f38b96b4910 code [0x00007f38b96b4b20, 0x00007f38b96b5878]
Event: 4,569 Thread 0x00007f38c80b2000 1966       3       com.android.dx.dex.code.StdCatchBuilder::hasAnyCatches (57 bytes)
Event: 4,570 Thread 0x00007f38c80b2000 nmethod 1966 0x00007f38b96b5e10 code [0x00007f38b96b6020, 0x00007f38b96b6d18]
Event: 4,581 Thread 0x00007f38c80b2000 1968 %     3       com.android.dx.dex.file.CodeItem::addContents @ 142 (174 bytes)
Event: 4,582 Thread 0x00007f38c80b2000 nmethod 1968% 0x00007f38b96b7250 code [0x00007f38b96b7560, 0x00007f38b96b8f88]
Event: 4,583 Thread 0x00007f38c80b2000 1969       3       com.android.dx.dex.file.CodeItem::addContents (174 bytes)
Event: 4,584 Thread 0x00007f38c80b2000 nmethod 1969 0x00007f38b96b9a90 code [0x00007f38b96b9da0, 0x00007f38b96bb748]
Event: 4,598 Thread 0x00007f38c80b2000 1970       2       java.util.HashSet::<init> (17 bytes)
Event: 4,599 Thread 0x00007f38c80b2000 nmethod 1970 0x00007f38b96bc250 code [0x00007f38b96bc3e0, 0x00007f38b96bc5e8]

GC Heap History (10 events):
Event: 1,628 GC heap after
Heap after GC invocations=2 (full 0):
 PSYoungGen      total 33280K, used 2534K [0x00000000eab00000, 0x00000000ece00000, 0x0000000100000000)
  eden space 30720K, 0% used [0x00000000eab00000,0x00000000eab00000,0x00000000ec900000)
  from space 2560K, 98% used [0x00000000ecb80000,0x00000000ecdf9840,0x00000000ece00000)
  to   space 2560K, 0% used [0x00000000ec900000,0x00000000ec900000,0x00000000ecb80000)
 ParOldGen       total 40960K, used 4113K [0x00000000c0000000, 0x00000000c2800000, 0x00000000eab00000)
  object space 40960K, 10% used [0x00000000c0000000,0x00000000c0404428,0x00000000c2800000)
 Metaspace       used 5743K, capacity 6768K, committed 7040K, reserved 1056768K
  class space    used 585K, capacity 616K, committed 640K, reserved 1048576K
}
Event: 2,302 GC heap before
{Heap before GC invocations=3 (full 0):
 PSYoungGen      total 33280K, used 33254K [0x00000000eab00000, 0x00000000ece00000, 0x0000000100000000)
  eden space 30720K, 100% used [0x00000000eab00000,0x00000000ec900000,0x00000000ec900000)
  from space 2560K, 98% used [0x00000000ecb80000,0x00000000ecdf9840,0x00000000ece00000)
  to   space 2560K, 0% used [0x00000000ec900000,0x00000000ec900000,0x00000000ecb80000)
 ParOldGen       total 40960K, used 4113K [0x00000000c0000000, 0x00000000c2800000, 0x00000000eab00000)
  object space 40960K, 10% used [0x00000000c0000000,0x00000000c0404428,0x00000000c2800000)
 Metaspace       used 5799K, capacity 6832K, committed 7040K, reserved 1056768K
  class space    used 585K, capacity 616K, committed 640K, reserved 1048576K
Event: 2,339 GC heap after
Heap after GC invocations=3 (full 0):
 PSYoungGen      total 33280K, used 2532K [0x00000000eab00000, 0x00000000eec00000, 0x0000000100000000)
  eden space 30720K, 0% used [0x00000000eab00000,0x00000000eab00000,0x00000000ec900000)
  from space 2560K, 98% used [0x00000000ec900000,0x00000000ecb79168,0x00000000ecb80000)
  to   space 2560K, 0% used [0x00000000ee980000,0x00000000ee980000,0x00000000eec00000)
 ParOldGen       total 40960K, used 8685K [0x00000000c0000000, 0x00000000c2800000, 0x00000000eab00000)
  object space 40960K, 21% used [0x00000000c0000000,0x00000000c087b4c8,0x00000000c2800000)
 Metaspace       used 5799K, capacity 6832K, committed 7040K, reserved 1056768K
  class space    used 585K, capacity 616K, committed 640K, reserved 1048576K
}
Event: 2,812 GC heap before
{Heap before GC invocations=4 (full 0):
 PSYoungGen      total 33280K, used 33252K [0x00000000eab00000, 0x00000000eec00000, 0x0000000100000000)
  eden space 30720K, 100% used [0x00000000eab00000,0x00000000ec900000,0x00000000ec900000)
  from space 2560K, 98% used [0x00000000ec900000,0x00000000ecb79168,0x00000000ecb80000)
  to   space 2560K, 0% used [0x00000000ee980000,0x00000000ee980000,0x00000000eec00000)
 ParOldGen       total 40960K, used 8685K [0x00000000c0000000, 0x00000000c2800000, 0x00000000eab00000)
  object space 40960K, 21% used [0x00000000c0000000,0x00000000c087b4c8,0x00000000c2800000)
 Metaspace       used 5867K, capacity 6896K, committed 7040K, reserved 1056768K
  class space    used 585K, capacity 616K, committed 640K, reserved 1048576K
Event: 2,844 GC heap after
Heap after GC invocations=4 (full 0):
 PSYoungGen      total 64000K, used 2560K [0x00000000eab00000, 0x00000000eec00000, 0x0000000100000000)
  eden space 61440K, 0% used [0x00000000eab00000,0x00000000eab00000,0x00000000ee700000)
  from space 2560K, 100% used [0x00000000ee980000,0x00000000eec00000,0x00000000eec00000)
  to   space 2560K, 0% used [0x00000000ee700000,0x00000000ee700000,0x00000000ee980000)
 ParOldGen       total 40960K, used 13108K [0x00000000c0000000, 0x00000000c2800000, 0x00000000eab00000)
  object space 40960K, 32% used [0x00000000c0000000,0x00000000c0ccd078,0x00000000c2800000)
 Metaspace       used 5867K, capacity 6896K, committed 7040K, reserved 1056768K
  class space    used 585K, capacity 616K, committed 640K, reserved 1048576K
}
Event: 3,411 GC heap before
{Heap before GC invocations=5 (full 0):
 PSYoungGen      total 64000K, used 64000K [0x00000000eab00000, 0x00000000eec00000, 0x0000000100000000)
  eden space 61440K, 100% used [0x00000000eab00000,0x00000000ee700000,0x00000000ee700000)
  from space 2560K, 100% used [0x00000000ee980000,0x00000000eec00000,0x00000000eec00000)
  to   space 2560K, 0% used [0x00000000ee700000,0x00000000ee700000,0x00000000ee980000)
 ParOldGen       total 40960K, used 13108K [0x00000000c0000000, 0x00000000c2800000, 0x00000000eab00000)
  object space 40960K, 32% used [0x00000000c0000000,0x00000000c0ccd078,0x00000000c2800000)
 Metaspace       used 5960K, capacity 6960K, committed 7040K, reserved 1056768K
  class space    used 585K, capacity 616K, committed 640K, reserved 1048576K
Event: 3,461 GC heap after
Heap after GC invocations=5 (full 0):
 PSYoungGen      total 64000K, used 2544K [0x00000000eab00000, 0x00000000f3b00000, 0x0000000100000000)
  eden space 61440K, 0% used [0x00000000eab00000,0x00000000eab00000,0x00000000ee700000)
  from space 2560K, 99% used [0x00000000ee700000,0x00000000ee97c188,0x00000000ee980000)
  to   space 12288K, 0% used [0x00000000f2f00000,0x00000000f2f00000,0x00000000f3b00000)
 ParOldGen       total 40960K, used 22815K [0x00000000c0000000, 0x00000000c2800000, 0x00000000eab00000)
  object space 40960K, 55% used [0x00000000c0000000,0x00000000c1647d00,0x00000000c2800000)
 Metaspace       used 5960K, capacity 6960K, committed 7040K, reserved 1056768K
  class space    used 585K, capacity 616K, committed 640K, reserved 1048576K
}
Event: 3,791 GC heap before
{Heap before GC invocations=6 (full 0):
 PSYoungGen      total 64000K, used 63984K [0x00000000eab00000, 0x00000000f3b00000, 0x0000000100000000)
  eden space 61440K, 100% used [0x00000000eab00000,0x00000000ee700000,0x00000000ee700000)
  from space 2560K, 99% used [0x00000000ee700000,0x00000000ee97c188,0x00000000ee980000)
  to   space 12288K, 0% used [0x00000000f2f00000,0x00000000f2f00000,0x00000000f3b00000)
 ParOldGen       total 40960K, used 22815K [0x00000000c0000000, 0x00000000c2800000, 0x00000000eab00000)
  object space 40960K, 55% used [0x00000000c0000000,0x00000000c1647d00,0x00000000c2800000)
 Metaspace       used 6075K, capacity 6968K, committed 7040K, reserved 1056768K
  class space    used 604K, capacity 624K, committed 640K, reserved 1048576K
Event: 3,849 GC heap after
Heap after GC invocations=6 (full 0):
 PSYoungGen      total 133120K, used 11888K [0x00000000eab00000, 0x00000000f3f00000, 0x0000000100000000)
  eden space 120832K, 0% used [0x00000000eab00000,0x00000000eab00000,0x00000000f2100000)
  from space 12288K, 96% used [0x00000000f2f00000,0x00000000f3a9c2e8,0x00000000f3b00000)
  to   space 14336K, 0% used [0x00000000f2100000,0x00000000f2100000,0x00000000f2f00000)
 ParOldGen       total 40960K, used 22815K [0x00000000c0000000, 0x00000000c2800000, 0x00000000eab00000)
  object space 40960K, 55% used [0x00000000c0000000,0x00000000c1647d00,0x00000000c2800000)
 Metaspace       used 6075K, capacity 6968K, committed 7040K, reserved 1056768K
  class space    used 604K, capacity 624K, committed 640K, reserved 1048576K
}
Event: 4,617 GC heap before
{Heap before GC invocations=7 (full 0):
 PSYoungGen      total 133120K, used 132720K [0x00000000eab00000, 0x00000000f3f00000, 0x0000000100000000)
  eden space 120832K, 100% used [0x00000000eab00000,0x00000000f2100000,0x00000000f2100000)
  from space 12288K, 96% used [0x00000000f2f00000,0x00000000f3a9c2e8,0x00000000f3b00000)
  to   space 14336K, 0% used [0x00000000f2100000,0x00000000f2100000,0x00000000f2f00000)
 ParOldGen       total 40960K, used 22815K [0x00000000c0000000, 0x00000000c2800000, 0x00000000eab00000)
  object space 40960K, 55% used [0x00000000c0000000,0x00000000c1647d00,0x00000000c2800000)
 Metaspace       used 6339K, capacity 7192K, committed 7424K, reserved 1056768K
  class space    used 611K, capacity 656K, committed 768K, reserved 1048576K

Deoptimization events (10 events):
Event: 4,230 Thread 0x00007f38c8174800 Uncommon trap: reason=unstable_if action=reinterpret pc=0x00007f38b9524280 method=com.android.dx.ssa.MoveParamCombiner$1.visitNonMoveInsn(Lcom/android/dx/ssa/NormalSsaInsn;)V @ 27
Event: 4,346 Thread 0x00007f38c8174800 Uncommon trap: reason=bimorphic action=maybe_recompile pc=0x00007f38b95ccf64 method=com.android.dx.cf.code.BytecodeArray.parseInstruction(ILcom/android/dx/cf/code/BytecodeArray$Visitor;)I @ 987
Event: 4,346 Thread 0x00007f38c8174800 Uncommon trap: reason=bimorphic action=maybe_recompile pc=0x00007f38b95cce5c method=com.android.dx.cf.code.BytecodeArray.parseInstruction(ILcom/android/dx/cf/code/BytecodeArray$Visitor;)I @ 955
Event: 4,346 Thread 0x00007f38c8174800 Uncommon trap: reason=bimorphic action=maybe_recompile pc=0x00007f38b95ccee0 method=com.android.dx.cf.code.BytecodeArray.parseInstruction(ILcom/android/dx/cf/code/BytecodeArray$Visitor;)I @ 971
Event: 4,347 Thread 0x00007f38c8174800 Uncommon trap: reason=bimorphic action=maybe_recompile pc=0x00007f38b95ccf64 method=com.android.dx.cf.code.BytecodeArray.parseInstruction(ILcom/android/dx/cf/code/BytecodeArray$Visitor;)I @ 987
Event: 4,474 Thread 0x00007f38c8175800 Uncommon trap: reason=class_check action=maybe_recompile pc=0x00007f38b94188fc method=java.util.Arrays.hashCode([Ljava/lang/Object;)I @ 43
Event: 4,474 Thread 0x00007f38c8175800 Uncommon trap: reason=class_check action=maybe_recompile pc=0x00007f38b94188fc method=java.util.Arrays.hashCode([Ljava/lang/Object;)I @ 43
Event: 4,474 Thread 0x00007f38c8175800 Uncommon trap: reason=class_check action=maybe_recompile pc=0x00007f38b94188fc method=java.util.Arrays.hashCode([Ljava/lang/Object;)I @ 43
Event: 4,474 Thread 0x00007f38c8175800 Uncommon trap: reason=class_check action=maybe_recompile pc=0x00007f38b94188fc method=java.util.Arrays.hashCode([Ljava/lang/Object;)I @ 43
Event: 4,474 Thread 0x00007f38c8175800 Uncommon trap: reason=class_check action=maybe_recompile pc=0x00007f38b93fc874 method=java.util.Arrays.hashCode([Ljava/lang/Object;)I @ 43

Internal exceptions (5 events):
Event: 0,056 Thread 0x00007f38c800a800 Exception <a 'java/lang/NoSuchMethodError': Method sun.misc.Unsafe.defineClass(Ljava/lang/String;[BII)Ljava/lang/Class; name or signature does not match> (0x00000000eab07c78) thrown at [/build/openjdk-8-jhKD9R/openjdk-8-8u111-b14/src/hotspot/src/share/vm/
Event: 0,056 Thread 0x00007f38c800a800 Exception <a 'java/lang/NoSuchMethodError': Method sun.misc.Unsafe.prefetchRead(Ljava/lang/Object;J)V name or signature does not match> (0x00000000eab07f60) thrown at [/build/openjdk-8-jhKD9R/openjdk-8-8u111-b14/src/hotspot/src/share/vm/prims/jni.cpp, lin
Event: 3,614 Thread 0x00007f38c817b800 Exception <a 'java/lang/ArrayIndexOutOfBoundsException': 18> (0x00000000ec5c30e8) thrown at [/build/openjdk-8-jhKD9R/openjdk-8-8u111-b14/src/hotspot/src/share/vm/interpreter/interpreterRuntime.cpp, line 366]
Event: 3,614 Thread 0x00007f38c817b800 Exception <a 'java/lang/ArrayIndexOutOfBoundsException': 145> (0x00000000ec5c4c68) thrown at [/build/openjdk-8-jhKD9R/openjdk-8-8u111-b14/src/hotspot/src/share/vm/interpreter/interpreterRuntime.cpp, line 366]
Event: 3,615 Thread 0x00007f38c817b800 Exception <a 'java/lang/ArrayIndexOutOfBoundsException': 40> (0x00000000ec5c5f50) thrown at [/build/openjdk-8-jhKD9R/openjdk-8-8u111-b14/src/hotspot/src/share/vm/interpreter/interpreterRuntime.cpp, line 366]

Events (10 events):
Event: 4,481 loading class com/android/dx/rop/cst/Zeroes done
Event: 4,514 loading class com/android/dx/dex/file/CatchStructs
Event: 4,514 loading class com/android/dx/dex/file/CatchStructs done
Event: 4,542 Thread 0x00007f38c8175800 DEOPT PACKING pc=0x00007f38b96ab80a sp=0x00007f38a91eb3b0
Event: 4,542 Thread 0x00007f38c8175800 DEOPT UNPACKING pc=0x00007f38b9047373 sp=0x00007f38a91eb160 mode 0
Event: 4,570 Thread 0x00007f38c8175800 DEOPT PACKING pc=0x00007f38b96ac244 sp=0x00007f38a91eb3e0
Event: 4,570 Thread 0x00007f38c8175800 DEOPT UNPACKING pc=0x00007f38b9047373 sp=0x00007f38a91eb150 mode 0
Event: 4,584 Thread 0x00007f38c8175800 DEOPT PACKING pc=0x00007f38b96ad7b0 sp=0x00007f38a91eb470
Event: 4,584 Thread 0x00007f38c8175800 DEOPT UNPACKING pc=0x00007f38b9047373 sp=0x00007f38a91eb210 mode 0
Event: 4,616 Executing VM operation: ParallelGCFailedAllocation


Dynamic libraries:
c0000000-c2800000 rw-p 00000000 00:00 0 
c2800000-eab00000 ---p 00000000 00:00 0 
eab00000-f3f00000 rw-p 00000000 00:00 0 
fc300000-100000000 ---p 00000000 00:00 0 
100000000-1000c0000 rw-p 00000000 00:00 0 
1000c0000-140000000 ---p 00000000 00:00 0 
55b9baf26000-55b9baf27000 r-xp 00000000 08:02 1442050                    /usr/lib/jvm/java-8-openjdk-amd64/jre/bin/java
55b9bb126000-55b9bb127000 r--p 00000000 08:02 1442050                    /usr/lib/jvm/java-8-openjdk-amd64/jre/bin/java
55b9bb127000-55b9bb128000 rw-p 00001000 08:02 1442050                    /usr/lib/jvm/java-8-openjdk-amd64/jre/bin/java
55b9bc747000-55b9bc768000 rw-p 00000000 00:00 0                          [heap]
7f3868000000-7f3868029000 rw-p 00000000 00:00 0 
7f3868029000-7f386c000000 ---p 00000000 00:00 0 
7f3870000000-7f3870021000 rw-p 00000000 00:00 0 
7f3870021000-7f3874000000 ---p 00000000 00:00 0 
7f3874000000-7f3874021000 rw-p 00000000 00:00 0 
7f3874021000-7f3878000000 ---p 00000000 00:00 0 
7f3878000000-7f387803c000 rw-p 00000000 00:00 0 
7f387803c000-7f387c000000 ---p 00000000 00:00 0 
7f387c000000-7f387c021000 rw-p 00000000 00:00 0 
7f387c021000-7f3880000000 ---p 00000000 00:00 0 
7f3880000000-7f3880021000 rw-p 00000000 00:00 0 
7f3880021000-7f3884000000 ---p 00000000 00:00 0 
7f3884000000-7f3884021000 rw-p 00000000 00:00 0 
7f3884021000-7f3888000000 ---p 00000000 00:00 0 
7f3888000000-7f3888c70000 rw-p 00000000 00:00 0 
7f3888c70000-7f388c000000 ---p 00000000 00:00 0 
7f388c000000-7f388ca09000 rw-p 00000000 00:00 0 
7f388ca09000-7f3890000000 ---p 00000000 00:00 0 
7f3890000000-7f3890021000 rw-p 00000000 00:00 0 
7f3890021000-7f3894000000 ---p 00000000 00:00 0 
7f3894000000-7f389455c000 rw-p 00000000 00:00 0 
7f389455c000-7f3898000000 ---p 00000000 00:00 0 
7f3898000000-7f3898021000 rw-p 00000000 00:00 0 
7f3898021000-7f389c000000 ---p 00000000 00:00 0 
7f389c000000-7f389c021000 rw-p 00000000 00:00 0 
7f389c021000-7f38a0000000 ---p 00000000 00:00 0 
7f38a0000000-7f38a0279000 rw-p 00000000 00:00 0 
7f38a0279000-7f38a4000000 ---p 00000000 00:00 0 
7f38a4000000-7f38a4021000 rw-p 00000000 00:00 0 
7f38a4021000-7f38a8000000 ---p 00000000 00:00 0 
7f38a8dc3000-7f38a8de9000 r--p 00000000 08:02 1969241                    /usr/share/locale-langpack/fr/LC_MESSAGES/libc.mo
7f38a8de9000-7f38a8dec000 ---p 00000000 00:00 0 
7f38a8dec000-7f38a8eea000 rw-p 00000000 00:00 0 
7f38a8eea000-7f38a8eed000 ---p 00000000 00:00 0 
7f38a8eed000-7f38a8feb000 rw-p 00000000 00:00 0 
7f38a8feb000-7f38a8fee000 ---p 00000000 00:00 0 
7f38a8fee000-7f38a90ec000 rw-p 00000000 00:00 0 
7f38a90ec000-7f38a90ef000 ---p 00000000 00:00 0 
7f38a90ef000-7f38a91ed000 rw-p 00000000 00:00 0 
7f38a91ed000-7f38a91f0000 ---p 00000000 00:00 0 
7f38a91f0000-7f38a92ee000 rw-p 00000000 00:00 0 
7f38a92ee000-7f38a92fd000 r--s 000df000 08:03 3682082                    /home/capaldi/Android/Sdk/build-tools/23.0.1/lib/dx.jar
7f38a92fd000-7f38a9318000 r--s 00394000 08:02 1448895                    /usr/lib/jvm/java-8-openjdk-amd64/jre/lib/ext/cldrdata.jar
7f38a9318000-7f38a9319000 ---p 00000000 00:00 0 
7f38a9319000-7f38a9419000 rw-p 00000000 00:00 0 
7f38a9419000-7f38a941c000 ---p 00000000 00:00 0 
7f38a941c000-7f38a951a000 rw-p 00000000 00:00 0 
7f38a951a000-7f38a951d000 ---p 00000000 00:00 0 
7f38a951d000-7f38a961b000 rw-p 00000000 00:00 0 
7f38a961b000-7f38a961e000 ---p 00000000 00:00 0 
7f38a961e000-7f38a971c000 rw-p 00000000 00:00 0 
7f38a971c000-7f38a971f000 ---p 00000000 00:00 0 
7f38a971f000-7f38a981d000 rw-p 00000000 00:00 0 
7f38a981d000-7f38a9820000 ---p 00000000 00:00 0 
7f38a9820000-7f38a991e000 rw-p 00000000 00:00 0 
7f38a991e000-7f38a9bfc000 r--p 00000000 08:02 1443208                    /usr/lib/locale/locale-archive
7f38a9bfc000-7f38a9bff000 ---p 00000000 00:00 0 
7f38a9bff000-7f38a9cfd000 rw-p 00000000 00:00 0 
7f38a9cfd000-7f38a9d00000 ---p 00000000 00:00 0 
7f38a9d00000-7f38a9dfe000 rw-p 00000000 00:00 0 
7f38a9dfe000-7f38a9dff000 ---p 00000000 00:00 0 
7f38a9dff000-7f38ac000000 rw-p 00000000 00:00 0 
7f38ac000000-7f38ac021000 rw-p 00000000 00:00 0 
7f38ac021000-7f38b0000000 ---p 00000000 00:00 0 
7f38b0000000-7f38b0021000 rw-p 00000000 00:00 0 
7f38b0021000-7f38b4000000 ---p 00000000 00:00 0 
7f38b4000000-7f38b4021000 rw-p 00000000 00:00 0 
7f38b4021000-7f38b8000000 ---p 00000000 00:00 0 
7f38b8009000-7f38b8024000 r--s 001d5000 08:02 1450299                    /usr/lib/jvm/java-8-openjdk-amd64/jre/lib/ext/nashorn.jar
7f38b8024000-7f38b8e32000 rw-p 00000000 00:00 0 
7f38b8e32000-7f38b9000000 r--s 03bf1000 08:02 1457869                    /usr/lib/jvm/java-8-openjdk-amd64/jre/lib/rt.jar
7f38b9000000-7f38b96c0000 rwxp 00000000 00:00 0 
7f38b96c0000-7f38c8000000 ---p 00000000 00:00 0 
7f38c8000000-7f38c83bc000 rw-p 00000000 00:00 0 
7f38c83bc000-7f38cc000000 ---p 00000000 00:00 0 
7f38cc004000-7f38cc00b000 r--s 00000000 08:02 1717449                    /usr/lib/x86_64-linux-gnu/gconv/gconv-modules.cache
7f38cc00b000-7f38cc00e000 r--s 0000f000 08:02 1449666                    /usr/lib/jvm/java-8-openjdk-amd64/jre/lib/ext/icedtea-sound.jar
7f38cc00e000-7f38cc012000 r--s 00037000 08:02 1457848                    /usr/lib/jvm/java-8-openjdk-amd64/jre/lib/ext/sunpkcs11.jar
7f38cc012000-7f38cc017000 r--s 0003b000 08:02 1457847                    /usr/lib/jvm/java-8-openjdk-amd64/jre/lib/ext/sunjce_provider.jar
7f38cc017000-7f38cc7bd000 rw-p 00000000 00:00 0 
7f38cc7bd000-7f38cc93d000 ---p 00000000 00:00 0 
7f38cc93d000-7f38ccb3d000 rw-p 00000000 00:00 0 
7f38ccb3d000-7f38ccb3e000 ---p 00000000 00:00 0 
7f38ccb3e000-7f38ccc3e000 rw-p 00000000 00:00 0 
7f38ccc3e000-7f38ccc3f000 ---p 00000000 00:00 0 
7f38ccc3f000-7f38ccd3f000 rw-p 00000000 00:00 0 
7f38ccd3f000-7f38ccd40000 ---p 00000000 00:00 0 
7f38ccd40000-7f38cce40000 rw-p 00000000 00:00 0 
7f38cce40000-7f38cce41000 ---p 00000000 00:00 0 
7f38cce41000-7f38ccf55000 rw-p 00000000 00:00 0 
7f38ccf55000-7f38cd097000 ---p 00000000 00:00 0 
7f38cd097000-7f38cd0ab000 rw-p 00000000 00:00 0 
7f38cd0ab000-7f38cd1ec000 ---p 00000000 00:00 0 
7f38cd1ec000-7f38cd237000 rw-p 00000000 00:00 0 
7f38cd237000-7f38cd297000 ---p 00000000 00:00 0 
7f38cd297000-7f38cd2b3000 rw-p 00000000 00:00 0 
7f38cd2b3000-7f38cd658000 ---p 00000000 00:00 0 
7f38cd658000-7f38cd660000 r-xp 00000000 08:02 1446563                    /usr/lib/jvm/java-8-openjdk-amd64/jre/lib/amd64/libzip.so
7f38cd660000-7f38cd85f000 ---p 00008000 08:02 1446563                    /usr/lib/jvm/java-8-openjdk-amd64/jre/lib/amd64/libzip.so
7f38cd85f000-7f38cd860000 r--p 00007000 08:02 1446563                    /usr/lib/jvm/java-8-openjdk-amd64/jre/lib/amd64/libzip.so
7f38cd860000-7f38cd861000 rw-p 00008000 08:02 1446563                    /usr/lib/jvm/java-8-openjdk-amd64/jre/lib/amd64/libzip.so
7f38cd861000-7f38cd86c000 r-xp 00000000 08:02 920553                     /lib/x86_64-linux-gnu/libnss_files-2.24.so
7f38cd86c000-7f38cda6b000 ---p 0000b000 08:02 920553                     /lib/x86_64-linux-gnu/libnss_files-2.24.so
7f38cda6b000-7f38cda6c000 r--p 0000a000 08:02 920553                     /lib/x86_64-linux-gnu/libnss_files-2.24.so
7f38cda6c000-7f38cda6d000 rw-p 0000b000 08:02 920553                     /lib/x86_64-linux-gnu/libnss_files-2.24.so
7f38cda6d000-7f38cda73000 rw-p 00000000 00:00 0 
7f38cda73000-7f38cda7e000 r-xp 00000000 08:02 920555                     /lib/x86_64-linux-gnu/libnss_nis-2.24.so
7f38cda7e000-7f38cdc7d000 ---p 0000b000 08:02 920555                     /lib/x86_64-linux-gnu/libnss_nis-2.24.so
7f38cdc7d000-7f38cdc7e000 r--p 0000a000 08:02 920555                     /lib/x86_64-linux-gnu/libnss_nis-2.24.so
7f38cdc7e000-7f38cdc7f000 rw-p 0000b000 08:02 920555                     /lib/x86_64-linux-gnu/libnss_nis-2.24.so
7f38cdc7f000-7f38cdc95000 r-xp 00000000 08:02 915807                     /lib/x86_64-linux-gnu/libnsl-2.24.so
7f38cdc95000-7f38cde94000 ---p 00016000 08:02 915807                     /lib/x86_64-linux-gnu/libnsl-2.24.so
7f38cde94000-7f38cde95000 r--p 00015000 08:02 915807                     /lib/x86_64-linux-gnu/libnsl-2.24.so
7f38cde95000-7f38cde96000 rw-p 00016000 08:02 915807                     /lib/x86_64-linux-gnu/libnsl-2.24.so
7f38cde96000-7f38cde98000 rw-p 00000000 00:00 0 
7f38cde98000-7f38cdea0000 r-xp 00000000 08:02 915808                     /lib/x86_64-linux-gnu/libnss_compat-2.24.so
7f38cdea0000-7f38ce09f000 ---p 00008000 08:02 915808                     /lib/x86_64-linux-gnu/libnss_compat-2.24.so
7f38ce09f000-7f38ce0a0000 r--p 00007000 08:02 915808                     /lib/x86_64-linux-gnu/libnss_compat-2.24.so
7f38ce0a0000-7f38ce0a1000 rw-p 00008000 08:02 915808                     /lib/x86_64-linux-gnu/libnss_compat-2.24.so
7f38ce0a1000-7f38ce0ce000 r-xp 00000000 08:02 1442096                    /usr/lib/jvm/java-8-openjdk-amd64/jre/lib/amd64/libjava.so
7f38ce0ce000-7f38ce2cd000 ---p 0002d000 08:02 1442096                    /usr/lib/jvm/java-8-openjdk-amd64/jre/lib/amd64/libjava.so
7f38ce2cd000-7f38ce2ce000 r--p 0002c000 08:02 1442096                    /usr/lib/jvm/java-8-openjdk-amd64/jre/lib/amd64/libjava.so
7f38ce2ce000-7f38ce2d0000 rw-p 0002d000 08:02 1442096                    /usr/lib/jvm/java-8-openjdk-amd64/jre/lib/amd64/libjava.so
7f38ce2d0000-7f38ce2df000 r-xp 00000000 08:02 1446557                    /usr/lib/jvm/java-8-openjdk-amd64/jre/lib/amd64/libverify.so
7f38ce2df000-7f38ce4de000 ---p 0000f000 08:02 1446557                    /usr/lib/jvm/java-8-openjdk-amd64/jre/lib/amd64/libverify.so
7f38ce4de000-7f38ce4e0000 r--p 0000e000 08:02 1446557                    /usr/lib/jvm/java-8-openjdk-amd64/jre/lib/amd64/libverify.so
7f38ce4e0000-7f38ce4e1000 rw-p 00010000 08:02 1446557                    /usr/lib/jvm/java-8-openjdk-amd64/jre/lib/amd64/libverify.so
7f38ce4e1000-7f38ce4e8000 r-xp 00000000 08:02 920560                     /lib/x86_64-linux-gnu/librt-2.24.so
7f38ce4e8000-7f38ce6e7000 ---p 00007000 08:02 920560                     /lib/x86_64-linux-gnu/librt-2.24.so
7f38ce6e7000-7f38ce6e8000 r--p 00006000 08:02 920560                     /lib/x86_64-linux-gnu/librt-2.24.so
7f38ce6e8000-7f38ce6e9000 rw-p 00007000 08:02 920560                     /lib/x86_64-linux-gnu/librt-2.24.so
7f38ce6e9000-7f38ce6ff000 r-xp 00000000 08:02 920845                     /lib/x86_64-linux-gnu/libgcc_s.so.1
7f38ce6ff000-7f38ce8fe000 ---p 00016000 08:02 920845                     /lib/x86_64-linux-gnu/libgcc_s.so.1
7f38ce8fe000-7f38ce8ff000 r--p 00015000 08:02 920845                     /lib/x86_64-linux-gnu/libgcc_s.so.1
7f38ce8ff000-7f38ce900000 rw-p 00016000 08:02 920845                     /lib/x86_64-linux-gnu/libgcc_s.so.1
7f38ce900000-7f38cea08000 r-xp 00000000 08:02 915804                     /lib/x86_64-linux-gnu/libm-2.24.so
7f38cea08000-7f38cec07000 ---p 00108000 08:02 915804                     /lib/x86_64-linux-gnu/libm-2.24.so
7f38cec07000-7f38cec08000 r--p 00107000 08:02 915804                     /lib/x86_64-linux-gnu/libm-2.24.so
7f38cec08000-7f38cec09000 rw-p 00108000 08:02 915804                     /lib/x86_64-linux-gnu/libm-2.24.so
7f38cec09000-7f38ced81000 r-xp 00000000 08:02 1449797                    /usr/lib/x86_64-linux-gnu/libstdc++.so.6.0.22
7f38ced81000-7f38cef81000 ---p 00178000 08:02 1449797                    /usr/lib/x86_64-linux-gnu/libstdc++.so.6.0.22
7f38cef81000-7f38cef8b000 r--p 00178000 08:02 1449797                    /usr/lib/x86_64-linux-gnu/libstdc++.so.6.0.22
7f38cef8b000-7f38cef8d000 rw-p 00182000 08:02 1449797                    /usr/lib/x86_64-linux-gnu/libstdc++.so.6.0.22
7f38cef8d000-7f38cef91000 rw-p 00000000 00:00 0 
7f38cef91000-7f38cfbe5000 r-xp 00000000 08:02 1446578                    /usr/lib/jvm/java-8-openjdk-amd64/jre/lib/amd64/server/libjvm.so
7f38cfbe5000-7f38cfde4000 ---p 00c54000 08:02 1446578                    /usr/lib/jvm/java-8-openjdk-amd64/jre/lib/amd64/server/libjvm.so
7f38cfde4000-7f38cfe77000 r--p 00c53000 08:02 1446578                    /usr/lib/jvm/java-8-openjdk-amd64/jre/lib/amd64/server/libjvm.so
7f38cfe77000-7f38cfea0000 rw-p 00ce6000 08:02 1446578                    /usr/lib/jvm/java-8-openjdk-amd64/jre/lib/amd64/server/libjvm.so
7f38cfea0000-7f38cfed0000 rw-p 00000000 00:00 0 
7f38cfed0000-7f38cfee8000 r-xp 00000000 08:02 920558                     /lib/x86_64-linux-gnu/libpthread-2.24.so
7f38cfee8000-7f38d00e8000 ---p 00018000 08:02 920558                     /lib/x86_64-linux-gnu/libpthread-2.24.so
7f38d00e8000-7f38d00e9000 r--p 00018000 08:02 920558                     /lib/x86_64-linux-gnu/libpthread-2.24.so
7f38d00e9000-7f38d00ea000 rw-p 00019000 08:02 920558                     /lib/x86_64-linux-gnu/libpthread-2.24.so
7f38d00ea000-7f38d00ee000 rw-p 00000000 00:00 0 
7f38d00ee000-7f38d00f1000 r-xp 00000000 08:02 915803                     /lib/x86_64-linux-gnu/libdl-2.24.so
7f38d00f1000-7f38d02f0000 ---p 00003000 08:02 915803                     /lib/x86_64-linux-gnu/libdl-2.24.so
7f38d02f0000-7f38d02f1000 r--p 00002000 08:02 915803                     /lib/x86_64-linux-gnu/libdl-2.24.so
7f38d02f1000-7f38d02f2000 rw-p 00003000 08:02 915803                     /lib/x86_64-linux-gnu/libdl-2.24.so
7f38d02f2000-7f38d030b000 r-xp 00000000 08:02 920987                     /lib/x86_64-linux-gnu/libz.so.1.2.8
7f38d030b000-7f38d050a000 ---p 00019000 08:02 920987                     /lib/x86_64-linux-gnu/libz.so.1.2.8
7f38d050a000-7f38d050b000 r--p 00018000 08:02 920987                     /lib/x86_64-linux-gnu/libz.so.1.2.8
7f38d050b000-7f38d050c000 rw-p 00019000 08:02 920987                     /lib/x86_64-linux-gnu/libz.so.1.2.8
7f38d050c000-7f38d06c9000 r-xp 00000000 08:02 915800                     /lib/x86_64-linux-gnu/libc-2.24.so
7f38d06c9000-7f38d08c9000 ---p 001bd000 08:02 915800                     /lib/x86_64-linux-gnu/libc-2.24.so
7f38d08c9000-7f38d08cd000 r--p 001bd000 08:02 915800                     /lib/x86_64-linux-gnu/libc-2.24.so
7f38d08cd000-7f38d08cf000 rw-p 001c1000 08:02 915800                     /lib/x86_64-linux-gnu/libc-2.24.so
7f38d08cf000-7f38d08d3000 rw-p 00000000 00:00 0 
7f38d08d3000-7f38d08e0000 r-xp 00000000 08:02 1442063                    /usr/lib/jvm/java-8-openjdk-amd64/jre/lib/amd64/jli/libjli.so
7f38d08e0000-7f38d0ae0000 ---p 0000d000 08:02 1442063                    /usr/lib/jvm/java-8-openjdk-amd64/jre/lib/amd64/jli/libjli.so
7f38d0ae0000-7f38d0ae1000 r--p 0000d000 08:02 1442063                    /usr/lib/jvm/java-8-openjdk-amd64/jre/lib/amd64/jli/libjli.so
7f38d0ae1000-7f38d0ae2000 rw-p 0000e000 08:02 1442063                    /usr/lib/jvm/java-8-openjdk-amd64/jre/lib/amd64/jli/libjli.so
7f38d0ae2000-7f38d0b07000 r-xp 00000000 08:02 915796                     /lib/x86_64-linux-gnu/ld-2.24.so
7f38d0b09000-7f38d0be2000 rw-p 00000000 00:00 0 
7f38d0be2000-7f38d0be5000 ---p 00000000 00:00 0 
7f38d0be5000-7f38d0ce7000 rw-p 00000000 00:00 0 
7f38d0ce9000-7f38d0cea000 r--s 0000a000 08:02 1449670                    /usr/lib/jvm/java-8-openjdk-amd64/jre/lib/ext/jaccess.jar
7f38d0cea000-7f38d0ceb000 r--s 00010000 08:02 1457849                    /usr/lib/jvm/java-8-openjdk-amd64/jre/lib/ext/zipfs.jar
7f38d0ceb000-7f38d0ced000 r--s 00001000 08:02 1449373                    /usr/lib/jvm/java-8-openjdk-amd64/jre/lib/ext/dnsns.jar
7f38d0ced000-7f38d0cef000 r--s 00008000 08:02 1457846                    /usr/lib/jvm/java-8-openjdk-amd64/jre/lib/ext/sunec.jar
7f38d0cef000-7f38d0cf9000 r--s 00116000 08:02 1449937                    /usr/lib/jvm/java-8-openjdk-amd64/jre/lib/ext/localedata.jar
7f38d0cf9000-7f38d0d01000 rw-s 00000000 08:02 1571468                    /tmp/hsperfdata_capaldi/5805
7f38d0d01000-7f38d0d02000 rw-p 00000000 00:00 0 
7f38d0d02000-7f38d0d03000 ---p 00000000 00:00 0 
7f38d0d03000-7f38d0d06000 rw-p 00000000 00:00 0 
7f38d0d06000-7f38d0d07000 r--p 00024000 08:02 915796                     /lib/x86_64-linux-gnu/ld-2.24.so
7f38d0d07000-7f38d0d08000 rw-p 00025000 08:02 915796                     /lib/x86_64-linux-gnu/ld-2.24.so
7f38d0d08000-7f38d0d09000 rw-p 00000000 00:00 0 
7ffe559a9000-7ffe559ca000 rw-p 00000000 00:00 0                          [stack]
7ffe559e2000-7ffe559e4000 r--p 00000000 00:00 0                          [vvar]
7ffe559e4000-7ffe559e6000 r-xp 00000000 00:00 0                          [vdso]
ffffffffff600000-ffffffffff601000 r-xp 00000000 00:00 0                  [vsyscall]

VM Arguments:
jvm_args: -Djava.awt.headless=true -Xmx1024M -Dfile.encoding=UTF-8 -Duser.country=FR -Duser.language=fr -Duser.variant 
java_command: com.android.dx.command.Main --dex --force-jumbo --num-threads=4 --multi-dex --output /home/capaldi/Master/M1/Tp_Info/Tp_Prog_Mob/projet_prog_android/ContentProviderResto/app/build/intermediates/transforms/dex/debug/folders/1000/10/com.android.support-appcompat-v7-23.1.1_c0c1b24901d38da273712c8b536f9761cdf9e081 /home/capaldi/Master/M1/Tp_Info/Tp_Prog_Mob/projet_prog_android/ContentProviderResto/app/build/intermediates/exploded-aar/com.android.support/appcompat-v7/23.1.1/jars/classes.jar
java_class_path (initial): /home/capaldi/Android/Sdk/build-tools/23.0.1/lib/dx.jar
Launcher Type: SUN_STANDARD

Environment Variables:
JAVA_HOME=/usr/lib/jvm/java-8-oracle
PATH=/home/capaldi/bin:/home/capaldi/.local/bin:/usr/local/sbin:/usr/local/bin:/usr/sbin:/usr/bin:/sbin:/bin:/usr/games:/usr/local/games:/snap/bin:/usr/lib/jvm/java-8-oracle/bin:/usr/lib/jvm/java-8-oracle/db/bin:/usr/lib/jvm/java-8-oracle/jre/bin
USERNAME=capaldi
LD_LIBRARY_PATH=/opt/android-studio/bin:
SHELL=/bin/bash
DISPLAY=:0

Signal Handlers:
SIGSEGV: [libjvm.so+0xa6b0b0], sa_mask[0]=11111111011111111101111111111110, sa_flags=SA_RESTART|SA_SIGINFO
SIGBUS: [libjvm.so+0xa6b0b0], sa_mask[0]=11111111011111111101111111111110, sa_flags=SA_RESTART|SA_SIGINFO
SIGFPE: [libjvm.so+0x8b5420], sa_mask[0]=11111111011111111101111111111110, sa_flags=SA_RESTART|SA_SIGINFO
SIGPIPE: [libjvm.so+0x8b5420], sa_mask[0]=11111111011111111101111111111110, sa_flags=SA_RESTART|SA_SIGINFO
SIGXFSZ: [libjvm.so+0x8b5420], sa_mask[0]=11111111011111111101111111111110, sa_flags=SA_RESTART|SA_SIGINFO
SIGILL: [libjvm.so+0x8b5420], sa_mask[0]=11111111011111111101111111111110, sa_flags=SA_RESTART|SA_SIGINFO
SIGUSR1: SIG_DFL, sa_mask[0]=00000000000000000000000000000000, sa_flags=none
SIGUSR2: [libjvm.so+0x8b52d0], sa_mask[0]=00100000000000000000000000000000, sa_flags=SA_RESTART|SA_SIGINFO
SIGHUP: [libjvm.so+0x8b5780], sa_mask[0]=11111111011111111101111111111110, sa_flags=SA_RESTART|SA_SIGINFO
SIGINT: [libjvm.so+0x8b5780], sa_mask[0]=11111111011111111101111111111110, sa_flags=SA_RESTART|SA_SIGINFO
SIGTERM: [libjvm.so+0x8b5780], sa_mask[0]=11111111011111111101111111111110, sa_flags=SA_RESTART|SA_SIGINFO
SIGQUIT: [libjvm.so+0x8b5780], sa_mask[0]=11111111011111111101111111111110, sa_flags=SA_RESTART|SA_SIGINFO


---------------  S Y S T E M  ---------------

OS:DISTRIB_ID=Ubuntu
DISTRIB_RELEASE=16.10
DISTRIB_CODENAME=yakkety
DISTRIB_DESCRIPTION="Ubuntu 16.10"

uname:Linux 4.8.0-30-generic #32-Ubuntu SMP Fri Dec 2 03:43:27 UTC 2016 x86_64
libc:glibc 2.24 NPTL 2.24 
rlimit: STACK 8192k, CORE 0k, NPROC 15057, NOFILE 65536, AS infinity
load average:3,58 10,73 6,85

/proc/meminfo:
MemTotal:        3924112 kB
MemFree:          110500 kB
MemAvailable:      20492 kB
Buffers:             928 kB
Cached:           331192 kB
SwapCached:            0 kB
Active:          3323116 kB
Inactive:         312032 kB
Active(anon):    3306532 kB
Inactive(anon):   298244 kB
Active(file):      16584 kB
Inactive(file):    13788 kB
Unevictable:           0 kB
Mlocked:               0 kB
SwapTotal:             0 kB
SwapFree:              0 kB
Dirty:               692 kB
Writeback:             0 kB
AnonPages:       3303460 kB
Mapped:            79652 kB
Shmem:            301480 kB
Slab:              76116 kB
SReclaimable:      34132 kB
SUnreclaim:        41984 kB
KernelStack:       13776 kB
PageTables:        44904 kB
NFS_Unstable:          0 kB
Bounce:                0 kB
WritebackTmp:          0 kB
CommitLimit:     1962056 kB
Committed_AS:    8101832 kB
VmallocTotal:   34359738367 kB
VmallocUsed:           0 kB
VmallocChunk:          0 kB
HardwareCorrupted:     0 kB
AnonHugePages:   1239040 kB
ShmemHugePages:        0 kB
ShmemPmdMapped:        0 kB
CmaTotal:              0 kB
CmaFree:               0 kB
HugePages_Total:       0
HugePages_Free:        0
HugePages_Rsvd:        0
HugePages_Surp:        0
Hugepagesize:       2048 kB
DirectMap4k:      115732 kB
DirectMap2M:     3956736 kB
DirectMap1G:     1048576 kB


CPU:total 4 (2 cores per cpu, 2 threads per core) family 6 model 142 stepping 9, cmov, cx8, fxsr, mmx, sse, sse2, sse3, ssse3, sse4.1, sse4.2, popcnt, avx, avx2, aes, clmul, erms, 3dnowpref, lzcnt, ht, tsc, tscinvbit, bmi1, bmi2, adx

/proc/cpuinfo:
processor	: 0
vendor_id	: GenuineIntel
cpu family	: 6
model		: 142
model name	: Intel(R) Core(TM) i5-7200U CPU @ 2.50GHz
stepping	: 9
microcode	: 0x38
cpu MHz		: 3099.957
cache size	: 3072 KB
physical id	: 0
siblings	: 4
core id		: 0
cpu cores	: 2
apicid		: 0
initial apicid	: 0
fpu		: yes
fpu_exception	: yes
cpuid level	: 22
wp		: yes
flags		: fpu vme de pse tsc msr pae mce cx8 apic sep mtrr pge mca cmov pat pse36 clflush dts acpi mmx fxsr sse sse2 ss ht tm pbe syscall nx pdpe1gb rdtscp lm constant_tsc art arch_perfmon pebs bts rep_good nopl xtopology nonstop_tsc aperfmperf eagerfpu pni pclmulqdq dtes64 monitor ds_cpl vmx est tm2 ssse3 sdbg fma cx16 xtpr pdcm pcid sse4_1 sse4_2 x2apic movbe popcnt tsc_deadline_timer aes xsave avx f16c rdrand lahf_lm abm 3dnowprefetch epb intel_pt tpr_shadow vnmi flexpriority ept vpid fsgsbase tsc_adjust bmi1 avx2 smep bmi2 erms invpcid mpx rdseed adx smap clflushopt xsaveopt xsavec xgetbv1 xsaves dtherm ida arat pln pts hwp hwp_notify hwp_act_window hwp_epp
bugs		:
bogomips	: 5400.00
clflush size	: 64
cache_alignment	: 64
address sizes	: 39 bits physical, 48 bits virtual
power management:

processor	: 1
vendor_id	: GenuineIntel
cpu family	: 6
model		: 142
model name	: Intel(R) Core(TM) i5-7200U CPU @ 2.50GHz
stepping	: 9
microcode	: 0x38
cpu MHz		: 3099.957
cache size	: 3072 KB
physical id	: 0
siblings	: 4
core id		: 1
cpu cores	: 2
apicid		: 2
initial apicid	: 2
fpu		: yes
fpu_exception	: yes
cpuid level	: 22
wp		: yes
flags		: fpu vme de pse tsc msr pae mce cx8 apic sep mtrr pge mca cmov pat pse36 clflush dts acpi mmx fxsr sse sse2 ss ht tm pbe syscall nx pdpe1gb rdtscp lm constant_tsc art arch_perfmon pebs bts rep_good nopl xtopology nonstop_tsc aperfmperf eagerfpu pni pclmulqdq dtes64 monitor ds_cpl vmx est tm2 ssse3 sdbg fma cx16 xtpr pdcm pcid sse4_1 sse4_2 x2apic movbe popcnt tsc_deadline_timer aes xsave avx f16c rdrand lahf_lm abm 3dnowprefetch epb intel_pt tpr_shadow vnmi flexpriority ept vpid fsgsbase tsc_adjust bmi1 avx2 smep bmi2 erms invpcid mpx rdseed adx smap clflushopt xsaveopt xsavec xgetbv1 xsaves dtherm ida arat pln pts hwp hwp_notify hwp_act_window hwp_epp
bugs		:
bogomips	: 5400.00
clflush size	: 64
cache_alignment	: 64
address sizes	: 39 bits physical, 48 bits virtual
power management:

processor	: 2
vendor_id	: GenuineIntel
cpu family	: 6
model		: 142
model name	: Intel(R) Core(TM) i5-7200U CPU @ 2.50GHz
stepping	: 9
microcode	: 0x38
cpu MHz		: 3099.957
cache size	: 3072 KB
physical id	: 0
siblings	: 4
core id		: 0
cpu cores	: 2
apicid		: 1
initial apicid	: 1
fpu		: yes
fpu_exception	: yes
cpuid level	: 22
wp		: yes
flags		: fpu vme de pse tsc msr pae mce cx8 apic sep mtrr pge mca cmov pat pse36 clflush dts acpi mmx fxsr sse sse2 ss ht tm pbe syscall nx pdpe1gb rdtscp lm constant_tsc art arch_perfmon pebs bts rep_good nopl xtopology nonstop_tsc aperfmperf eagerfpu pni pclmulqdq dtes64 monitor ds_cpl vmx est tm2 ssse3 sdbg fma cx16 xtpr pdcm pcid sse4_1 sse4_2 x2apic movbe popcnt tsc_deadline_timer aes xsave avx f16c rdrand lahf_lm abm 3dnowprefetch epb intel_pt tpr_shadow vnmi flexpriority ept vpid fsgsbase tsc_adjust bmi1 avx2 smep bmi2 erms invpcid mpx rdseed adx smap clflushopt xsaveopt xsavec xgetbv1 xsaves dtherm ida arat pln pts hwp hwp_notify hwp_act_window hwp_epp
bugs		:
bogomips	: 5400.00
clflush size	: 64
cache_alignment	: 64
address sizes	: 39 bits physical, 48 bits virtual
power management:

processor	: 3
vendor_id	: GenuineIntel
cpu family	: 6
model		: 142
model name	: Intel(R) Core(TM) i5-7200U CPU @ 2.50GHz
stepping	: 9
microcode	: 0x38
cpu MHz		: 3099.957
cache size	: 3072 KB
physical id	: 0
siblings	: 4
core id		: 1
cpu cores	: 2
apicid		: 3
initial apicid	: 3
fpu		: yes
fpu_exception	: yes
cpuid level	: 22
wp		: yes
flags		: fpu vme de pse tsc msr pae mce cx8 apic sep mtrr pge mca cmov pat pse36 clflush dts acpi mmx fxsr sse sse2 ss ht tm pbe syscall nx pdpe1gb rdtscp lm constant_tsc art arch_perfmon pebs bts rep_good nopl xtopology nonstop_tsc aperfmperf eagerfpu pni pclmulqdq dtes64 monitor ds_cpl vmx est tm2 ssse3 sdbg fma cx16 xtpr pdcm pcid sse4_1 sse4_2 x2apic movbe popcnt tsc_deadline_timer aes xsave avx f16c rdrand lahf_lm abm 3dnowprefetch epb intel_pt tpr_shadow vnmi flexpriority ept vpid fsgsbase tsc_adjust bmi1 avx2 smep bmi2 erms invpcid mpx rdseed adx smap clflushopt xsaveopt xsavec xgetbv1 xsaves dtherm ida arat pln pts hwp hwp_notify hwp_act_window hwp_epp
bugs		:
bogomips	: 5400.00
clflush size	: 64
cache_alignment	: 64
address sizes	: 39 bits physical, 48 bits virtual
power management:



Memory: 4k page, physical 3924112k(110500k free), swap 0k(0k free)

vm_info: OpenJDK 64-Bit Server VM (25.111-b14) for linux-amd64 JRE (1.8.0_111-8u111-b14-2ubuntu0.16.10.2-b14), built on Oct 27 2016 14:16:18 by "buildd" with gcc 6.2.0 20161005

time: Sun Dec 18 23:18:41 2016
elapsed time: 4 seconds (0d 0h 0m 4s)

