#
# There is insufficient memory for the Java Runtime Environment to continue.
# Native memory allocation (mmap) failed to map 141557760 bytes for committing reserved memory.
# Possible reasons:
#   The system is out of physical RAM or swap space
#   In 32 bit mode, the process size limit was hit
# Possible solutions:
#   Reduce memory load on the system
#   Increase physical memory or swap space
#   Check if swap backing store is full
#   Use 64 bit Java on a 64 bit OS
#   Decrease Java heap size (-Xmx/-Xms)
#   Decrease number of Java threads
#   Decrease Java thread stack sizes (-Xss)
#   Set larger code cache with -XX:ReservedCodeCacheSize=
# This output file may be truncated or incomplete.
#
#  Out of Memory Error (os_linux.cpp:2630), pid=4791, tid=0x00007f9bcc138700
#
# JRE version: OpenJDK Runtime Environment (8.0_111-b14) (build 1.8.0_111-8u111-b14-2ubuntu0.16.10.2-b14)
# Java VM: OpenJDK 64-Bit Server VM (25.111-b14 mixed mode linux-amd64 compressed oops)
# Failed to write core dump. Core dumps have been disabled. To enable core dumping, try "ulimit -c unlimited" before starting Java again
#

---------------  T H R E A D  ---------------

Current thread (0x00007f9be0077800):  VMThread [stack: 0x00007f9bcc038000,0x00007f9bcc139000] [id=4824]

Stack: [0x00007f9bcc038000,0x00007f9bcc139000],  sp=0x00007f9bcc1374b0,  free space=1021k
Native frames: (J=compiled Java code, j=interpreted, Vv=VM code, C=native code)
V  [libjvm.so+0xa6a620]  VMError::report_and_die()+0x160
V  [libjvm.so+0x4c4e2c]  report_vm_out_of_memory(char const*, int, unsigned long, VMErrorType, char const*)+0xac
V  [libjvm.so+0x8b9c00]  os::pd_commit_memory(char*, unsigned long, unsigned long, bool)+0xf0
V  [libjvm.so+0x8b428e]  os::commit_memory(char*, unsigned long, unsigned long, bool)+0x2e
V  [libjvm.so+0x92eade]  PSVirtualSpace::expand_by(unsigned long)+0x4e
V  [libjvm.so+0x92fe63]  PSYoungGen::resize(unsigned long, unsigned long)+0x103
V  [libjvm.so+0x92c4b3]  PSScavenge::invoke_no_policy()+0x1503
V  [libjvm.so+0x92c75c]  PSScavenge::invoke()+0x4c
V  [libjvm.so+0x8de0e3]  ParallelScavengeHeap::failed_mem_allocate(unsigned long)+0x63
V  [libjvm.so+0xa6c292]  VM_ParallelGCFailedAllocation::doit()+0x92
V  [libjvm.so+0xa713f7]  VM_Operation::evaluate()+0x47
V  [libjvm.so+0xa6eb87]  VMThread::evaluate_operation(VM_Operation*) [clone .constprop.30]+0xe7
V  [libjvm.so+0xa70006]  VMThread::loop()+0x246
V  [libjvm.so+0xa70501]  VMThread::run()+0x81
V  [libjvm.so+0x8b7192]  java_start(Thread*)+0xf2

VM_Operation (0x00007f9bb72e5e90): ParallelGCFailedAllocation, mode: safepoint, requested by thread 0x00007f9be017b800


---------------  P R O C E S S  ---------------

Java Threads: ( => current thread )
  0x00007f9be017f000 JavaThread "pool-1-thread-4" [_thread_blocked, id=4860, stack(0x00007f9bb6fe5000,0x00007f9bb70e6000)]
  0x00007f9be017d800 JavaThread "pool-1-thread-3" [_thread_blocked, id=4859, stack(0x00007f9bb70e6000,0x00007f9bb71e7000)]
  0x00007f9be017b800 JavaThread "pool-1-thread-2" [_thread_blocked, id=4858, stack(0x00007f9bb71e7000,0x00007f9bb72e8000)]
  0x00007f9be017a000 JavaThread "pool-2-thread-1" [_thread_blocked, id=4857, stack(0x00007f9bb72e8000,0x00007f9bb73e9000)]
  0x00007f9be0178000 JavaThread "pool-1-thread-1" [_thread_blocked, id=4856, stack(0x00007f9bb73e9000,0x00007f9bb74ea000)]
  0x00007f9be00b9800 JavaThread "Service Thread" daemon [_thread_blocked, id=4838, stack(0x00007f9bb761b000,0x00007f9bb771c000)]
  0x00007f9be00b2000 JavaThread "C1 CompilerThread2" daemon [_thread_blocked, id=4837, stack(0x00007f9bb771c000,0x00007f9bb781d000)]
  0x00007f9be00b0800 JavaThread "C2 CompilerThread1" daemon [_thread_blocked, id=4836, stack(0x00007f9bb781d000,0x00007f9bb791e000)]
  0x00007f9be00ad800 JavaThread "C2 CompilerThread0" daemon [_thread_blocked, id=4835, stack(0x00007f9bb791e000,0x00007f9bb7a1f000)]
  0x00007f9be00ab800 JavaThread "Signal Dispatcher" daemon [_thread_blocked, id=4834, stack(0x00007f9bb7a1f000,0x00007f9bb7b20000)]
  0x00007f9be0084000 JavaThread "Finalizer" daemon [_thread_blocked, id=4827, stack(0x00007f9bb7dfe000,0x00007f9bb7eff000)]
  0x00007f9be007f800 JavaThread "Reference Handler" daemon [_thread_blocked, id=4826, stack(0x00007f9bb7eff000,0x00007f9bb8000000)]
  0x00007f9be000a800 JavaThread "main" [_thread_blocked, id=4800, stack(0x00007f9be6de4000,0x00007f9be6ee5000)]

Other Threads:
=>0x00007f9be0077800 VMThread [stack: 0x00007f9bcc038000,0x00007f9bcc139000] [id=4824]
  0x00007f9be00bb800 WatcherThread [stack: 0x00007f9bb751a000,0x00007f9bb761b000] [id=4839]

VM state:at safepoint (normal execution)

VM Mutex/Monitor currently owned by a thread:  ([mutex/lock_event])
[0x00007f9be0006860] Threads_lock - owner thread: 0x00007f9be0077800
[0x00007f9be0006d60] Heap_lock - owner thread: 0x00007f9be017b800

Heap:
 PSYoungGen      total 135168K, used 14322K [0x00000000eab00000, 0x00000000f3f00000, 0x0000000100000000)
  eden space 120832K, 0% used [0x00000000eab00000,0x00000000eab00000,0x00000000f2100000)
  from space 14336K, 99% used [0x00000000f2100000,0x00000000f2efcbb0,0x00000000f2f00000)
  to   space 12288K, 0% used [0x00000000f2f00000,0x00000000f2f00000,0x00000000f3b00000)
 ParOldGen       total 40960K, used 37576K [0x00000000c0000000, 0x00000000c2800000, 0x00000000eab00000)
  object space 40960K, 91% used [0x00000000c0000000,0x00000000c24b22b8,0x00000000c2800000)
 Metaspace       used 6254K, capacity 7160K, committed 7296K, reserved 1056768K
  class space    used 604K, capacity 624K, committed 640K, reserved 1048576K

Card table byte_map: [0x00007f9bd01ff000,0x00007f9bd0400000] byte_map_base: 0x00007f9bcfbff000

Marking Bits: (ParMarkBitMap*) 0x00007f9be60b5220
 Begin Bits: [0x00007f9bcdca5000, 0x00007f9bceca5000)
 End Bits:   [0x00007f9bceca5000, 0x00007f9bcfca5000)

Polling page: 0x00007f9be6f04000

CodeCache: size=245760Kb used=6661Kb max_used=6661Kb free=239098Kb
 bounds [0x00007f9bd07c0000, 0x00007f9bd0e50000, 0x00007f9bdf7c0000]
 total_blobs=1989 nmethods=1721 adapters=182
 compilation: enabled

Compilation events (10 events):
Event: 4,634 Thread 0x00007f9be00b2000 nmethod 1882 0x00007f9bd0e43810 code [0x00007f9bd0e43960, 0x00007f9bd0e43af0]
Event: 4,634 Thread 0x00007f9be00b2000 1883       2       com.android.dx.command.dexer.Main$DirectClassFileConsumer::<init> (20 bytes)
Event: 4,634 Thread 0x00007f9be00b2000 nmethod 1883 0x00007f9bd0e43b90 code [0x00007f9bd0e43ce0, 0x00007f9bd0e43e70]
Event: 4,634 Thread 0x00007f9be00b2000 1884       2       com.android.dx.command.dexer.Main$ClassParserTask::<init> (7 bytes)
Event: 4,635 Thread 0x00007f9be00b2000 nmethod 1884 0x00007f9bd0e43f10 code [0x00007f9bd0e44060, 0x00007f9bd0e441d0]
Event: 4,635 Thread 0x00007f9be00b2000 1880   !   2       com.android.dx.command.dexer.Main::processClass (58 bytes)
Event: 4,635 Thread 0x00007f9be00b2000 nmethod 1880 0x00007f9bd0e44250 code [0x00007f9bd0e44400, 0x00007f9bd0e447b8]
Event: 4,636 Thread 0x00007f9be00b2000 1902       2       com.android.dx.rop.cst.CstLiteral64::equals (36 bytes)
Event: 4,636 Thread 0x00007f9be00b2000 nmethod 1902 0x00007f9bd0e44a10 code [0x00007f9bd0e44b80, 0x00007f9bd0e44d50]
Event: 4,668 Thread 0x00007f9be00b2000 1905       3       com.android.dx.ssa.back.SsaToRop::convertBasicBlocks (151 bytes)

GC Heap History (10 events):
Event: 1,460 GC heap after
Heap after GC invocations=2 (full 0):
 PSYoungGen      total 33280K, used 2535K [0x00000000eab00000, 0x00000000ece00000, 0x0000000100000000)
  eden space 30720K, 0% used [0x00000000eab00000,0x00000000eab00000,0x00000000ec900000)
  from space 2560K, 99% used [0x00000000ecb80000,0x00000000ecdf9c88,0x00000000ece00000)
  to   space 2560K, 0% used [0x00000000ec900000,0x00000000ec900000,0x00000000ecb80000)
 ParOldGen       total 40960K, used 3841K [0x00000000c0000000, 0x00000000c2800000, 0x00000000eab00000)
  object space 40960K, 9% used [0x00000000c0000000,0x00000000c03c05b8,0x00000000c2800000)
 Metaspace       used 5726K, capacity 6768K, committed 7040K, reserved 1056768K
  class space    used 580K, capacity 616K, committed 640K, reserved 1048576K
}
Event: 2,135 GC heap before
{Heap before GC invocations=3 (full 0):
 PSYoungGen      total 33280K, used 33255K [0x00000000eab00000, 0x00000000ece00000, 0x0000000100000000)
  eden space 30720K, 100% used [0x00000000eab00000,0x00000000ec900000,0x00000000ec900000)
  from space 2560K, 99% used [0x00000000ecb80000,0x00000000ecdf9c88,0x00000000ece00000)
  to   space 2560K, 0% used [0x00000000ec900000,0x00000000ec900000,0x00000000ecb80000)
 ParOldGen       total 40960K, used 3841K [0x00000000c0000000, 0x00000000c2800000, 0x00000000eab00000)
  object space 40960K, 9% used [0x00000000c0000000,0x00000000c03c05b8,0x00000000c2800000)
 Metaspace       used 5799K, capacity 6832K, committed 7040K, reserved 1056768K
  class space    used 585K, capacity 616K, committed 640K, reserved 1048576K
Event: 2,162 GC heap after
Heap after GC invocations=3 (full 0):
 PSYoungGen      total 33280K, used 2528K [0x00000000eab00000, 0x00000000eec00000, 0x0000000100000000)
  eden space 30720K, 0% used [0x00000000eab00000,0x00000000eab00000,0x00000000ec900000)
  from space 2560K, 98% used [0x00000000ec900000,0x00000000ecb78048,0x00000000ecb80000)
  to   space 2560K, 0% used [0x00000000ee980000,0x00000000ee980000,0x00000000eec00000)
 ParOldGen       total 40960K, used 8976K [0x00000000c0000000, 0x00000000c2800000, 0x00000000eab00000)
  object space 40960K, 21% used [0x00000000c0000000,0x00000000c08c4178,0x00000000c2800000)
 Metaspace       used 5799K, capacity 6832K, committed 7040K, reserved 1056768K
  class space    used 585K, capacity 616K, committed 640K, reserved 1048576K
}
Event: 2,537 GC heap before
{Heap before GC invocations=4 (full 0):
 PSYoungGen      total 33280K, used 33248K [0x00000000eab00000, 0x00000000eec00000, 0x0000000100000000)
  eden space 30720K, 100% used [0x00000000eab00000,0x00000000ec900000,0x00000000ec900000)
  from space 2560K, 98% used [0x00000000ec900000,0x00000000ecb78048,0x00000000ecb80000)
  to   space 2560K, 0% used [0x00000000ee980000,0x00000000ee980000,0x00000000eec00000)
 ParOldGen       total 40960K, used 8976K [0x00000000c0000000, 0x00000000c2800000, 0x00000000eab00000)
  object space 40960K, 21% used [0x00000000c0000000,0x00000000c08c4178,0x00000000c2800000)
 Metaspace       used 5884K, capacity 6896K, committed 7040K, reserved 1056768K
  class space    used 585K, capacity 616K, committed 640K, reserved 1048576K
Event: 2,582 GC heap after
Heap after GC invocations=4 (full 0):
 PSYoungGen      total 64000K, used 2544K [0x00000000eab00000, 0x00000000eec00000, 0x0000000100000000)
  eden space 61440K, 0% used [0x00000000eab00000,0x00000000eab00000,0x00000000ee700000)
  from space 2560K, 99% used [0x00000000ee980000,0x00000000eebfc3b0,0x00000000eec00000)
  to   space 2560K, 0% used [0x00000000ee700000,0x00000000ee700000,0x00000000ee980000)
 ParOldGen       total 40960K, used 13989K [0x00000000c0000000, 0x00000000c2800000, 0x00000000eab00000)
  object space 40960K, 34% used [0x00000000c0000000,0x00000000c0da9700,0x00000000c2800000)
 Metaspace       used 5884K, capacity 6896K, committed 7040K, reserved 1056768K
  class space    used 585K, capacity 616K, committed 640K, reserved 1048576K
}
Event: 3,266 GC heap before
{Heap before GC invocations=5 (full 0):
 PSYoungGen      total 64000K, used 63984K [0x00000000eab00000, 0x00000000eec00000, 0x0000000100000000)
  eden space 61440K, 100% used [0x00000000eab00000,0x00000000ee700000,0x00000000ee700000)
  from space 2560K, 99% used [0x00000000ee980000,0x00000000eebfc3b0,0x00000000eec00000)
  to   space 2560K, 0% used [0x00000000ee700000,0x00000000ee700000,0x00000000ee980000)
 ParOldGen       total 40960K, used 13989K [0x00000000c0000000, 0x00000000c2800000, 0x00000000eab00000)
  object space 40960K, 34% used [0x00000000c0000000,0x00000000c0da9700,0x00000000c2800000)
 Metaspace       used 5897K, capacity 6896K, committed 7040K, reserved 1056768K
  class space    used 585K, capacity 616K, committed 640K, reserved 1048576K
Event: 3,303 GC heap after
Heap after GC invocations=5 (full 0):
 PSYoungGen      total 64000K, used 2531K [0x00000000eab00000, 0x00000000f3b00000, 0x0000000100000000)
  eden space 61440K, 0% used [0x00000000eab00000,0x00000000eab00000,0x00000000ee700000)
  from space 2560K, 98% used [0x00000000ee700000,0x00000000ee978f90,0x00000000ee980000)
  to   space 12288K, 0% used [0x00000000f2f00000,0x00000000f2f00000,0x00000000f3b00000)
 ParOldGen       total 40960K, used 22907K [0x00000000c0000000, 0x00000000c2800000, 0x00000000eab00000)
  object space 40960K, 55% used [0x00000000c0000000,0x00000000c165edd0,0x00000000c2800000)
 Metaspace       used 5897K, capacity 6896K, committed 7040K, reserved 1056768K
  class space    used 585K, capacity 616K, committed 640K, reserved 1048576K
}
Event: 3,721 GC heap before
{Heap before GC invocations=6 (full 0):
 PSYoungGen      total 64000K, used 63971K [0x00000000eab00000, 0x00000000f3b00000, 0x0000000100000000)
  eden space 61440K, 100% used [0x00000000eab00000,0x00000000ee700000,0x00000000ee700000)
  from space 2560K, 98% used [0x00000000ee700000,0x00000000ee978f90,0x00000000ee980000)
  to   space 12288K, 0% used [0x00000000f2f00000,0x00000000f2f00000,0x00000000f3b00000)
 ParOldGen       total 40960K, used 22907K [0x00000000c0000000, 0x00000000c2800000, 0x00000000eab00000)
  object space 40960K, 55% used [0x00000000c0000000,0x00000000c165edd0,0x00000000c2800000)
 Metaspace       used 5959K, capacity 6960K, committed 7040K, reserved 1056768K
  class space    used 585K, capacity 616K, committed 640K, reserved 1048576K
Event: 3,819 GC heap after
Heap after GC invocations=6 (full 0):
 PSYoungGen      total 133120K, used 12278K [0x00000000eab00000, 0x00000000f3f00000, 0x0000000100000000)
  eden space 120832K, 0% used [0x00000000eab00000,0x00000000eab00000,0x00000000f2100000)
  from space 12288K, 99% used [0x00000000f2f00000,0x00000000f3afdaf0,0x00000000f3b00000)
  to   space 14336K, 0% used [0x00000000f2100000,0x00000000f2100000,0x00000000f2f00000)
 ParOldGen       total 40960K, used 22937K [0x00000000c0000000, 0x00000000c2800000, 0x00000000eab00000)
  object space 40960K, 55% used [0x00000000c0000000,0x00000000c1666580,0x00000000c2800000)
 Metaspace       used 5959K, capacity 6960K, committed 7040K, reserved 1056768K
  class space    used 585K, capacity 616K, committed 640K, reserved 1048576K
}
Event: 4,693 GC heap before
{Heap before GC invocations=7 (full 0):
 PSYoungGen      total 133120K, used 133110K [0x00000000eab00000, 0x00000000f3f00000, 0x0000000100000000)
  eden space 120832K, 100% used [0x00000000eab00000,0x00000000f2100000,0x00000000f2100000)
  from space 12288K, 99% used [0x00000000f2f00000,0x00000000f3afdaf0,0x00000000f3b00000)
  to   space 14336K, 0% used [0x00000000f2100000,0x00000000f2100000,0x00000000f2f00000)
 ParOldGen       total 40960K, used 22937K [0x00000000c0000000, 0x00000000c2800000, 0x00000000eab00000)
  object space 40960K, 55% used [0x00000000c0000000,0x00000000c1666580,0x00000000c2800000)
 Metaspace       used 6254K, capacity 7160K, committed 7296K, reserved 1056768K
  class space    used 604K, capacity 624K, committed 640K, reserved 1048576K

Deoptimization events (10 events):
Event: 1,461 Thread 0x00007f9be017f000 Uncommon trap: reason=null_check action=make_not_entrant pc=0x00007f9bd0a316cc method=com.android.dx.ssa.SsaRenamer.getLocalForNewReg(I)Lcom/android/dx/rop/code/LocalItem; @ 19
Event: 1,539 Thread 0x00007f9be0178000 Uncommon trap: reason=unstable_if action=reinterpret pc=0x00007f9bd098c4c0 method=java.lang.String.replace(CC)Ljava/lang/String; @ 26
Event: 1,715 Thread 0x00007f9be0178000 Uncommon trap: reason=bimorphic action=maybe_recompile pc=0x00007f9bd0a523e0 method=java.util.HashMap.getNode(ILjava/lang/Object;)Ljava/util/HashMap$Node; @ 126
Event: 3,230 Thread 0x00007f9be017d800 Uncommon trap: reason=null_check action=make_not_entrant pc=0x00007f9bd0bb5e68 method=com.android.dx.rop.type.Type.equals(Ljava/lang/Object;)Z @ 8
Event: 3,431 Thread 0x00007f9be000a800 Uncommon trap: reason=bimorphic action=maybe_recompile pc=0x00007f9bd0a523e0 method=java.util.HashMap.getNode(ILjava/lang/Object;)Ljava/util/HashMap$Node; @ 126
Event: 3,431 Thread 0x00007f9be000a800 Uncommon trap: reason=unstable_if action=reinterpret pc=0x00007f9bd0ca00c8 method=java.util.HashMap.putVal(ILjava/lang/Object;Ljava/lang/Object;ZZ)Ljava/lang/Object; @ 206
Event: 3,443 Thread 0x00007f9be017f000 Uncommon trap: reason=bimorphic action=maybe_recompile pc=0x00007f9bd0a523e0 method=java.util.HashMap.getNode(ILjava/lang/Object;)Ljava/util/HashMap$Node; @ 126
Event: 3,697 Thread 0x00007f9be017d800 Uncommon trap: reason=bimorphic action=maybe_recompile pc=0x00007f9bd0a523e0 method=java.util.HashMap.getNode(ILjava/lang/Object;)Ljava/util/HashMap$Node; @ 126
Event: 4,510 Thread 0x00007f9be017d800 Uncommon trap: reason=unstable_if action=reinterpret pc=0x00007f9bd0a9fbac method=java.util.HashMap.putVal(ILjava/lang/Object;Ljava/lang/Object;ZZ)Ljava/lang/Object; @ 162
Event: 4,514 Thread 0x00007f9be017d800 Uncommon trap: reason=unstable_if action=reinterpret pc=0x00007f9bd0d44188 method=java.util.HashMap.getNode(ILjava/lang/Object;)Ljava/util/HashMap$Node; @ 84

Internal exceptions (8 events):
Event: 0,023 Thread 0x00007f9be000a800 Exception <a 'java/lang/NoSuchMethodError': Method sun.misc.Unsafe.defineClass(Ljava/lang/String;[BII)Ljava/lang/Class; name or signature does not match> (0x00000000eab07c78) thrown at [/build/openjdk-8-jhKD9R/openjdk-8-8u111-b14/src/hotspot/src/share/vm/
Event: 0,023 Thread 0x00007f9be000a800 Exception <a 'java/lang/NoSuchMethodError': Method sun.misc.Unsafe.prefetchRead(Ljava/lang/Object;J)V name or signature does not match> (0x00000000eab07f60) thrown at [/build/openjdk-8-jhKD9R/openjdk-8-8u111-b14/src/hotspot/src/share/vm/prims/jni.cpp, lin
Event: 1,461 Thread 0x00007f9be017f000 Implicit null exception at 0x00007f9bd0a71038 to 0x00007f9bd0a7351d
Event: 1,461 Thread 0x00007f9be017f000 Implicit null exception at 0x00007f9bd0a2f14d to 0x00007f9bd0a316ad
Event: 3,230 Thread 0x00007f9be017d800 Implicit null exception at 0x00007f9bd0bb5d62 to 0x00007f9bd0bb5e5b
Event: 4,511 Thread 0x00007f9be017d800 Exception <a 'java/lang/ArrayIndexOutOfBoundsException': 18> (0x00000000f05a4c78) thrown at [/build/openjdk-8-jhKD9R/openjdk-8-8u111-b14/src/hotspot/src/share/vm/interpreter/interpreterRuntime.cpp, line 366]
Event: 4,511 Thread 0x00007f9be017d800 Exception <a 'java/lang/ArrayIndexOutOfBoundsException': 145> (0x00000000f05a67f8) thrown at [/build/openjdk-8-jhKD9R/openjdk-8-8u111-b14/src/hotspot/src/share/vm/interpreter/interpreterRuntime.cpp, line 366]
Event: 4,512 Thread 0x00007f9be017d800 Exception <a 'java/lang/ArrayIndexOutOfBoundsException': 40> (0x00000000f05a7ae0) thrown at [/build/openjdk-8-jhKD9R/openjdk-8-8u111-b14/src/hotspot/src/share/vm/interpreter/interpreterRuntime.cpp, line 366]

Events (10 events):
Event: 4,514 Thread 0x00007f9be017d800 DEOPT UNPACKING pc=0x00007f9bd07c4f69 sp=0x00007f9bb71e44b8 mode 2
Event: 4,640 Thread 0x00007f9be017d800 DEOPT PACKING pc=0x00007f9bd0cd3513 sp=0x00007f9bb71e5040
Event: 4,640 Thread 0x00007f9be017d800 DEOPT UNPACKING pc=0x00007f9bd0807373 sp=0x00007f9bb71e4e10 mode 0
Event: 4,659 Thread 0x00007f9be000a800 DEOPT PACKING pc=0x00007f9bd0d3ba83 sp=0x00007f9be6ee2b10
Event: 4,659 Thread 0x00007f9be000a800 DEOPT UNPACKING pc=0x00007f9bd0807373 sp=0x00007f9be6ee2880 mode 0
Event: 4,661 Thread 0x00007f9be000a800 DEOPT PACKING pc=0x00007f9bd0d3acec sp=0x00007f9be6ee28b0
Event: 4,661 Thread 0x00007f9be000a800 DEOPT UNPACKING pc=0x00007f9bd0807373 sp=0x00007f9be6ee2698 mode 0
Event: 4,661 Thread 0x00007f9be000a800 DEOPT PACKING pc=0x00007f9bd0d0d3ad sp=0x00007f9be6ee2a20
Event: 4,661 Thread 0x00007f9be000a800 DEOPT UNPACKING pc=0x00007f9bd0807373 sp=0x00007f9be6ee2778 mode 0
Event: 4,678 Executing VM operation: ParallelGCFailedAllocation


Dynamic libraries:
c0000000-c2800000 rw-p 00000000 00:00 0 
c2800000-eab00000 ---p 00000000 00:00 0 
eab00000-f3f00000 rw-p 00000000 00:00 0 
fc600000-100000000 ---p 00000000 00:00 0 
100000000-1000a0000 rw-p 00000000 00:00 0 
1000a0000-140000000 ---p 00000000 00:00 0 
55773bbc2000-55773bbc3000 r-xp 00000000 08:02 1442050                    /usr/lib/jvm/java-8-openjdk-amd64/jre/bin/java
55773bdc2000-55773bdc3000 r--p 00000000 08:02 1442050                    /usr/lib/jvm/java-8-openjdk-amd64/jre/bin/java
55773bdc3000-55773bdc4000 rw-p 00001000 08:02 1442050                    /usr/lib/jvm/java-8-openjdk-amd64/jre/bin/java
55773d88f000-55773d8b0000 rw-p 00000000 00:00 0                          [heap]
7f9b80000000-7f9b80021000 rw-p 00000000 00:00 0 
7f9b80021000-7f9b84000000 ---p 00000000 00:00 0 
7f9b84000000-7f9b84039000 rw-p 00000000 00:00 0 
7f9b84039000-7f9b88000000 ---p 00000000 00:00 0 
7f9b88000000-7f9b88021000 rw-p 00000000 00:00 0 
7f9b88021000-7f9b8c000000 ---p 00000000 00:00 0 
7f9b8c000000-7f9b8c021000 rw-p 00000000 00:00 0 
7f9b8c021000-7f9b90000000 ---p 00000000 00:00 0 
7f9b90000000-7f9b90021000 rw-p 00000000 00:00 0 
7f9b90021000-7f9b94000000 ---p 00000000 00:00 0 
7f9b94000000-7f9b9403f000 rw-p 00000000 00:00 0 
7f9b9403f000-7f9b98000000 ---p 00000000 00:00 0 
7f9b98000000-7f9b98839000 rw-p 00000000 00:00 0 
7f9b98839000-7f9b9c000000 ---p 00000000 00:00 0 
7f9b9c000000-7f9b9c021000 rw-p 00000000 00:00 0 
7f9b9c021000-7f9ba0000000 ---p 00000000 00:00 0 
7f9ba0000000-7f9ba0903000 rw-p 00000000 00:00 0 
7f9ba0903000-7f9ba4000000 ---p 00000000 00:00 0 
7f9ba4000000-7f9ba468f000 rw-p 00000000 00:00 0 
7f9ba468f000-7f9ba8000000 ---p 00000000 00:00 0 
7f9ba8000000-7f9ba8021000 rw-p 00000000 00:00 0 
7f9ba8021000-7f9bac000000 ---p 00000000 00:00 0 
7f9bac000000-7f9bac021000 rw-p 00000000 00:00 0 
7f9bac021000-7f9bb0000000 ---p 00000000 00:00 0 
7f9bb0000000-7f9bb0021000 rw-p 00000000 00:00 0 
7f9bb0021000-7f9bb4000000 ---p 00000000 00:00 0 
7f9bb6fb8000-7f9bb6fbf000 r--s 00000000 08:02 1717449                    /usr/lib/x86_64-linux-gnu/gconv/gconv-modules.cache
7f9bb6fbf000-7f9bb6fe5000 r--p 00000000 08:02 1969241                    /usr/share/locale-langpack/fr/LC_MESSAGES/libc.mo
7f9bb6fe5000-7f9bb6fe8000 ---p 00000000 00:00 0 
7f9bb6fe8000-7f9bb70e6000 rw-p 00000000 00:00 0 
7f9bb70e6000-7f9bb70e9000 ---p 00000000 00:00 0 
7f9bb70e9000-7f9bb71e7000 rw-p 00000000 00:00 0 
7f9bb71e7000-7f9bb71ea000 ---p 00000000 00:00 0 
7f9bb71ea000-7f9bb72e8000 rw-p 00000000 00:00 0 
7f9bb72e8000-7f9bb72eb000 ---p 00000000 00:00 0 
7f9bb72eb000-7f9bb73e9000 rw-p 00000000 00:00 0 
7f9bb73e9000-7f9bb73ec000 ---p 00000000 00:00 0 
7f9bb73ec000-7f9bb74ea000 rw-p 00000000 00:00 0 
7f9bb74ea000-7f9bb74ff000 r--s 000e5000 08:03 793639                     /home/capaldi/Master/M1/Tp_Info/Tp_Prog_Mob/projet_prog_android/ContentProviderResto/app/build/intermediates/exploded-aar/com.android.support/support-v4/23.1.1/jars/classes.jar
7f9bb74ff000-7f9bb751a000 r--s 00394000 08:02 1448895                    /usr/lib/jvm/java-8-openjdk-amd64/jre/lib/ext/cldrdata.jar
7f9bb751a000-7f9bb751b000 ---p 00000000 00:00 0 
7f9bb751b000-7f9bb761b000 rw-p 00000000 00:00 0 
7f9bb761b000-7f9bb761e000 ---p 00000000 00:00 0 
7f9bb761e000-7f9bb771c000 rw-p 00000000 00:00 0 
7f9bb771c000-7f9bb771f000 ---p 00000000 00:00 0 
7f9bb771f000-7f9bb781d000 rw-p 00000000 00:00 0 
7f9bb781d000-7f9bb7820000 ---p 00000000 00:00 0 
7f9bb7820000-7f9bb791e000 rw-p 00000000 00:00 0 
7f9bb791e000-7f9bb7921000 ---p 00000000 00:00 0 
7f9bb7921000-7f9bb7a1f000 rw-p 00000000 00:00 0 
7f9bb7a1f000-7f9bb7a22000 ---p 00000000 00:00 0 
7f9bb7a22000-7f9bb7b20000 rw-p 00000000 00:00 0 
7f9bb7b20000-7f9bb7dfe000 r--p 00000000 08:02 1443208                    /usr/lib/locale/locale-archive
7f9bb7dfe000-7f9bb7e01000 ---p 00000000 00:00 0 
7f9bb7e01000-7f9bb7eff000 rw-p 00000000 00:00 0 
7f9bb7eff000-7f9bb7f02000 ---p 00000000 00:00 0 
7f9bb7f02000-7f9bb8000000 rw-p 00000000 00:00 0 
7f9bb8000000-7f9bb8021000 rw-p 00000000 00:00 0 
7f9bb8021000-7f9bbc000000 ---p 00000000 00:00 0 
7f9bbc000000-7f9bbc279000 rw-p 00000000 00:00 0 
7f9bbc279000-7f9bc0000000 ---p 00000000 00:00 0 
7f9bc0000000-7f9bc0021000 rw-p 00000000 00:00 0 
7f9bc0021000-7f9bc4000000 ---p 00000000 00:00 0 
7f9bc4000000-7f9bc4021000 rw-p 00000000 00:00 0 
7f9bc4021000-7f9bc8000000 ---p 00000000 00:00 0 
7f9bc8000000-7f9bc8021000 rw-p 00000000 00:00 0 
7f9bc8021000-7f9bcc000000 ---p 00000000 00:00 0 
7f9bcc005000-7f9bcc014000 r--s 000df000 08:03 3682082                    /home/capaldi/Android/Sdk/build-tools/23.0.1/lib/dx.jar
7f9bcc014000-7f9bcc018000 r--s 00037000 08:02 1457848                    /usr/lib/jvm/java-8-openjdk-amd64/jre/lib/ext/sunpkcs11.jar
7f9bcc018000-7f9bcc01d000 r--s 0003b000 08:02 1457847                    /usr/lib/jvm/java-8-openjdk-amd64/jre/lib/ext/sunjce_provider.jar
7f9bcc01d000-7f9bcc038000 r--s 001d5000 08:02 1450299                    /usr/lib/jvm/java-8-openjdk-amd64/jre/lib/ext/nashorn.jar
7f9bcc038000-7f9bcc039000 ---p 00000000 00:00 0 
7f9bcc039000-7f9bcd0d7000 rw-p 00000000 00:00 0 
7f9bcd0d7000-7f9bcd2a5000 r--s 03bf1000 08:02 1457869                    /usr/lib/jvm/java-8-openjdk-amd64/jre/lib/rt.jar
7f9bcd2a5000-7f9bcd925000 rw-p 00000000 00:00 0 
7f9bcd925000-7f9bcdaa5000 ---p 00000000 00:00 0 
7f9bcdaa5000-7f9bcfca5000 rw-p 00000000 00:00 0 
7f9bcfca5000-7f9bcfca6000 ---p 00000000 00:00 0 
7f9bcfca6000-7f9bcfda6000 rw-p 00000000 00:00 0 
7f9bcfda6000-7f9bcfda7000 ---p 00000000 00:00 0 
7f9bcfda7000-7f9bcfea7000 rw-p 00000000 00:00 0 
7f9bcfea7000-7f9bcfea8000 ---p 00000000 00:00 0 
7f9bcfea8000-7f9bcffa8000 rw-p 00000000 00:00 0 
7f9bcffa8000-7f9bcffa9000 ---p 00000000 00:00 0 
7f9bcffa9000-7f9bd00bd000 rw-p 00000000 00:00 0 
7f9bd00bd000-7f9bd01ff000 ---p 00000000 00:00 0 
7f9bd01ff000-7f9bd0213000 rw-p 00000000 00:00 0 
7f9bd0213000-7f9bd0354000 ---p 00000000 00:00 0 
7f9bd0354000-7f9bd039f000 rw-p 00000000 00:00 0 
7f9bd039f000-7f9bd03ff000 ---p 00000000 00:00 0 
7f9bd03ff000-7f9bd041b000 rw-p 00000000 00:00 0 
7f9bd041b000-7f9bd07c0000 ---p 00000000 00:00 0 
7f9bd07c0000-7f9bd0e50000 rwxp 00000000 00:00 0 
7f9bd0e50000-7f9bdf7c0000 ---p 00000000 00:00 0 
7f9bdf7c0000-7f9bdf7c8000 r-xp 00000000 08:02 1446563                    /usr/lib/jvm/java-8-openjdk-amd64/jre/lib/amd64/libzip.so
7f9bdf7c8000-7f9bdf9c7000 ---p 00008000 08:02 1446563                    /usr/lib/jvm/java-8-openjdk-amd64/jre/lib/amd64/libzip.so
7f9bdf9c7000-7f9bdf9c8000 r--p 00007000 08:02 1446563                    /usr/lib/jvm/java-8-openjdk-amd64/jre/lib/amd64/libzip.so
7f9bdf9c8000-7f9bdf9c9000 rw-p 00008000 08:02 1446563                    /usr/lib/jvm/java-8-openjdk-amd64/jre/lib/amd64/libzip.so
7f9bdf9c9000-7f9bdf9d4000 r-xp 00000000 08:02 920553                     /lib/x86_64-linux-gnu/libnss_files-2.24.so
7f9bdf9d4000-7f9bdfbd3000 ---p 0000b000 08:02 920553                     /lib/x86_64-linux-gnu/libnss_files-2.24.so
7f9bdfbd3000-7f9bdfbd4000 r--p 0000a000 08:02 920553                     /lib/x86_64-linux-gnu/libnss_files-2.24.so
7f9bdfbd4000-7f9bdfbd5000 rw-p 0000b000 08:02 920553                     /lib/x86_64-linux-gnu/libnss_files-2.24.so
7f9bdfbd5000-7f9bdfbdb000 rw-p 00000000 00:00 0 
7f9bdfbdb000-7f9bdfbe6000 r-xp 00000000 08:02 920555                     /lib/x86_64-linux-gnu/libnss_nis-2.24.so
7f9bdfbe6000-7f9bdfde5000 ---p 0000b000 08:02 920555                     /lib/x86_64-linux-gnu/libnss_nis-2.24.so
7f9bdfde5000-7f9bdfde6000 r--p 0000a000 08:02 920555                     /lib/x86_64-linux-gnu/libnss_nis-2.24.so
7f9bdfde6000-7f9bdfde7000 rw-p 0000b000 08:02 920555                     /lib/x86_64-linux-gnu/libnss_nis-2.24.so
7f9bdfde7000-7f9bdfdfd000 r-xp 00000000 08:02 915807                     /lib/x86_64-linux-gnu/libnsl-2.24.so
7f9bdfdfd000-7f9bdfffc000 ---p 00016000 08:02 915807                     /lib/x86_64-linux-gnu/libnsl-2.24.so
7f9bdfffc000-7f9bdfffd000 r--p 00015000 08:02 915807                     /lib/x86_64-linux-gnu/libnsl-2.24.so
7f9bdfffd000-7f9bdfffe000 rw-p 00016000 08:02 915807                     /lib/x86_64-linux-gnu/libnsl-2.24.so
7f9bdfffe000-7f9be0000000 rw-p 00000000 00:00 0 
7f9be0000000-7f9be03b9000 rw-p 00000000 00:00 0 
7f9be03b9000-7f9be4000000 ---p 00000000 00:00 0 
7f9be4000000-7f9be4003000 r--s 0000f000 08:02 1449666                    /usr/lib/jvm/java-8-openjdk-amd64/jre/lib/ext/icedtea-sound.jar
7f9be4003000-7f9be409a000 rw-p 00000000 00:00 0 
7f9be409a000-7f9be40a2000 r-xp 00000000 08:02 915808                     /lib/x86_64-linux-gnu/libnss_compat-2.24.so
7f9be40a2000-7f9be42a1000 ---p 00008000 08:02 915808                     /lib/x86_64-linux-gnu/libnss_compat-2.24.so
7f9be42a1000-7f9be42a2000 r--p 00007000 08:02 915808                     /lib/x86_64-linux-gnu/libnss_compat-2.24.so
7f9be42a2000-7f9be42a3000 rw-p 00008000 08:02 915808                     /lib/x86_64-linux-gnu/libnss_compat-2.24.so
7f9be42a3000-7f9be42d0000 r-xp 00000000 08:02 1442096                    /usr/lib/jvm/java-8-openjdk-amd64/jre/lib/amd64/libjava.so
7f9be42d0000-7f9be44cf000 ---p 0002d000 08:02 1442096                    /usr/lib/jvm/java-8-openjdk-amd64/jre/lib/amd64/libjava.so
7f9be44cf000-7f9be44d0000 r--p 0002c000 08:02 1442096                    /usr/lib/jvm/java-8-openjdk-amd64/jre/lib/amd64/libjava.so
7f9be44d0000-7f9be44d2000 rw-p 0002d000 08:02 1442096                    /usr/lib/jvm/java-8-openjdk-amd64/jre/lib/amd64/libjava.so
7f9be44d2000-7f9be44e1000 r-xp 00000000 08:02 1446557                    /usr/lib/jvm/java-8-openjdk-amd64/jre/lib/amd64/libverify.so
7f9be44e1000-7f9be46e0000 ---p 0000f000 08:02 1446557                    /usr/lib/jvm/java-8-openjdk-amd64/jre/lib/amd64/libverify.so
7f9be46e0000-7f9be46e2000 r--p 0000e000 08:02 1446557                    /usr/lib/jvm/java-8-openjdk-amd64/jre/lib/amd64/libverify.so
7f9be46e2000-7f9be46e3000 rw-p 00010000 08:02 1446557                    /usr/lib/jvm/java-8-openjdk-amd64/jre/lib/amd64/libverify.so
7f9be46e3000-7f9be46ea000 r-xp 00000000 08:02 920560                     /lib/x86_64-linux-gnu/librt-2.24.so
7f9be46ea000-7f9be48e9000 ---p 00007000 08:02 920560                     /lib/x86_64-linux-gnu/librt-2.24.so
7f9be48e9000-7f9be48ea000 r--p 00006000 08:02 920560                     /lib/x86_64-linux-gnu/librt-2.24.so
7f9be48ea000-7f9be48eb000 rw-p 00007000 08:02 920560                     /lib/x86_64-linux-gnu/librt-2.24.so
7f9be48eb000-7f9be4901000 r-xp 00000000 08:02 920845                     /lib/x86_64-linux-gnu/libgcc_s.so.1
7f9be4901000-7f9be4b00000 ---p 00016000 08:02 920845                     /lib/x86_64-linux-gnu/libgcc_s.so.1
7f9be4b00000-7f9be4b01000 r--p 00015000 08:02 920845                     /lib/x86_64-linux-gnu/libgcc_s.so.1
7f9be4b01000-7f9be4b02000 rw-p 00016000 08:02 920845                     /lib/x86_64-linux-gnu/libgcc_s.so.1
7f9be4b02000-7f9be4c0a000 r-xp 00000000 08:02 915804                     /lib/x86_64-linux-gnu/libm-2.24.so
7f9be4c0a000-7f9be4e09000 ---p 00108000 08:02 915804                     /lib/x86_64-linux-gnu/libm-2.24.so
7f9be4e09000-7f9be4e0a000 r--p 00107000 08:02 915804                     /lib/x86_64-linux-gnu/libm-2.24.so
7f9be4e0a000-7f9be4e0b000 rw-p 00108000 08:02 915804                     /lib/x86_64-linux-gnu/libm-2.24.so
7f9be4e0b000-7f9be4f83000 r-xp 00000000 08:02 1449797                    /usr/lib/x86_64-linux-gnu/libstdc++.so.6.0.22
7f9be4f83000-7f9be5183000 ---p 00178000 08:02 1449797                    /usr/lib/x86_64-linux-gnu/libstdc++.so.6.0.22
7f9be5183000-7f9be518d000 r--p 00178000 08:02 1449797                    /usr/lib/x86_64-linux-gnu/libstdc++.so.6.0.22
7f9be518d000-7f9be518f000 rw-p 00182000 08:02 1449797                    /usr/lib/x86_64-linux-gnu/libstdc++.so.6.0.22
7f9be518f000-7f9be5193000 rw-p 00000000 00:00 0 
7f9be5193000-7f9be5de7000 r-xp 00000000 08:02 1446578                    /usr/lib/jvm/java-8-openjdk-amd64/jre/lib/amd64/server/libjvm.so
7f9be5de7000-7f9be5fe6000 ---p 00c54000 08:02 1446578                    /usr/lib/jvm/java-8-openjdk-amd64/jre/lib/amd64/server/libjvm.so
7f9be5fe6000-7f9be6079000 r--p 00c53000 08:02 1446578                    /usr/lib/jvm/java-8-openjdk-amd64/jre/lib/amd64/server/libjvm.so
7f9be6079000-7f9be60a2000 rw-p 00ce6000 08:02 1446578                    /usr/lib/jvm/java-8-openjdk-amd64/jre/lib/amd64/server/libjvm.so
7f9be60a2000-7f9be60d2000 rw-p 00000000 00:00 0 
7f9be60d2000-7f9be60ea000 r-xp 00000000 08:02 920558                     /lib/x86_64-linux-gnu/libpthread-2.24.so
7f9be60ea000-7f9be62ea000 ---p 00018000 08:02 920558                     /lib/x86_64-linux-gnu/libpthread-2.24.so
7f9be62ea000-7f9be62eb000 r--p 00018000 08:02 920558                     /lib/x86_64-linux-gnu/libpthread-2.24.so
7f9be62eb000-7f9be62ec000 rw-p 00019000 08:02 920558                     /lib/x86_64-linux-gnu/libpthread-2.24.so
7f9be62ec000-7f9be62f0000 rw-p 00000000 00:00 0 
7f9be62f0000-7f9be62f3000 r-xp 00000000 08:02 915803                     /lib/x86_64-linux-gnu/libdl-2.24.so
7f9be62f3000-7f9be64f2000 ---p 00003000 08:02 915803                     /lib/x86_64-linux-gnu/libdl-2.24.so
7f9be64f2000-7f9be64f3000 r--p 00002000 08:02 915803                     /lib/x86_64-linux-gnu/libdl-2.24.so
7f9be64f3000-7f9be64f4000 rw-p 00003000 08:02 915803                     /lib/x86_64-linux-gnu/libdl-2.24.so
7f9be64f4000-7f9be650d000 r-xp 00000000 08:02 920987                     /lib/x86_64-linux-gnu/libz.so.1.2.8
7f9be650d000-7f9be670c000 ---p 00019000 08:02 920987                     /lib/x86_64-linux-gnu/libz.so.1.2.8
7f9be670c000-7f9be670d000 r--p 00018000 08:02 920987                     /lib/x86_64-linux-gnu/libz.so.1.2.8
7f9be670d000-7f9be670e000 rw-p 00019000 08:02 920987                     /lib/x86_64-linux-gnu/libz.so.1.2.8
7f9be670e000-7f9be68cb000 r-xp 00000000 08:02 915800                     /lib/x86_64-linux-gnu/libc-2.24.so
7f9be68cb000-7f9be6acb000 ---p 001bd000 08:02 915800                     /lib/x86_64-linux-gnu/libc-2.24.so
7f9be6acb000-7f9be6acf000 r--p 001bd000 08:02 915800                     /lib/x86_64-linux-gnu/libc-2.24.so
7f9be6acf000-7f9be6ad1000 rw-p 001c1000 08:02 915800                     /lib/x86_64-linux-gnu/libc-2.24.so
7f9be6ad1000-7f9be6ad5000 rw-p 00000000 00:00 0 
7f9be6ad5000-7f9be6ae2000 r-xp 00000000 08:02 1442063                    /usr/lib/jvm/java-8-openjdk-amd64/jre/lib/amd64/jli/libjli.so
7f9be6ae2000-7f9be6ce2000 ---p 0000d000 08:02 1442063                    /usr/lib/jvm/java-8-openjdk-amd64/jre/lib/amd64/jli/libjli.so
7f9be6ce2000-7f9be6ce3000 r--p 0000d000 08:02 1442063                    /usr/lib/jvm/java-8-openjdk-amd64/jre/lib/amd64/jli/libjli.so
7f9be6ce3000-7f9be6ce4000 rw-p 0000e000 08:02 1442063                    /usr/lib/jvm/java-8-openjdk-amd64/jre/lib/amd64/jli/libjli.so
7f9be6ce4000-7f9be6d09000 r-xp 00000000 08:02 915796                     /lib/x86_64-linux-gnu/ld-2.24.so
7f9be6d0b000-7f9be6de4000 rw-p 00000000 00:00 0 
7f9be6de4000-7f9be6de7000 ---p 00000000 00:00 0 
7f9be6de7000-7f9be6ee9000 rw-p 00000000 00:00 0 
7f9be6eeb000-7f9be6eec000 r--s 0000a000 08:02 1449670                    /usr/lib/jvm/java-8-openjdk-amd64/jre/lib/ext/jaccess.jar
7f9be6eec000-7f9be6eed000 r--s 00010000 08:02 1457849                    /usr/lib/jvm/java-8-openjdk-amd64/jre/lib/ext/zipfs.jar
7f9be6eed000-7f9be6eef000 r--s 00001000 08:02 1449373                    /usr/lib/jvm/java-8-openjdk-amd64/jre/lib/ext/dnsns.jar
7f9be6eef000-7f9be6ef1000 r--s 00008000 08:02 1457846                    /usr/lib/jvm/java-8-openjdk-amd64/jre/lib/ext/sunec.jar
7f9be6ef1000-7f9be6efb000 r--s 00116000 08:02 1449937                    /usr/lib/jvm/java-8-openjdk-amd64/jre/lib/ext/localedata.jar
7f9be6efb000-7f9be6f03000 rw-s 00000000 08:02 1571462                    /tmp/hsperfdata_capaldi/4791
7f9be6f03000-7f9be6f04000 rw-p 00000000 00:00 0 
7f9be6f04000-7f9be6f05000 ---p 00000000 00:00 0 
7f9be6f05000-7f9be6f08000 rw-p 00000000 00:00 0 
7f9be6f08000-7f9be6f09000 r--p 00024000 08:02 915796                     /lib/x86_64-linux-gnu/ld-2.24.so
7f9be6f09000-7f9be6f0a000 rw-p 00025000 08:02 915796                     /lib/x86_64-linux-gnu/ld-2.24.so
7f9be6f0a000-7f9be6f0b000 rw-p 00000000 00:00 0 
7ffc3e6f6000-7ffc3e717000 rw-p 00000000 00:00 0                          [stack]
7ffc3e739000-7ffc3e73b000 r--p 00000000 00:00 0                          [vvar]
7ffc3e73b000-7ffc3e73d000 r-xp 00000000 00:00 0                          [vdso]
ffffffffff600000-ffffffffff601000 r-xp 00000000 00:00 0                  [vsyscall]

VM Arguments:
jvm_args: -Djava.awt.headless=true -Xmx1024M -Dfile.encoding=UTF-8 -Duser.country=FR -Duser.language=fr -Duser.variant 
java_command: com.android.dx.command.Main --dex --num-threads=4 --output /home/capaldi/Master/M1/Tp_Info/Tp_Prog_Mob/projet_prog_android/ContentProviderResto/app/build/intermediates/pre-dexed/debug/com.android.support-support-v4-23.1.1_165fb90117f04551d3898820e636ce23e937215a.jar /home/capaldi/Master/M1/Tp_Info/Tp_Prog_Mob/projet_prog_android/ContentProviderResto/app/build/intermediates/exploded-aar/com.android.support/support-v4/23.1.1/jars/classes.jar
java_class_path (initial): /home/capaldi/Android/Sdk/build-tools/23.0.1/lib/dx.jar
Launcher Type: SUN_STANDARD

Environment Variables:
JAVA_HOME=/usr/lib/jvm/java-8-oracle
PATH=/home/capaldi/bin:/home/capaldi/.local/bin:/usr/local/sbin:/usr/local/bin:/usr/sbin:/usr/bin:/sbin:/bin:/usr/games:/usr/local/games:/snap/bin:/usr/lib/jvm/java-8-oracle/bin:/usr/lib/jvm/java-8-oracle/db/bin:/usr/lib/jvm/java-8-oracle/jre/bin
USERNAME=capaldi
LD_LIBRARY_PATH=/opt/android-studio/bin:
SHELL=/bin/bash
DISPLAY=:0

Signal Handlers:
SIGSEGV: [libjvm.so+0xa6b0b0], sa_mask[0]=11111111011111111101111111111110, sa_flags=SA_RESTART|SA_SIGINFO
SIGBUS: [libjvm.so+0xa6b0b0], sa_mask[0]=11111111011111111101111111111110, sa_flags=SA_RESTART|SA_SIGINFO
SIGFPE: [libjvm.so+0x8b5420], sa_mask[0]=11111111011111111101111111111110, sa_flags=SA_RESTART|SA_SIGINFO
SIGPIPE: [libjvm.so+0x8b5420], sa_mask[0]=11111111011111111101111111111110, sa_flags=SA_RESTART|SA_SIGINFO
SIGXFSZ: [libjvm.so+0x8b5420], sa_mask[0]=11111111011111111101111111111110, sa_flags=SA_RESTART|SA_SIGINFO
SIGILL: [libjvm.so+0x8b5420], sa_mask[0]=11111111011111111101111111111110, sa_flags=SA_RESTART|SA_SIGINFO
SIGUSR1: SIG_DFL, sa_mask[0]=00000000000000000000000000000000, sa_flags=none
SIGUSR2: [libjvm.so+0x8b52d0], sa_mask[0]=00100000000000000000000000000000, sa_flags=SA_RESTART|SA_SIGINFO
SIGHUP: [libjvm.so+0x8b5780], sa_mask[0]=11111111011111111101111111111110, sa_flags=SA_RESTART|SA_SIGINFO
SIGINT: [libjvm.so+0x8b5780], sa_mask[0]=11111111011111111101111111111110, sa_flags=SA_RESTART|SA_SIGINFO
SIGTERM: [libjvm.so+0x8b5780], sa_mask[0]=11111111011111111101111111111110, sa_flags=SA_RESTART|SA_SIGINFO
SIGQUIT: [libjvm.so+0x8b5780], sa_mask[0]=11111111011111111101111111111110, sa_flags=SA_RESTART|SA_SIGINFO


---------------  S Y S T E M  ---------------

OS:DISTRIB_ID=Ubuntu
DISTRIB_RELEASE=16.10
DISTRIB_CODENAME=yakkety
DISTRIB_DESCRIPTION="Ubuntu 16.10"

uname:Linux 4.8.0-30-generic #32-Ubuntu SMP Fri Dec 2 03:43:27 UTC 2016 x86_64
libc:glibc 2.24 NPTL 2.24 
rlimit: STACK 8192k, CORE 0k, NPROC 15057, NOFILE 65536, AS infinity
load average:23,41 17,35 7,42

/proc/meminfo:
MemTotal:        3924112 kB
MemFree:          105204 kB
MemAvailable:       6924 kB
Buffers:             396 kB
Cached:           315936 kB
SwapCached:            0 kB
Active:          3337860 kB
Inactive:         306008 kB
Active(anon):    3331208 kB
Inactive(anon):   299272 kB
Active(file):       6652 kB
Inactive(file):     6736 kB
Unevictable:           0 kB
Mlocked:               0 kB
SwapTotal:             0 kB
SwapFree:              0 kB
Dirty:              1440 kB
Writeback:             0 kB
AnonPages:       3327900 kB
Mapped:            64388 kB
Shmem:            302508 kB
Slab:              75772 kB
SReclaimable:      34576 kB
SUnreclaim:        41196 kB
KernelStack:       11840 kB
PageTables:        43804 kB
NFS_Unstable:          0 kB
Bounce:                0 kB
WritebackTmp:          0 kB
CommitLimit:     1962056 kB
Committed_AS:    7821544 kB
VmallocTotal:   34359738367 kB
VmallocUsed:           0 kB
VmallocChunk:          0 kB
HardwareCorrupted:     0 kB
AnonHugePages:   1091584 kB
ShmemHugePages:        0 kB
ShmemPmdMapped:        0 kB
CmaTotal:              0 kB
CmaFree:               0 kB
HugePages_Total:       0
HugePages_Free:        0
HugePages_Rsvd:        0
HugePages_Surp:        0
Hugepagesize:       2048 kB
DirectMap4k:      115732 kB
DirectMap2M:     3956736 kB
DirectMap1G:     1048576 kB


CPU:total 4 (2 cores per cpu, 2 threads per core) family 6 model 142 stepping 9, cmov, cx8, fxsr, mmx, sse, sse2, sse3, ssse3, sse4.1, sse4.2, popcnt, avx, avx2, aes, clmul, erms, 3dnowpref, lzcnt, ht, tsc, tscinvbit, bmi1, bmi2, adx

/proc/cpuinfo:
processor	: 0
vendor_id	: GenuineIntel
cpu family	: 6
model		: 142
model name	: Intel(R) Core(TM) i5-7200U CPU @ 2.50GHz
stepping	: 9
microcode	: 0x38
cpu MHz		: 3099.957
cache size	: 3072 KB
physical id	: 0
siblings	: 4
core id		: 0
cpu cores	: 2
apicid		: 0
initial apicid	: 0
fpu		: yes
fpu_exception	: yes
cpuid level	: 22
wp		: yes
flags		: fpu vme de pse tsc msr pae mce cx8 apic sep mtrr pge mca cmov pat pse36 clflush dts acpi mmx fxsr sse sse2 ss ht tm pbe syscall nx pdpe1gb rdtscp lm constant_tsc art arch_perfmon pebs bts rep_good nopl xtopology nonstop_tsc aperfmperf eagerfpu pni pclmulqdq dtes64 monitor ds_cpl vmx est tm2 ssse3 sdbg fma cx16 xtpr pdcm pcid sse4_1 sse4_2 x2apic movbe popcnt tsc_deadline_timer aes xsave avx f16c rdrand lahf_lm abm 3dnowprefetch epb intel_pt tpr_shadow vnmi flexpriority ept vpid fsgsbase tsc_adjust bmi1 avx2 smep bmi2 erms invpcid mpx rdseed adx smap clflushopt xsaveopt xsavec xgetbv1 xsaves dtherm ida arat pln pts hwp hwp_notify hwp_act_window hwp_epp
bugs		:
bogomips	: 5400.00
clflush size	: 64
cache_alignment	: 64
address sizes	: 39 bits physical, 48 bits virtual
power management:

processor	: 1
vendor_id	: GenuineIntel
cpu family	: 6
model		: 142
model name	: Intel(R) Core(TM) i5-7200U CPU @ 2.50GHz
stepping	: 9
microcode	: 0x38
cpu MHz		: 3099.957
cache size	: 3072 KB
physical id	: 0
siblings	: 4
core id		: 1
cpu cores	: 2
apicid		: 2
initial apicid	: 2
fpu		: yes
fpu_exception	: yes
cpuid level	: 22
wp		: yes
flags		: fpu vme de pse tsc msr pae mce cx8 apic sep mtrr pge mca cmov pat pse36 clflush dts acpi mmx fxsr sse sse2 ss ht tm pbe syscall nx pdpe1gb rdtscp lm constant_tsc art arch_perfmon pebs bts rep_good nopl xtopology nonstop_tsc aperfmperf eagerfpu pni pclmulqdq dtes64 monitor ds_cpl vmx est tm2 ssse3 sdbg fma cx16 xtpr pdcm pcid sse4_1 sse4_2 x2apic movbe popcnt tsc_deadline_timer aes xsave avx f16c rdrand lahf_lm abm 3dnowprefetch epb intel_pt tpr_shadow vnmi flexpriority ept vpid fsgsbase tsc_adjust bmi1 avx2 smep bmi2 erms invpcid mpx rdseed adx smap clflushopt xsaveopt xsavec xgetbv1 xsaves dtherm ida arat pln pts hwp hwp_notify hwp_act_window hwp_epp
bugs		:
bogomips	: 5400.00
clflush size	: 64
cache_alignment	: 64
address sizes	: 39 bits physical, 48 bits virtual
power management:

processor	: 2
vendor_id	: GenuineIntel
cpu family	: 6
model		: 142
model name	: Intel(R) Core(TM) i5-7200U CPU @ 2.50GHz
stepping	: 9
microcode	: 0x38
cpu MHz		: 3099.957
cache size	: 3072 KB
physical id	: 0
siblings	: 4
core id		: 0
cpu cores	: 2
apicid		: 1
initial apicid	: 1
fpu		: yes
fpu_exception	: yes
cpuid level	: 22
wp		: yes
flags		: fpu vme de pse tsc msr pae mce cx8 apic sep mtrr pge mca cmov pat pse36 clflush dts acpi mmx fxsr sse sse2 ss ht tm pbe syscall nx pdpe1gb rdtscp lm constant_tsc art arch_perfmon pebs bts rep_good nopl xtopology nonstop_tsc aperfmperf eagerfpu pni pclmulqdq dtes64 monitor ds_cpl vmx est tm2 ssse3 sdbg fma cx16 xtpr pdcm pcid sse4_1 sse4_2 x2apic movbe popcnt tsc_deadline_timer aes xsave avx f16c rdrand lahf_lm abm 3dnowprefetch epb intel_pt tpr_shadow vnmi flexpriority ept vpid fsgsbase tsc_adjust bmi1 avx2 smep bmi2 erms invpcid mpx rdseed adx smap clflushopt xsaveopt xsavec xgetbv1 xsaves dtherm ida arat pln pts hwp hwp_notify hwp_act_window hwp_epp
bugs		:
bogomips	: 5400.00
clflush size	: 64
cache_alignment	: 64
address sizes	: 39 bits physical, 48 bits virtual
power management:

processor	: 3
vendor_id	: GenuineIntel
cpu family	: 6
model		: 142
model name	: Intel(R) Core(TM) i5-7200U CPU @ 2.50GHz
stepping	: 9
microcode	: 0x38
cpu MHz		: 3099.957
cache size	: 3072 KB
physical id	: 0
siblings	: 4
core id		: 1
cpu cores	: 2
apicid		: 3
initial apicid	: 3
fpu		: yes
fpu_exception	: yes
cpuid level	: 22
wp		: yes
flags		: fpu vme de pse tsc msr pae mce cx8 apic sep mtrr pge mca cmov pat pse36 clflush dts acpi mmx fxsr sse sse2 ss ht tm pbe syscall nx pdpe1gb rdtscp lm constant_tsc art arch_perfmon pebs bts rep_good nopl xtopology nonstop_tsc aperfmperf eagerfpu pni pclmulqdq dtes64 monitor ds_cpl vmx est tm2 ssse3 sdbg fma cx16 xtpr pdcm pcid sse4_1 sse4_2 x2apic movbe popcnt tsc_deadline_timer aes xsave avx f16c rdrand lahf_lm abm 3dnowprefetch epb intel_pt tpr_shadow vnmi flexpriority ept vpid fsgsbase tsc_adjust bmi1 avx2 smep bmi2 erms invpcid mpx rdseed adx smap clflushopt xsaveopt xsavec xgetbv1 xsaves dtherm ida arat pln pts hwp hwp_notify hwp_act_window hwp_epp
bugs		:
bogomips	: 5400.00
clflush size	: 64
cache_alignment	: 64
address sizes	: 39 bits physical, 48 bits virtual
power management:



Memory: 4k page, physical 3924112k(105228k free), swap 0k(0k free)

vm_info: OpenJDK 64-Bit Server VM (25.111-b14) for linux-amd64 JRE (1.8.0_111-8u111-b14-2ubuntu0.16.10.2-b14), built on Oct 27 2016 14:16:18 by "buildd" with gcc 6.2.0 20161005

time: Sun Dec 18 23:15:08 2016
elapsed time: 4 seconds (0d 0h 0m 4s)

