#
# There is insufficient memory for the Java Runtime Environment to continue.
# Native memory allocation (mmap) failed to map 140509184 bytes for committing reserved memory.
# Possible reasons:
#   The system is out of physical RAM or swap space
#   In 32 bit mode, the process size limit was hit
# Possible solutions:
#   Reduce memory load on the system
#   Increase physical memory or swap space
#   Check if swap backing store is full
#   Use 64 bit Java on a 64 bit OS
#   Decrease Java heap size (-Xmx/-Xms)
#   Decrease number of Java threads
#   Decrease Java thread stack sizes (-Xss)
#   Set larger code cache with -XX:ReservedCodeCacheSize=
# This output file may be truncated or incomplete.
#
#  Out of Memory Error (os_linux.cpp:2630), pid=5997, tid=0x00007f5d79ad1700
#
# JRE version: OpenJDK Runtime Environment (8.0_111-b14) (build 1.8.0_111-8u111-b14-2ubuntu0.16.10.2-b14)
# Java VM: OpenJDK 64-Bit Server VM (25.111-b14 mixed mode linux-amd64 compressed oops)
# Failed to write core dump. Core dumps have been disabled. To enable core dumping, try "ulimit -c unlimited" before starting Java again
#

---------------  T H R E A D  ---------------

Current thread (0x00007f5d8c077800):  VMThread [stack: 0x00007f5d799d1000,0x00007f5d79ad2000] [id=6009]

Stack: [0x00007f5d799d1000,0x00007f5d79ad2000],  sp=0x00007f5d79ad04b0,  free space=1021k
Native frames: (J=compiled Java code, j=interpreted, Vv=VM code, C=native code)
V  [libjvm.so+0xa6a620]  VMError::report_and_die()+0x160
V  [libjvm.so+0x4c4e2c]  report_vm_out_of_memory(char const*, int, unsigned long, VMErrorType, char const*)+0xac
V  [libjvm.so+0x8b9c00]  os::pd_commit_memory(char*, unsigned long, unsigned long, bool)+0xf0
V  [libjvm.so+0x8b428e]  os::commit_memory(char*, unsigned long, unsigned long, bool)+0x2e
V  [libjvm.so+0x92eade]  PSVirtualSpace::expand_by(unsigned long)+0x4e
V  [libjvm.so+0x92fe63]  PSYoungGen::resize(unsigned long, unsigned long)+0x103
V  [libjvm.so+0x92c4b3]  PSScavenge::invoke_no_policy()+0x1503
V  [libjvm.so+0x92c75c]  PSScavenge::invoke()+0x4c
V  [libjvm.so+0x8de0e3]  ParallelScavengeHeap::failed_mem_allocate(unsigned long)+0x63
V  [libjvm.so+0xa6c292]  VM_ParallelGCFailedAllocation::doit()+0x92
V  [libjvm.so+0xa713f7]  VM_Operation::evaluate()+0x47
V  [libjvm.so+0xa6eb87]  VMThread::evaluate_operation(VM_Operation*) [clone .constprop.30]+0xe7
V  [libjvm.so+0xa70006]  VMThread::loop()+0x246
V  [libjvm.so+0xa70501]  VMThread::run()+0x81
V  [libjvm.so+0x8b7192]  java_start(Thread*)+0xf2

VM_Operation (0x00007f5d94894620): ParallelGCFailedAllocation, mode: safepoint, requested by thread 0x00007f5d8c00a800


---------------  P R O C E S S  ---------------

Java Threads: ( => current thread )
  0x00007f5d8c1a9000 JavaThread "pool-2-thread-4" [_thread_blocked, id=6046, stack(0x00007f5d7899b000,0x00007f5d78a9c000)]
  0x00007f5d8c1a7800 JavaThread "pool-2-thread-3" [_thread_blocked, id=6045, stack(0x00007f5d78a9c000,0x00007f5d78b9d000)]
  0x00007f5d8c1a6000 JavaThread "pool-2-thread-2" [_thread_blocked, id=6044, stack(0x00007f5d78b9d000,0x00007f5d78c9e000)]
  0x00007f5d8c199000 JavaThread "pool-3-thread-1" [_thread_blocked, id=6043, stack(0x00007f5d78c9e000,0x00007f5d78d9f000)]
  0x00007f5d8c197000 JavaThread "pool-2-thread-1" [_thread_blocked, id=6042, stack(0x00007f5d78d9f000,0x00007f5d78ea0000)]
  0x00007f5d8c0b9800 JavaThread "Service Thread" daemon [_thread_blocked, id=6026, stack(0x00007f5d78fec000,0x00007f5d790ed000)]
  0x00007f5d8c0b2800 JavaThread "C1 CompilerThread2" daemon [_thread_blocked, id=6024, stack(0x00007f5d790ed000,0x00007f5d791ee000)]
  0x00007f5d8c0b0800 JavaThread "C2 CompilerThread1" daemon [_thread_in_native, id=6021, stack(0x00007f5d791ee000,0x00007f5d792ef000)]
  0x00007f5d8c0ad800 JavaThread "C2 CompilerThread0" daemon [_thread_blocked, id=6018, stack(0x00007f5d792ef000,0x00007f5d793f0000)]
  0x00007f5d8c0ab800 JavaThread "Signal Dispatcher" daemon [_thread_blocked, id=6015, stack(0x00007f5d793f0000,0x00007f5d794f1000)]
  0x00007f5d8c084000 JavaThread "Finalizer" daemon [_thread_blocked, id=6014, stack(0x00007f5d797cf000,0x00007f5d798d0000)]
  0x00007f5d8c07f800 JavaThread "Reference Handler" daemon [_thread_blocked, id=6012, stack(0x00007f5d798d0000,0x00007f5d799d1000)]
  0x00007f5d8c00a800 JavaThread "main" [_thread_blocked, id=6000, stack(0x00007f5d94796000,0x00007f5d94897000)]

Other Threads:
=>0x00007f5d8c077800 VMThread [stack: 0x00007f5d799d1000,0x00007f5d79ad2000] [id=6009]
  0x00007f5d8c0bc000 WatcherThread [stack: 0x00007f5d78eeb000,0x00007f5d78fec000] [id=6028]

VM state:at safepoint (normal execution)

VM Mutex/Monitor currently owned by a thread:  ([mutex/lock_event])
[0x00007f5d8c0068a0] Threads_lock - owner thread: 0x00007f5d8c077800
[0x00007f5d8c006da0] Heap_lock - owner thread: 0x00007f5d8c00a800

Heap:
 PSYoungGen      total 135168K, used 14834K [0x00000000eab00000, 0x00000000f4000000, 0x0000000100000000)
  eden space 120320K, 0% used [0x00000000eab00000,0x00000000eab00000,0x00000000f2080000)
  from space 14848K, 99% used [0x00000000f2080000,0x00000000f2efca60,0x00000000f2f00000)
  to   space 12288K, 0% used [0x00000000f2f00000,0x00000000f2f00000,0x00000000f3b00000)
 ParOldGen       total 40960K, used 37551K [0x00000000c0000000, 0x00000000c2800000, 0x00000000eab00000)
  object space 40960K, 91% used [0x00000000c0000000,0x00000000c24abc28,0x00000000c2800000)
 Metaspace       used 6291K, capacity 7160K, committed 7296K, reserved 1056768K
  class space    used 604K, capacity 624K, committed 640K, reserved 1048576K

Card table byte_map: [0x00007f5d90c4b000,0x00007f5d90e4c000] byte_map_base: 0x00007f5d9064b000

Marking Bits: (ParMarkBitMap*) 0x00007f5d93a67220
 Begin Bits: [0x00007f5d7b000000, 0x00007f5d7c000000)
 End Bits:   [0x00007f5d7c000000, 0x00007f5d7d000000)

Polling page: 0x00007f5d948b6000

CodeCache: size=245760Kb used=6827Kb max_used=6827Kb free=238933Kb
 bounds [0x00007f5d7d000000, 0x00007f5d7d6b0000, 0x00007f5d8c000000]
 total_blobs=2091 nmethods=1823 adapters=182
 compilation: enabled

Compilation events (10 events):
Event: 3,381 Thread 0x00007f5d8c0b2800 nmethod 1978 0x00007f5d7d6ac010 code [0x00007f5d7d6ac160, 0x00007f5d7d6ac2b0]
Event: 3,381 Thread 0x00007f5d8c0b2800 1977       2       com.android.dx.rop.cst.CstLiteral64::hashCode (15 bytes)
Event: 3,381 Thread 0x00007f5d8c0b2800 nmethod 1977 0x00007f5d7d6ac350 code [0x00007f5d7d6ac4a0, 0x00007f5d7d6ac610]
Event: 3,381 Thread 0x00007f5d8c0b2800 1975       2       java.lang.Integer::bitCount (49 bytes)
Event: 3,382 Thread 0x00007f5d8c0b2800 nmethod 1975 0x00007f5d7d6ac690 code [0x00007f5d7d6ac7e0, 0x00007f5d7d6ac950]
Event: 3,382 Thread 0x00007f5d8c0b2800 1976       2       com.android.dx.ssa.SsaMethod::makeNewSsaReg (26 bytes)
Event: 3,382 Thread 0x00007f5d8c0b2800 nmethod 1976 0x00007f5d7d6ac9d0 code [0x00007f5d7d6acb20, 0x00007f5d7d6accb0]
Event: 3,395 Thread 0x00007f5d8c0b2800 1981 %     3       com.android.dx.ssa.SsaBasicBlock::replaceSuccessor @ 37 (125 bytes)
Event: 3,396 Thread 0x00007f5d8c0b2800 nmethod 1981% 0x00007f5d7d6acd50 code [0x00007f5d7d6acfe0, 0x00007f5d7d6adef8]
Event: 3,396 Thread 0x00007f5d8c0b2800 1982   !   2       com.android.dx.dex.cf.CfTranslator::processMethods (583 bytes)

GC Heap History (10 events):
Event: 1,315 GC heap after
Heap after GC invocations=2 (full 0):
 PSYoungGen      total 33280K, used 2544K [0x00000000eab00000, 0x00000000ece00000, 0x0000000100000000)
  eden space 30720K, 0% used [0x00000000eab00000,0x00000000eab00000,0x00000000ec900000)
  from space 2560K, 99% used [0x00000000ecb80000,0x00000000ecdfc028,0x00000000ece00000)
  to   space 2560K, 0% used [0x00000000ec900000,0x00000000ec900000,0x00000000ecb80000)
 ParOldGen       total 40960K, used 3720K [0x00000000c0000000, 0x00000000c2800000, 0x00000000eab00000)
  object space 40960K, 9% used [0x00000000c0000000,0x00000000c03a2310,0x00000000c2800000)
 Metaspace       used 5728K, capacity 6768K, committed 7040K, reserved 1056768K
  class space    used 581K, capacity 616K, committed 640K, reserved 1048576K
}
Event: 1,874 GC heap before
{Heap before GC invocations=3 (full 0):
 PSYoungGen      total 33280K, used 33264K [0x00000000eab00000, 0x00000000ece00000, 0x0000000100000000)
  eden space 30720K, 100% used [0x00000000eab00000,0x00000000ec900000,0x00000000ec900000)
  from space 2560K, 99% used [0x00000000ecb80000,0x00000000ecdfc028,0x00000000ece00000)
  to   space 2560K, 0% used [0x00000000ec900000,0x00000000ec900000,0x00000000ecb80000)
 ParOldGen       total 40960K, used 3720K [0x00000000c0000000, 0x00000000c2800000, 0x00000000eab00000)
  object space 40960K, 9% used [0x00000000c0000000,0x00000000c03a2310,0x00000000c2800000)
 Metaspace       used 5860K, capacity 6896K, committed 7040K, reserved 1056768K
  class space    used 584K, capacity 616K, committed 640K, reserved 1048576K
Event: 1,907 GC heap after
Heap after GC invocations=3 (full 0):
 PSYoungGen      total 33280K, used 2544K [0x00000000eab00000, 0x00000000eec00000, 0x0000000100000000)
  eden space 30720K, 0% used [0x00000000eab00000,0x00000000eab00000,0x00000000ec900000)
  from space 2560K, 99% used [0x00000000ec900000,0x00000000ecb7c010,0x00000000ecb80000)
  to   space 2560K, 0% used [0x00000000ee980000,0x00000000ee980000,0x00000000eec00000)
 ParOldGen       total 40960K, used 8344K [0x00000000c0000000, 0x00000000c2800000, 0x00000000eab00000)
  object space 40960K, 20% used [0x00000000c0000000,0x00000000c0826390,0x00000000c2800000)
 Metaspace       used 5860K, capacity 6896K, committed 7040K, reserved 1056768K
  class space    used 584K, capacity 616K, committed 640K, reserved 1048576K
}
Event: 2,193 GC heap before
{Heap before GC invocations=4 (full 0):
 PSYoungGen      total 33280K, used 33264K [0x00000000eab00000, 0x00000000eec00000, 0x0000000100000000)
  eden space 30720K, 100% used [0x00000000eab00000,0x00000000ec900000,0x00000000ec900000)
  from space 2560K, 99% used [0x00000000ec900000,0x00000000ecb7c010,0x00000000ecb80000)
  to   space 2560K, 0% used [0x00000000ee980000,0x00000000ee980000,0x00000000eec00000)
 ParOldGen       total 40960K, used 8344K [0x00000000c0000000, 0x00000000c2800000, 0x00000000eab00000)
  object space 40960K, 20% used [0x00000000c0000000,0x00000000c0826390,0x00000000c2800000)
 Metaspace       used 5936K, capacity 6960K, committed 7040K, reserved 1056768K
  class space    used 584K, capacity 616K, committed 640K, reserved 1048576K
Event: 2,215 GC heap after
Heap after GC invocations=4 (full 0):
 PSYoungGen      total 64000K, used 2544K [0x00000000eab00000, 0x00000000eec00000, 0x0000000100000000)
  eden space 61440K, 0% used [0x00000000eab00000,0x00000000eab00000,0x00000000ee700000)
  from space 2560K, 99% used [0x00000000ee980000,0x00000000eebfc010,0x00000000eec00000)
  to   space 2560K, 0% used [0x00000000ee700000,0x00000000ee700000,0x00000000ee980000)
 ParOldGen       total 40960K, used 13410K [0x00000000c0000000, 0x00000000c2800000, 0x00000000eab00000)
  object space 40960K, 32% used [0x00000000c0000000,0x00000000c0d18b48,0x00000000c2800000)
 Metaspace       used 5936K, capacity 6960K, committed 7040K, reserved 1056768K
  class space    used 584K, capacity 616K, committed 640K, reserved 1048576K
}
Event: 2,591 GC heap before
{Heap before GC invocations=5 (full 0):
 PSYoungGen      total 64000K, used 63984K [0x00000000eab00000, 0x00000000eec00000, 0x0000000100000000)
  eden space 61440K, 100% used [0x00000000eab00000,0x00000000ee700000,0x00000000ee700000)
  from space 2560K, 99% used [0x00000000ee980000,0x00000000eebfc010,0x00000000eec00000)
  to   space 2560K, 0% used [0x00000000ee700000,0x00000000ee700000,0x00000000ee980000)
 ParOldGen       total 40960K, used 13410K [0x00000000c0000000, 0x00000000c2800000, 0x00000000eab00000)
  object space 40960K, 32% used [0x00000000c0000000,0x00000000c0d18b48,0x00000000c2800000)
 Metaspace       used 5994K, capacity 7024K, committed 7296K, reserved 1056768K
  class space    used 584K, capacity 616K, committed 640K, reserved 1048576K
Event: 2,617 GC heap after
Heap after GC invocations=5 (full 0):
 PSYoungGen      total 64000K, used 2560K [0x00000000eab00000, 0x00000000f3b00000, 0x0000000100000000)
  eden space 61440K, 0% used [0x00000000eab00000,0x00000000eab00000,0x00000000ee700000)
  from space 2560K, 100% used [0x00000000ee700000,0x00000000ee980000,0x00000000ee980000)
  to   space 12288K, 0% used [0x00000000f2f00000,0x00000000f2f00000,0x00000000f3b00000)
 ParOldGen       total 40960K, used 22715K [0x00000000c0000000, 0x00000000c2800000, 0x00000000eab00000)
  object space 40960K, 55% used [0x00000000c0000000,0x00000000c162ec20,0x00000000c2800000)
 Metaspace       used 5994K, capacity 7024K, committed 7296K, reserved 1056768K
  class space    used 584K, capacity 616K, committed 640K, reserved 1048576K
}
Event: 2,847 GC heap before
{Heap before GC invocations=6 (full 0):
 PSYoungGen      total 64000K, used 64000K [0x00000000eab00000, 0x00000000f3b00000, 0x0000000100000000)
  eden space 61440K, 100% used [0x00000000eab00000,0x00000000ee700000,0x00000000ee700000)
  from space 2560K, 100% used [0x00000000ee700000,0x00000000ee980000,0x00000000ee980000)
  to   space 12288K, 0% used [0x00000000f2f00000,0x00000000f2f00000,0x00000000f3b00000)
 ParOldGen       total 40960K, used 22715K [0x00000000c0000000, 0x00000000c2800000, 0x00000000eab00000)
  object space 40960K, 55% used [0x00000000c0000000,0x00000000c162ec20,0x00000000c2800000)
 Metaspace       used 6034K, capacity 7024K, committed 7296K, reserved 1056768K
  class space    used 585K, capacity 616K, committed 640K, reserved 1048576K
Event: 2,894 GC heap after
Heap after GC invocations=6 (full 0):
 PSYoungGen      total 132608K, used 12278K [0x00000000eab00000, 0x00000000f4000000, 0x0000000100000000)
  eden space 120320K, 0% used [0x00000000eab00000,0x00000000eab00000,0x00000000f2080000)
  from space 12288K, 99% used [0x00000000f2f00000,0x00000000f3afdba0,0x00000000f3b00000)
  to   space 14848K, 0% used [0x00000000f2080000,0x00000000f2080000,0x00000000f2f00000)
 ParOldGen       total 40960K, used 22915K [0x00000000c0000000, 0x00000000c2800000, 0x00000000eab00000)
  object space 40960K, 55% used [0x00000000c0000000,0x00000000c1660e68,0x00000000c2800000)
 Metaspace       used 6034K, capacity 7024K, committed 7296K, reserved 1056768K
  class space    used 585K, capacity 616K, committed 640K, reserved 1048576K
}
Event: 3,412 GC heap before
{Heap before GC invocations=7 (full 0):
 PSYoungGen      total 132608K, used 132598K [0x00000000eab00000, 0x00000000f4000000, 0x0000000100000000)
  eden space 120320K, 100% used [0x00000000eab00000,0x00000000f2080000,0x00000000f2080000)
  from space 12288K, 99% used [0x00000000f2f00000,0x00000000f3afdba0,0x00000000f3b00000)
  to   space 14848K, 0% used [0x00000000f2080000,0x00000000f2080000,0x00000000f2f00000)
 ParOldGen       total 40960K, used 22915K [0x00000000c0000000, 0x00000000c2800000, 0x00000000eab00000)
  object space 40960K, 55% used [0x00000000c0000000,0x00000000c1660e68,0x00000000c2800000)
 Metaspace       used 6291K, capacity 7160K, committed 7296K, reserved 1056768K
  class space    used 604K, capacity 624K, committed 640K, reserved 1048576K

Deoptimization events (10 events):
Event: 1,122 Thread 0x00007f5d8c197000 Uncommon trap: reason=unstable_if action=reinterpret pc=0x00007f5d7d208adc method=com.android.dx.rop.code.RegisterSpec.equals(ILcom/android/dx/rop/type/TypeBearer;Lcom/android/dx/rop/code/LocalItem;)Z @ 42
Event: 1,146 Thread 0x00007f5d8c00a800 Uncommon trap: reason=unstable_if action=reinterpret pc=0x00007f5d7d1abf30 method=java.lang.String.replace(CC)Ljava/lang/String; @ 26
Event: 1,261 Thread 0x00007f5d8c00a800 Uncommon trap: reason=bimorphic action=maybe_recompile pc=0x00007f5d7d270714 method=java.util.HashMap.getNode(ILjava/lang/Object;)Ljava/util/HashMap$Node; @ 126
Event: 1,339 Thread 0x00007f5d8c197000 Uncommon trap: reason=null_check action=make_not_entrant pc=0x00007f5d7d2bea50 method=com.android.dx.ssa.SsaRenamer.getLocalForNewReg(I)Lcom/android/dx/rop/code/LocalItem; @ 19
Event: 2,690 Thread 0x00007f5d8c00a800 Uncommon trap: reason=bimorphic action=maybe_recompile pc=0x00007f5d7d270714 method=java.util.HashMap.getNode(ILjava/lang/Object;)Ljava/util/HashMap$Node; @ 126
Event: 2,695 Thread 0x00007f5d8c197000 Uncommon trap: reason=bimorphic action=maybe_recompile pc=0x00007f5d7d270714 method=java.util.HashMap.getNode(ILjava/lang/Object;)Ljava/util/HashMap$Node; @ 126
Event: 2,806 Thread 0x00007f5d8c1a6000 Uncommon trap: reason=bimorphic action=maybe_recompile pc=0x00007f5d7d270714 method=java.util.HashMap.getNode(ILjava/lang/Object;)Ljava/util/HashMap$Node; @ 126
Event: 3,083 Thread 0x00007f5d8c1a6000 Uncommon trap: reason=unstable_if action=reinterpret pc=0x00007f5d7d596a68 method=java.util.HashMap.putVal(ILjava/lang/Object;Ljava/lang/Object;ZZ)Ljava/lang/Object; @ 94
Event: 3,270 Thread 0x00007f5d8c197000 Uncommon trap: reason=unstable_if action=reinterpret pc=0x00007f5d7d2b986c method=java.util.HashMap.putVal(ILjava/lang/Object;Ljava/lang/Object;ZZ)Ljava/lang/Object; @ 162
Event: 3,284 Thread 0x00007f5d8c197000 Uncommon trap: reason=unstable_if action=reinterpret pc=0x00007f5d7d5e0ef8 method=java.util.HashMap.getNode(ILjava/lang/Object;)Ljava/util/HashMap$Node; @ 84

Internal exceptions (6 events):
Event: 0,028 Thread 0x00007f5d8c00a800 Exception <a 'java/lang/NoSuchMethodError': Method sun.misc.Unsafe.defineClass(Ljava/lang/String;[BII)Ljava/lang/Class; name or signature does not match> (0x00000000eab07c78) thrown at [/build/openjdk-8-jhKD9R/openjdk-8-8u111-b14/src/hotspot/src/share/vm/
Event: 0,028 Thread 0x00007f5d8c00a800 Exception <a 'java/lang/NoSuchMethodError': Method sun.misc.Unsafe.prefetchRead(Ljava/lang/Object;J)V name or signature does not match> (0x00000000eab07f60) thrown at [/build/openjdk-8-jhKD9R/openjdk-8-8u111-b14/src/hotspot/src/share/vm/prims/jni.cpp, lin
Event: 1,339 Thread 0x00007f5d8c197000 Implicit null exception at 0x00007f5d7d2bc59e to 0x00007f5d7d2bea1d
Event: 3,273 Thread 0x00007f5d8c197000 Exception <a 'java/lang/ArrayIndexOutOfBoundsException': 18> (0x00000000f0251d90) thrown at [/build/openjdk-8-jhKD9R/openjdk-8-8u111-b14/src/hotspot/src/share/vm/interpreter/interpreterRuntime.cpp, line 366]
Event: 3,274 Thread 0x00007f5d8c197000 Exception <a 'java/lang/ArrayIndexOutOfBoundsException': 145> (0x00000000f0253910) thrown at [/build/openjdk-8-jhKD9R/openjdk-8-8u111-b14/src/hotspot/src/share/vm/interpreter/interpreterRuntime.cpp, line 366]
Event: 3,275 Thread 0x00007f5d8c197000 Exception <a 'java/lang/ArrayIndexOutOfBoundsException': 40> (0x00000000f0254bf8) thrown at [/build/openjdk-8-jhKD9R/openjdk-8-8u111-b14/src/hotspot/src/share/vm/interpreter/interpreterRuntime.cpp, line 366]

Events (10 events):
Event: 3,282 loading class sun/reflect/generics/reflectiveObjects/LazyReflectiveObjectGenerator done
Event: 3,282 loading class sun/reflect/generics/reflectiveObjects/TypeVariableImpl done
Event: 3,284 Thread 0x00007f5d8c197000 Uncommon trap: trap_request=0xffffff65 fr.pc=0x00007f5d7d5e0ef8
Event: 3,284 Thread 0x00007f5d8c197000 DEOPT PACKING pc=0x00007f5d7d5e0ef8 sp=0x00007f5d78e9d430
Event: 3,284 Thread 0x00007f5d8c197000 DEOPT UNPACKING pc=0x00007f5d7d004f69 sp=0x00007f5d78e9d3d8 mode 2
Event: 3,351 Thread 0x00007f5d8c1a6000 DEOPT PACKING pc=0x00007f5d7d4ba2c3 sp=0x00007f5d78c9c300
Event: 3,351 Thread 0x00007f5d8c1a6000 DEOPT UNPACKING pc=0x00007f5d7d047373 sp=0x00007f5d78c9c070 mode 0
Event: 3,358 Thread 0x00007f5d8c00a800 DEOPT PACKING pc=0x00007f5d7d4cd76c sp=0x00007f5d94894890
Event: 3,358 Thread 0x00007f5d8c00a800 DEOPT UNPACKING pc=0x00007f5d7d047373 sp=0x00007f5d94894678 mode 0
Event: 3,408 Executing VM operation: ParallelGCFailedAllocation


Dynamic libraries:
c0000000-c2800000 rw-p 00000000 00:00 0 
c2800000-eab00000 ---p 00000000 00:00 0 
eab00000-f4000000 rw-p 00000000 00:00 0 
fc600000-100000000 ---p 00000000 00:00 0 
100000000-1000a0000 rw-p 00000000 00:00 0 
1000a0000-140000000 ---p 00000000 00:00 0 
5635b6ebe000-5635b6ebf000 r-xp 00000000 08:02 1442050                    /usr/lib/jvm/java-8-openjdk-amd64/jre/bin/java
5635b70be000-5635b70bf000 r--p 00000000 08:02 1442050                    /usr/lib/jvm/java-8-openjdk-amd64/jre/bin/java
5635b70bf000-5635b70c0000 rw-p 00001000 08:02 1442050                    /usr/lib/jvm/java-8-openjdk-amd64/jre/bin/java
5635b7bf4000-5635b7c15000 rw-p 00000000 00:00 0                          [heap]
7f5d2c000000-7f5d2c02d000 rw-p 00000000 00:00 0 
7f5d2c02d000-7f5d30000000 ---p 00000000 00:00 0 
7f5d34000000-7f5d34021000 rw-p 00000000 00:00 0 
7f5d34021000-7f5d38000000 ---p 00000000 00:00 0 
7f5d38000000-7f5d38021000 rw-p 00000000 00:00 0 
7f5d38021000-7f5d3c000000 ---p 00000000 00:00 0 
7f5d3c000000-7f5d3c032000 rw-p 00000000 00:00 0 
7f5d3c032000-7f5d40000000 ---p 00000000 00:00 0 
7f5d40000000-7f5d40021000 rw-p 00000000 00:00 0 
7f5d40021000-7f5d44000000 ---p 00000000 00:00 0 
7f5d44000000-7f5d44021000 rw-p 00000000 00:00 0 
7f5d44021000-7f5d48000000 ---p 00000000 00:00 0 
7f5d48000000-7f5d48021000 rw-p 00000000 00:00 0 
7f5d48021000-7f5d4c000000 ---p 00000000 00:00 0 
7f5d4c000000-7f5d4cc36000 rw-p 00000000 00:00 0 
7f5d4cc36000-7f5d50000000 ---p 00000000 00:00 0 
7f5d50000000-7f5d50a1a000 rw-p 00000000 00:00 0 
7f5d50a1a000-7f5d54000000 ---p 00000000 00:00 0 
7f5d54000000-7f5d54021000 rw-p 00000000 00:00 0 
7f5d54021000-7f5d58000000 ---p 00000000 00:00 0 
7f5d58000000-7f5d5880a000 rw-p 00000000 00:00 0 
7f5d5880a000-7f5d5c000000 ---p 00000000 00:00 0 
7f5d5c000000-7f5d5c021000 rw-p 00000000 00:00 0 
7f5d5c021000-7f5d60000000 ---p 00000000 00:00 0 
7f5d60000000-7f5d60021000 rw-p 00000000 00:00 0 
7f5d60021000-7f5d64000000 ---p 00000000 00:00 0 
7f5d64000000-7f5d64021000 rw-p 00000000 00:00 0 
7f5d64021000-7f5d68000000 ---p 00000000 00:00 0 
7f5d68000000-7f5d68281000 rw-p 00000000 00:00 0 
7f5d68281000-7f5d6c000000 ---p 00000000 00:00 0 
7f5d6c000000-7f5d6c021000 rw-p 00000000 00:00 0 
7f5d6c021000-7f5d70000000 ---p 00000000 00:00 0 
7f5d70000000-7f5d70021000 rw-p 00000000 00:00 0 
7f5d70021000-7f5d74000000 ---p 00000000 00:00 0 
7f5d74000000-7f5d74021000 rw-p 00000000 00:00 0 
7f5d74021000-7f5d78000000 ---p 00000000 00:00 0 
7f5d7896e000-7f5d78975000 r--s 00000000 08:02 1717449                    /usr/lib/x86_64-linux-gnu/gconv/gconv-modules.cache
7f5d78975000-7f5d7899b000 r--p 00000000 08:02 1969241                    /usr/share/locale-langpack/fr/LC_MESSAGES/libc.mo
7f5d7899b000-7f5d7899e000 ---p 00000000 00:00 0 
7f5d7899e000-7f5d78a9c000 rw-p 00000000 00:00 0 
7f5d78a9c000-7f5d78a9f000 ---p 00000000 00:00 0 
7f5d78a9f000-7f5d78b9d000 rw-p 00000000 00:00 0 
7f5d78b9d000-7f5d78ba0000 ---p 00000000 00:00 0 
7f5d78ba0000-7f5d78c9e000 rw-p 00000000 00:00 0 
7f5d78c9e000-7f5d78ca1000 ---p 00000000 00:00 0 
7f5d78ca1000-7f5d78d9f000 rw-p 00000000 00:00 0 
7f5d78d9f000-7f5d78da2000 ---p 00000000 00:00 0 
7f5d78da2000-7f5d78ea0000 rw-p 00000000 00:00 0 
7f5d78ea0000-7f5d78eb5000 r--s 000e5000 08:03 664542                     /home/capaldi/Master/M1/Tp_Info/Tp_Prog_Mob/projet_prog_android/ContentProviderResto/app/build/intermediates/exploded-aar/com.android.support/support-v4/23.1.1/jars/classes.jar
7f5d78eb5000-7f5d78ec4000 r--s 000df000 08:03 3682082                    /home/capaldi/Android/Sdk/build-tools/23.0.1/lib/dx.jar
7f5d78ec4000-7f5d78ec7000 r--s 0000f000 08:02 1449666                    /usr/lib/jvm/java-8-openjdk-amd64/jre/lib/ext/icedtea-sound.jar
7f5d78ec7000-7f5d78ecb000 r--s 00037000 08:02 1457848                    /usr/lib/jvm/java-8-openjdk-amd64/jre/lib/ext/sunpkcs11.jar
7f5d78ecb000-7f5d78ee6000 r--s 00394000 08:02 1448895                    /usr/lib/jvm/java-8-openjdk-amd64/jre/lib/ext/cldrdata.jar
7f5d78ee6000-7f5d78eeb000 r--s 0003b000 08:02 1457847                    /usr/lib/jvm/java-8-openjdk-amd64/jre/lib/ext/sunjce_provider.jar
7f5d78eeb000-7f5d78eec000 ---p 00000000 00:00 0 
7f5d78eec000-7f5d78fec000 rw-p 00000000 00:00 0 
7f5d78fec000-7f5d78fef000 ---p 00000000 00:00 0 
7f5d78fef000-7f5d790ed000 rw-p 00000000 00:00 0 
7f5d790ed000-7f5d790f0000 ---p 00000000 00:00 0 
7f5d790f0000-7f5d791ee000 rw-p 00000000 00:00 0 
7f5d791ee000-7f5d791f1000 ---p 00000000 00:00 0 
7f5d791f1000-7f5d792ef000 rw-p 00000000 00:00 0 
7f5d792ef000-7f5d792f2000 ---p 00000000 00:00 0 
7f5d792f2000-7f5d793f0000 rw-p 00000000 00:00 0 
7f5d793f0000-7f5d793f3000 ---p 00000000 00:00 0 
7f5d793f3000-7f5d794f1000 rw-p 00000000 00:00 0 
7f5d794f1000-7f5d797cf000 r--p 00000000 08:02 1443208                    /usr/lib/locale/locale-archive
7f5d797cf000-7f5d797d2000 ---p 00000000 00:00 0 
7f5d797d2000-7f5d798d0000 rw-p 00000000 00:00 0 
7f5d798d0000-7f5d798d3000 ---p 00000000 00:00 0 
7f5d798d3000-7f5d799d1000 rw-p 00000000 00:00 0 
7f5d799d1000-7f5d799d2000 ---p 00000000 00:00 0 
7f5d799d2000-7f5d7ae80000 rw-p 00000000 00:00 0 
7f5d7ae80000-7f5d7b000000 ---p 00000000 00:00 0 
7f5d7b000000-7f5d7d000000 rw-p 00000000 00:00 0 
7f5d7d000000-7f5d7d6b0000 rwxp 00000000 00:00 0 
7f5d7d6b0000-7f5d8c000000 ---p 00000000 00:00 0 
7f5d8c000000-7f5d8c3bd000 rw-p 00000000 00:00 0 
7f5d8c3bd000-7f5d90000000 ---p 00000000 00:00 0 
7f5d90001000-7f5d9001c000 r--s 001d5000 08:02 1450299                    /usr/lib/jvm/java-8-openjdk-amd64/jre/lib/ext/nashorn.jar
7f5d9001c000-7f5d902ad000 rw-p 00000000 00:00 0 
7f5d902ad000-7f5d9047b000 r--s 03bf1000 08:02 1457869                    /usr/lib/jvm/java-8-openjdk-amd64/jre/lib/rt.jar
7f5d9047b000-7f5d906f1000 rw-p 00000000 00:00 0 
7f5d906f1000-7f5d906f2000 ---p 00000000 00:00 0 
7f5d906f2000-7f5d907f2000 rw-p 00000000 00:00 0 
7f5d907f2000-7f5d907f3000 ---p 00000000 00:00 0 
7f5d907f3000-7f5d908f3000 rw-p 00000000 00:00 0 
7f5d908f3000-7f5d908f4000 ---p 00000000 00:00 0 
7f5d908f4000-7f5d909f4000 rw-p 00000000 00:00 0 
7f5d909f4000-7f5d909f5000 ---p 00000000 00:00 0 
7f5d909f5000-7f5d90b09000 rw-p 00000000 00:00 0 
7f5d90b09000-7f5d90c4b000 ---p 00000000 00:00 0 
7f5d90c4b000-7f5d90c5f000 rw-p 00000000 00:00 0 
7f5d90c5f000-7f5d90da0000 ---p 00000000 00:00 0 
7f5d90da0000-7f5d90deb000 rw-p 00000000 00:00 0 
7f5d90deb000-7f5d90e4b000 ---p 00000000 00:00 0 
7f5d90e4b000-7f5d90e67000 rw-p 00000000 00:00 0 
7f5d90e67000-7f5d9120c000 ---p 00000000 00:00 0 
7f5d9120c000-7f5d91214000 r-xp 00000000 08:02 1446563                    /usr/lib/jvm/java-8-openjdk-amd64/jre/lib/amd64/libzip.so
7f5d91214000-7f5d91413000 ---p 00008000 08:02 1446563                    /usr/lib/jvm/java-8-openjdk-amd64/jre/lib/amd64/libzip.so
7f5d91413000-7f5d91414000 r--p 00007000 08:02 1446563                    /usr/lib/jvm/java-8-openjdk-amd64/jre/lib/amd64/libzip.so
7f5d91414000-7f5d91415000 rw-p 00008000 08:02 1446563                    /usr/lib/jvm/java-8-openjdk-amd64/jre/lib/amd64/libzip.so
7f5d91415000-7f5d91420000 r-xp 00000000 08:02 920553                     /lib/x86_64-linux-gnu/libnss_files-2.24.so
7f5d91420000-7f5d9161f000 ---p 0000b000 08:02 920553                     /lib/x86_64-linux-gnu/libnss_files-2.24.so
7f5d9161f000-7f5d91620000 r--p 0000a000 08:02 920553                     /lib/x86_64-linux-gnu/libnss_files-2.24.so
7f5d91620000-7f5d91621000 rw-p 0000b000 08:02 920553                     /lib/x86_64-linux-gnu/libnss_files-2.24.so
7f5d91621000-7f5d91627000 rw-p 00000000 00:00 0 
7f5d91627000-7f5d91632000 r-xp 00000000 08:02 920555                     /lib/x86_64-linux-gnu/libnss_nis-2.24.so
7f5d91632000-7f5d91831000 ---p 0000b000 08:02 920555                     /lib/x86_64-linux-gnu/libnss_nis-2.24.so
7f5d91831000-7f5d91832000 r--p 0000a000 08:02 920555                     /lib/x86_64-linux-gnu/libnss_nis-2.24.so
7f5d91832000-7f5d91833000 rw-p 0000b000 08:02 920555                     /lib/x86_64-linux-gnu/libnss_nis-2.24.so
7f5d91833000-7f5d91849000 r-xp 00000000 08:02 915807                     /lib/x86_64-linux-gnu/libnsl-2.24.so
7f5d91849000-7f5d91a48000 ---p 00016000 08:02 915807                     /lib/x86_64-linux-gnu/libnsl-2.24.so
7f5d91a48000-7f5d91a49000 r--p 00015000 08:02 915807                     /lib/x86_64-linux-gnu/libnsl-2.24.so
7f5d91a49000-7f5d91a4a000 rw-p 00016000 08:02 915807                     /lib/x86_64-linux-gnu/libnsl-2.24.so
7f5d91a4a000-7f5d91a4c000 rw-p 00000000 00:00 0 
7f5d91a4c000-7f5d91a54000 r-xp 00000000 08:02 915808                     /lib/x86_64-linux-gnu/libnss_compat-2.24.so
7f5d91a54000-7f5d91c53000 ---p 00008000 08:02 915808                     /lib/x86_64-linux-gnu/libnss_compat-2.24.so
7f5d91c53000-7f5d91c54000 r--p 00007000 08:02 915808                     /lib/x86_64-linux-gnu/libnss_compat-2.24.so
7f5d91c54000-7f5d91c55000 rw-p 00008000 08:02 915808                     /lib/x86_64-linux-gnu/libnss_compat-2.24.so
7f5d91c55000-7f5d91c82000 r-xp 00000000 08:02 1442096                    /usr/lib/jvm/java-8-openjdk-amd64/jre/lib/amd64/libjava.so
7f5d91c82000-7f5d91e81000 ---p 0002d000 08:02 1442096                    /usr/lib/jvm/java-8-openjdk-amd64/jre/lib/amd64/libjava.so
7f5d91e81000-7f5d91e82000 r--p 0002c000 08:02 1442096                    /usr/lib/jvm/java-8-openjdk-amd64/jre/lib/amd64/libjava.so
7f5d91e82000-7f5d91e84000 rw-p 0002d000 08:02 1442096                    /usr/lib/jvm/java-8-openjdk-amd64/jre/lib/amd64/libjava.so
7f5d91e84000-7f5d91e93000 r-xp 00000000 08:02 1446557                    /usr/lib/jvm/java-8-openjdk-amd64/jre/lib/amd64/libverify.so
7f5d91e93000-7f5d92092000 ---p 0000f000 08:02 1446557                    /usr/lib/jvm/java-8-openjdk-amd64/jre/lib/amd64/libverify.so
7f5d92092000-7f5d92094000 r--p 0000e000 08:02 1446557                    /usr/lib/jvm/java-8-openjdk-amd64/jre/lib/amd64/libverify.so
7f5d92094000-7f5d92095000 rw-p 00010000 08:02 1446557                    /usr/lib/jvm/java-8-openjdk-amd64/jre/lib/amd64/libverify.so
7f5d92095000-7f5d9209c000 r-xp 00000000 08:02 920560                     /lib/x86_64-linux-gnu/librt-2.24.so
7f5d9209c000-7f5d9229b000 ---p 00007000 08:02 920560                     /lib/x86_64-linux-gnu/librt-2.24.so
7f5d9229b000-7f5d9229c000 r--p 00006000 08:02 920560                     /lib/x86_64-linux-gnu/librt-2.24.so
7f5d9229c000-7f5d9229d000 rw-p 00007000 08:02 920560                     /lib/x86_64-linux-gnu/librt-2.24.so
7f5d9229d000-7f5d922b3000 r-xp 00000000 08:02 920845                     /lib/x86_64-linux-gnu/libgcc_s.so.1
7f5d922b3000-7f5d924b2000 ---p 00016000 08:02 920845                     /lib/x86_64-linux-gnu/libgcc_s.so.1
7f5d924b2000-7f5d924b3000 r--p 00015000 08:02 920845                     /lib/x86_64-linux-gnu/libgcc_s.so.1
7f5d924b3000-7f5d924b4000 rw-p 00016000 08:02 920845                     /lib/x86_64-linux-gnu/libgcc_s.so.1
7f5d924b4000-7f5d925bc000 r-xp 00000000 08:02 915804                     /lib/x86_64-linux-gnu/libm-2.24.so
7f5d925bc000-7f5d927bb000 ---p 00108000 08:02 915804                     /lib/x86_64-linux-gnu/libm-2.24.so
7f5d927bb000-7f5d927bc000 r--p 00107000 08:02 915804                     /lib/x86_64-linux-gnu/libm-2.24.so
7f5d927bc000-7f5d927bd000 rw-p 00108000 08:02 915804                     /lib/x86_64-linux-gnu/libm-2.24.so
7f5d927bd000-7f5d92935000 r-xp 00000000 08:02 1449797                    /usr/lib/x86_64-linux-gnu/libstdc++.so.6.0.22
7f5d92935000-7f5d92b35000 ---p 00178000 08:02 1449797                    /usr/lib/x86_64-linux-gnu/libstdc++.so.6.0.22
7f5d92b35000-7f5d92b3f000 r--p 00178000 08:02 1449797                    /usr/lib/x86_64-linux-gnu/libstdc++.so.6.0.22
7f5d92b3f000-7f5d92b41000 rw-p 00182000 08:02 1449797                    /usr/lib/x86_64-linux-gnu/libstdc++.so.6.0.22
7f5d92b41000-7f5d92b45000 rw-p 00000000 00:00 0 
7f5d92b45000-7f5d93799000 r-xp 00000000 08:02 1446578                    /usr/lib/jvm/java-8-openjdk-amd64/jre/lib/amd64/server/libjvm.so
7f5d93799000-7f5d93998000 ---p 00c54000 08:02 1446578                    /usr/lib/jvm/java-8-openjdk-amd64/jre/lib/amd64/server/libjvm.so
7f5d93998000-7f5d93a2b000 r--p 00c53000 08:02 1446578                    /usr/lib/jvm/java-8-openjdk-amd64/jre/lib/amd64/server/libjvm.so
7f5d93a2b000-7f5d93a54000 rw-p 00ce6000 08:02 1446578                    /usr/lib/jvm/java-8-openjdk-amd64/jre/lib/amd64/server/libjvm.so
7f5d93a54000-7f5d93a84000 rw-p 00000000 00:00 0 
7f5d93a84000-7f5d93a9c000 r-xp 00000000 08:02 920558                     /lib/x86_64-linux-gnu/libpthread-2.24.so
7f5d93a9c000-7f5d93c9c000 ---p 00018000 08:02 920558                     /lib/x86_64-linux-gnu/libpthread-2.24.so
7f5d93c9c000-7f5d93c9d000 r--p 00018000 08:02 920558                     /lib/x86_64-linux-gnu/libpthread-2.24.so
7f5d93c9d000-7f5d93c9e000 rw-p 00019000 08:02 920558                     /lib/x86_64-linux-gnu/libpthread-2.24.so
7f5d93c9e000-7f5d93ca2000 rw-p 00000000 00:00 0 
7f5d93ca2000-7f5d93ca5000 r-xp 00000000 08:02 915803                     /lib/x86_64-linux-gnu/libdl-2.24.so
7f5d93ca5000-7f5d93ea4000 ---p 00003000 08:02 915803                     /lib/x86_64-linux-gnu/libdl-2.24.so
7f5d93ea4000-7f5d93ea5000 r--p 00002000 08:02 915803                     /lib/x86_64-linux-gnu/libdl-2.24.so
7f5d93ea5000-7f5d93ea6000 rw-p 00003000 08:02 915803                     /lib/x86_64-linux-gnu/libdl-2.24.so
7f5d93ea6000-7f5d93ebf000 r-xp 00000000 08:02 920987                     /lib/x86_64-linux-gnu/libz.so.1.2.8
7f5d93ebf000-7f5d940be000 ---p 00019000 08:02 920987                     /lib/x86_64-linux-gnu/libz.so.1.2.8
7f5d940be000-7f5d940bf000 r--p 00018000 08:02 920987                     /lib/x86_64-linux-gnu/libz.so.1.2.8
7f5d940bf000-7f5d940c0000 rw-p 00019000 08:02 920987                     /lib/x86_64-linux-gnu/libz.so.1.2.8
7f5d940c0000-7f5d9427d000 r-xp 00000000 08:02 915800                     /lib/x86_64-linux-gnu/libc-2.24.so
7f5d9427d000-7f5d9447d000 ---p 001bd000 08:02 915800                     /lib/x86_64-linux-gnu/libc-2.24.so
7f5d9447d000-7f5d94481000 r--p 001bd000 08:02 915800                     /lib/x86_64-linux-gnu/libc-2.24.so
7f5d94481000-7f5d94483000 rw-p 001c1000 08:02 915800                     /lib/x86_64-linux-gnu/libc-2.24.so
7f5d94483000-7f5d94487000 rw-p 00000000 00:00 0 
7f5d94487000-7f5d94494000 r-xp 00000000 08:02 1442063                    /usr/lib/jvm/java-8-openjdk-amd64/jre/lib/amd64/jli/libjli.so
7f5d94494000-7f5d94694000 ---p 0000d000 08:02 1442063                    /usr/lib/jvm/java-8-openjdk-amd64/jre/lib/amd64/jli/libjli.so
7f5d94694000-7f5d94695000 r--p 0000d000 08:02 1442063                    /usr/lib/jvm/java-8-openjdk-amd64/jre/lib/amd64/jli/libjli.so
7f5d94695000-7f5d94696000 rw-p 0000e000 08:02 1442063                    /usr/lib/jvm/java-8-openjdk-amd64/jre/lib/amd64/jli/libjli.so
7f5d94696000-7f5d946bb000 r-xp 00000000 08:02 915796                     /lib/x86_64-linux-gnu/ld-2.24.so
7f5d946bd000-7f5d94796000 rw-p 00000000 00:00 0 
7f5d94796000-7f5d94799000 ---p 00000000 00:00 0 
7f5d94799000-7f5d9489b000 rw-p 00000000 00:00 0 
7f5d9489d000-7f5d9489e000 r--s 0000a000 08:02 1449670                    /usr/lib/jvm/java-8-openjdk-amd64/jre/lib/ext/jaccess.jar
7f5d9489e000-7f5d9489f000 r--s 00010000 08:02 1457849                    /usr/lib/jvm/java-8-openjdk-amd64/jre/lib/ext/zipfs.jar
7f5d9489f000-7f5d948a1000 r--s 00001000 08:02 1449373                    /usr/lib/jvm/java-8-openjdk-amd64/jre/lib/ext/dnsns.jar
7f5d948a1000-7f5d948a3000 r--s 00008000 08:02 1457846                    /usr/lib/jvm/java-8-openjdk-amd64/jre/lib/ext/sunec.jar
7f5d948a3000-7f5d948ad000 r--s 00116000 08:02 1449937                    /usr/lib/jvm/java-8-openjdk-amd64/jre/lib/ext/localedata.jar
7f5d948ad000-7f5d948b5000 rw-s 00000000 08:02 1571466                    /tmp/hsperfdata_capaldi/5997
7f5d948b5000-7f5d948b6000 rw-p 00000000 00:00 0 
7f5d948b6000-7f5d948b7000 ---p 00000000 00:00 0 
7f5d948b7000-7f5d948ba000 rw-p 00000000 00:00 0 
7f5d948ba000-7f5d948bb000 r--p 00024000 08:02 915796                     /lib/x86_64-linux-gnu/ld-2.24.so
7f5d948bb000-7f5d948bc000 rw-p 00025000 08:02 915796                     /lib/x86_64-linux-gnu/ld-2.24.so
7f5d948bc000-7f5d948bd000 rw-p 00000000 00:00 0 
7ffc4fbe9000-7ffc4fc0a000 rw-p 00000000 00:00 0                          [stack]
7ffc4fdd3000-7ffc4fdd5000 r--p 00000000 00:00 0                          [vvar]
7ffc4fdd5000-7ffc4fdd7000 r-xp 00000000 00:00 0                          [vdso]
ffffffffff600000-ffffffffff601000 r-xp 00000000 00:00 0                  [vsyscall]

VM Arguments:
jvm_args: -Djava.awt.headless=true -Xmx1024M -Dfile.encoding=UTF-8 -Duser.country=FR -Duser.language=fr -Duser.variant 
java_command: com.android.dx.command.Main --dex --force-jumbo --num-threads=4 --multi-dex --output /home/capaldi/Master/M1/Tp_Info/Tp_Prog_Mob/projet_prog_android/ContentProviderResto/app/build/intermediates/transforms/dex/debug/folders/1000/10/com.android.support-support-v4-23.1.1_165fb90117f04551d3898820e636ce23e937215a /home/capaldi/Master/M1/Tp_Info/Tp_Prog_Mob/projet_prog_android/ContentProviderResto/app/build/intermediates/exploded-aar/com.android.support/support-v4/23.1.1/jars/classes.jar
java_class_path (initial): /home/capaldi/Android/Sdk/build-tools/23.0.1/lib/dx.jar
Launcher Type: SUN_STANDARD

Environment Variables:
JAVA_HOME=/usr/lib/jvm/java-8-oracle
PATH=/home/capaldi/bin:/home/capaldi/.local/bin:/usr/local/sbin:/usr/local/bin:/usr/sbin:/usr/bin:/sbin:/bin:/usr/games:/usr/local/games:/snap/bin:/usr/lib/jvm/java-8-oracle/bin:/usr/lib/jvm/java-8-oracle/db/bin:/usr/lib/jvm/java-8-oracle/jre/bin
USERNAME=capaldi
LD_LIBRARY_PATH=/opt/android-studio/bin:
SHELL=/bin/bash
DISPLAY=:0

Signal Handlers:
SIGSEGV: [libjvm.so+0xa6b0b0], sa_mask[0]=11111111011111111101111111111110, sa_flags=SA_RESTART|SA_SIGINFO
SIGBUS: [libjvm.so+0xa6b0b0], sa_mask[0]=11111111011111111101111111111110, sa_flags=SA_RESTART|SA_SIGINFO
SIGFPE: [libjvm.so+0x8b5420], sa_mask[0]=11111111011111111101111111111110, sa_flags=SA_RESTART|SA_SIGINFO
SIGPIPE: [libjvm.so+0x8b5420], sa_mask[0]=11111111011111111101111111111110, sa_flags=SA_RESTART|SA_SIGINFO
SIGXFSZ: [libjvm.so+0x8b5420], sa_mask[0]=11111111011111111101111111111110, sa_flags=SA_RESTART|SA_SIGINFO
SIGILL: [libjvm.so+0x8b5420], sa_mask[0]=11111111011111111101111111111110, sa_flags=SA_RESTART|SA_SIGINFO
SIGUSR1: SIG_DFL, sa_mask[0]=00000000000000000000000000000000, sa_flags=none
SIGUSR2: [libjvm.so+0x8b52d0], sa_mask[0]=00100000000000000000000000000000, sa_flags=SA_RESTART|SA_SIGINFO
SIGHUP: [libjvm.so+0x8b5780], sa_mask[0]=11111111011111111101111111111110, sa_flags=SA_RESTART|SA_SIGINFO
SIGINT: [libjvm.so+0x8b5780], sa_mask[0]=11111111011111111101111111111110, sa_flags=SA_RESTART|SA_SIGINFO
SIGTERM: [libjvm.so+0x8b5780], sa_mask[0]=11111111011111111101111111111110, sa_flags=SA_RESTART|SA_SIGINFO
SIGQUIT: [libjvm.so+0x8b5780], sa_mask[0]=11111111011111111101111111111110, sa_flags=SA_RESTART|SA_SIGINFO


---------------  S Y S T E M  ---------------

OS:DISTRIB_ID=Ubuntu
DISTRIB_RELEASE=16.10
DISTRIB_CODENAME=yakkety
DISTRIB_DESCRIPTION="Ubuntu 16.10"

uname:Linux 4.8.0-30-generic #32-Ubuntu SMP Fri Dec 2 03:43:27 UTC 2016 x86_64
libc:glibc 2.24 NPTL 2.24 
rlimit: STACK 8192k, CORE 0k, NPROC 15057, NOFILE 65536, AS infinity
load average:3,58 10,73 6,85

/proc/meminfo:
MemTotal:        3924112 kB
MemFree:          118348 kB
MemAvailable:      41976 kB
Buffers:            3628 kB
Cached:           356208 kB
SwapCached:            0 kB
Active:          3302952 kB
Inactive:         326420 kB
Active(anon):    3273120 kB
Inactive(anon):   298624 kB
Active(file):      29832 kB
Inactive(file):    27796 kB
Unevictable:           0 kB
Mlocked:               0 kB
SwapTotal:             0 kB
SwapFree:              0 kB
Dirty:               924 kB
Writeback:             0 kB
AnonPages:       3269800 kB
Mapped:           102252 kB
Shmem:            301860 kB
Slab:              76224 kB
SReclaimable:      34148 kB
SUnreclaim:        42076 kB
KernelStack:       12864 kB
PageTables:        43984 kB
NFS_Unstable:          0 kB
Bounce:                0 kB
WritebackTmp:          0 kB
CommitLimit:     1962056 kB
Committed_AS:    7687284 kB
VmallocTotal:   34359738367 kB
VmallocUsed:           0 kB
VmallocChunk:          0 kB
HardwareCorrupted:     0 kB
AnonHugePages:   1247232 kB
ShmemHugePages:        0 kB
ShmemPmdMapped:        0 kB
CmaTotal:              0 kB
CmaFree:               0 kB
HugePages_Total:       0
HugePages_Free:        0
HugePages_Rsvd:        0
HugePages_Surp:        0
Hugepagesize:       2048 kB
DirectMap4k:      115732 kB
DirectMap2M:     3956736 kB
DirectMap1G:     1048576 kB


CPU:total 4 (2 cores per cpu, 2 threads per core) family 6 model 142 stepping 9, cmov, cx8, fxsr, mmx, sse, sse2, sse3, ssse3, sse4.1, sse4.2, popcnt, avx, avx2, aes, clmul, erms, 3dnowpref, lzcnt, ht, tsc, tscinvbit, bmi1, bmi2, adx

/proc/cpuinfo:
processor	: 0
vendor_id	: GenuineIntel
cpu family	: 6
model		: 142
model name	: Intel(R) Core(TM) i5-7200U CPU @ 2.50GHz
stepping	: 9
microcode	: 0x38
cpu MHz		: 3099.957
cache size	: 3072 KB
physical id	: 0
siblings	: 4
core id		: 0
cpu cores	: 2
apicid		: 0
initial apicid	: 0
fpu		: yes
fpu_exception	: yes
cpuid level	: 22
wp		: yes
flags		: fpu vme de pse tsc msr pae mce cx8 apic sep mtrr pge mca cmov pat pse36 clflush dts acpi mmx fxsr sse sse2 ss ht tm pbe syscall nx pdpe1gb rdtscp lm constant_tsc art arch_perfmon pebs bts rep_good nopl xtopology nonstop_tsc aperfmperf eagerfpu pni pclmulqdq dtes64 monitor ds_cpl vmx est tm2 ssse3 sdbg fma cx16 xtpr pdcm pcid sse4_1 sse4_2 x2apic movbe popcnt tsc_deadline_timer aes xsave avx f16c rdrand lahf_lm abm 3dnowprefetch epb intel_pt tpr_shadow vnmi flexpriority ept vpid fsgsbase tsc_adjust bmi1 avx2 smep bmi2 erms invpcid mpx rdseed adx smap clflushopt xsaveopt xsavec xgetbv1 xsaves dtherm ida arat pln pts hwp hwp_notify hwp_act_window hwp_epp
bugs		:
bogomips	: 5400.00
clflush size	: 64
cache_alignment	: 64
address sizes	: 39 bits physical, 48 bits virtual
power management:

processor	: 1
vendor_id	: GenuineIntel
cpu family	: 6
model		: 142
model name	: Intel(R) Core(TM) i5-7200U CPU @ 2.50GHz
stepping	: 9
microcode	: 0x38
cpu MHz		: 3099.957
cache size	: 3072 KB
physical id	: 0
siblings	: 4
core id		: 1
cpu cores	: 2
apicid		: 2
initial apicid	: 2
fpu		: yes
fpu_exception	: yes
cpuid level	: 22
wp		: yes
flags		: fpu vme de pse tsc msr pae mce cx8 apic sep mtrr pge mca cmov pat pse36 clflush dts acpi mmx fxsr sse sse2 ss ht tm pbe syscall nx pdpe1gb rdtscp lm constant_tsc art arch_perfmon pebs bts rep_good nopl xtopology nonstop_tsc aperfmperf eagerfpu pni pclmulqdq dtes64 monitor ds_cpl vmx est tm2 ssse3 sdbg fma cx16 xtpr pdcm pcid sse4_1 sse4_2 x2apic movbe popcnt tsc_deadline_timer aes xsave avx f16c rdrand lahf_lm abm 3dnowprefetch epb intel_pt tpr_shadow vnmi flexpriority ept vpid fsgsbase tsc_adjust bmi1 avx2 smep bmi2 erms invpcid mpx rdseed adx smap clflushopt xsaveopt xsavec xgetbv1 xsaves dtherm ida arat pln pts hwp hwp_notify hwp_act_window hwp_epp
bugs		:
bogomips	: 5400.00
clflush size	: 64
cache_alignment	: 64
address sizes	: 39 bits physical, 48 bits virtual
power management:

processor	: 2
vendor_id	: GenuineIntel
cpu family	: 6
model		: 142
model name	: Intel(R) Core(TM) i5-7200U CPU @ 2.50GHz
stepping	: 9
microcode	: 0x38
cpu MHz		: 3099.957
cache size	: 3072 KB
physical id	: 0
siblings	: 4
core id		: 0
cpu cores	: 2
apicid		: 1
initial apicid	: 1
fpu		: yes
fpu_exception	: yes
cpuid level	: 22
wp		: yes
flags		: fpu vme de pse tsc msr pae mce cx8 apic sep mtrr pge mca cmov pat pse36 clflush dts acpi mmx fxsr sse sse2 ss ht tm pbe syscall nx pdpe1gb rdtscp lm constant_tsc art arch_perfmon pebs bts rep_good nopl xtopology nonstop_tsc aperfmperf eagerfpu pni pclmulqdq dtes64 monitor ds_cpl vmx est tm2 ssse3 sdbg fma cx16 xtpr pdcm pcid sse4_1 sse4_2 x2apic movbe popcnt tsc_deadline_timer aes xsave avx f16c rdrand lahf_lm abm 3dnowprefetch epb intel_pt tpr_shadow vnmi flexpriority ept vpid fsgsbase tsc_adjust bmi1 avx2 smep bmi2 erms invpcid mpx rdseed adx smap clflushopt xsaveopt xsavec xgetbv1 xsaves dtherm ida arat pln pts hwp hwp_notify hwp_act_window hwp_epp
bugs		:
bogomips	: 5400.00
clflush size	: 64
cache_alignment	: 64
address sizes	: 39 bits physical, 48 bits virtual
power management:

processor	: 3
vendor_id	: GenuineIntel
cpu family	: 6
model		: 142
model name	: Intel(R) Core(TM) i5-7200U CPU @ 2.50GHz
stepping	: 9
microcode	: 0x38
cpu MHz		: 3099.957
cache size	: 3072 KB
physical id	: 0
siblings	: 4
core id		: 1
cpu cores	: 2
apicid		: 3
initial apicid	: 3
fpu		: yes
fpu_exception	: yes
cpuid level	: 22
wp		: yes
flags		: fpu vme de pse tsc msr pae mce cx8 apic sep mtrr pge mca cmov pat pse36 clflush dts acpi mmx fxsr sse sse2 ss ht tm pbe syscall nx pdpe1gb rdtscp lm constant_tsc art arch_perfmon pebs bts rep_good nopl xtopology nonstop_tsc aperfmperf eagerfpu pni pclmulqdq dtes64 monitor ds_cpl vmx est tm2 ssse3 sdbg fma cx16 xtpr pdcm pcid sse4_1 sse4_2 x2apic movbe popcnt tsc_deadline_timer aes xsave avx f16c rdrand lahf_lm abm 3dnowprefetch epb intel_pt tpr_shadow vnmi flexpriority ept vpid fsgsbase tsc_adjust bmi1 avx2 smep bmi2 erms invpcid mpx rdseed adx smap clflushopt xsaveopt xsavec xgetbv1 xsaves dtherm ida arat pln pts hwp hwp_notify hwp_act_window hwp_epp
bugs		:
bogomips	: 5400.00
clflush size	: 64
cache_alignment	: 64
address sizes	: 39 bits physical, 48 bits virtual
power management:



Memory: 4k page, physical 3924112k(118348k free), swap 0k(0k free)

vm_info: OpenJDK 64-Bit Server VM (25.111-b14) for linux-amd64 JRE (1.8.0_111-8u111-b14-2ubuntu0.16.10.2-b14), built on Oct 27 2016 14:16:18 by "buildd" with gcc 6.2.0 20161005

time: Sun Dec 18 23:18:44 2016
elapsed time: 3 seconds (0d 0h 0m 3s)

