#
# There is insufficient memory for the Java Runtime Environment to continue.
# Native memory allocation (mmap) failed to map 140509184 bytes for committing reserved memory.
# Possible reasons:
#   The system is out of physical RAM or swap space
#   In 32 bit mode, the process size limit was hit
# Possible solutions:
#   Reduce memory load on the system
#   Increase physical memory or swap space
#   Check if swap backing store is full
#   Use 64 bit Java on a 64 bit OS
#   Decrease Java heap size (-Xmx/-Xms)
#   Decrease number of Java threads
#   Decrease Java thread stack sizes (-Xss)
#   Set larger code cache with -XX:ReservedCodeCacheSize=
# This output file may be truncated or incomplete.
#
#  Out of Memory Error (os_linux.cpp:2630), pid=5356, tid=0x00007fd0735f5700
#
# JRE version: OpenJDK Runtime Environment (8.0_111-b14) (build 1.8.0_111-8u111-b14-2ubuntu0.16.10.2-b14)
# Java VM: OpenJDK 64-Bit Server VM (25.111-b14 mixed mode linux-amd64 compressed oops)
# Failed to write core dump. Core dumps have been disabled. To enable core dumping, try "ulimit -c unlimited" before starting Java again
#

---------------  T H R E A D  ---------------

Current thread (0x00007fd090077800):  VMThread [stack: 0x00007fd0734f5000,0x00007fd0735f6000] [id=5374]

Stack: [0x00007fd0734f5000,0x00007fd0735f6000],  sp=0x00007fd0735f44b0,  free space=1021k
Native frames: (J=compiled Java code, j=interpreted, Vv=VM code, C=native code)
V  [libjvm.so+0xa6a620]  VMError::report_and_die()+0x160
V  [libjvm.so+0x4c4e2c]  report_vm_out_of_memory(char const*, int, unsigned long, VMErrorType, char const*)+0xac
V  [libjvm.so+0x8b9c00]  os::pd_commit_memory(char*, unsigned long, unsigned long, bool)+0xf0
V  [libjvm.so+0x8b428e]  os::commit_memory(char*, unsigned long, unsigned long, bool)+0x2e
V  [libjvm.so+0x92eade]  PSVirtualSpace::expand_by(unsigned long)+0x4e
V  [libjvm.so+0x92fe63]  PSYoungGen::resize(unsigned long, unsigned long)+0x103
V  [libjvm.so+0x92c4b3]  PSScavenge::invoke_no_policy()+0x1503
V  [libjvm.so+0x92c75c]  PSScavenge::invoke()+0x4c
V  [libjvm.so+0x8de0e3]  ParallelScavengeHeap::failed_mem_allocate(unsigned long)+0x63
V  [libjvm.so+0xa6c292]  VM_ParallelGCFailedAllocation::doit()+0x92
V  [libjvm.so+0xa713f7]  VM_Operation::evaluate()+0x47
V  [libjvm.so+0xa6eb87]  VMThread::evaluate_operation(VM_Operation*) [clone .constprop.30]+0xe7
V  [libjvm.so+0xa70006]  VMThread::loop()+0x246
V  [libjvm.so+0xa70501]  VMThread::run()+0x81
V  [libjvm.so+0x8b7192]  java_start(Thread*)+0xf2

VM_Operation (0x00007fd0728c6cf0): ParallelGCFailedAllocation, mode: safepoint, requested by thread 0x00007fd09017d000


---------------  P R O C E S S  ---------------

Java Threads: ( => current thread )
  0x00007fd09017d000 JavaThread "pool-1-thread-1" [_thread_blocked, id=5594, stack(0x00007fd0727c8000,0x00007fd0728c9000)]
  0x00007fd0900b9800 JavaThread "Service Thread" daemon [_thread_blocked, id=5404, stack(0x00007fd072b10000,0x00007fd072c11000)]
  0x00007fd0900b2800 JavaThread "C1 CompilerThread2" daemon [_thread_blocked, id=5400, stack(0x00007fd072c11000,0x00007fd072d12000)]
  0x00007fd0900b0800 JavaThread "C2 CompilerThread1" daemon [_thread_blocked, id=5394, stack(0x00007fd072d12000,0x00007fd072e13000)]
  0x00007fd0900ad800 JavaThread "C2 CompilerThread0" daemon [_thread_blocked, id=5393, stack(0x00007fd072e13000,0x00007fd072f14000)]
  0x00007fd0900ab800 JavaThread "Signal Dispatcher" daemon [_thread_blocked, id=5392, stack(0x00007fd072f14000,0x00007fd073015000)]
  0x00007fd090084000 JavaThread "Finalizer" daemon [_thread_blocked, id=5382, stack(0x00007fd0732f3000,0x00007fd0733f4000)]
  0x00007fd09007f800 JavaThread "Reference Handler" daemon [_thread_blocked, id=5380, stack(0x00007fd0733f4000,0x00007fd0734f5000)]
  0x00007fd09000a800 JavaThread "main" [_thread_blocked, id=5359, stack(0x00007fd09a2bb000,0x00007fd09a3bc000)]

Other Threads:
=>0x00007fd090077800 VMThread [stack: 0x00007fd0734f5000,0x00007fd0735f6000] [id=5374]
  0x00007fd0900bc000 WatcherThread [stack: 0x00007fd072a0f000,0x00007fd072b10000] [id=5405]

VM state:at safepoint (normal execution)

VM Mutex/Monitor currently owned by a thread:  ([mutex/lock_event])
[0x00007fd0900068c0] Threads_lock - owner thread: 0x00007fd090077800
[0x00007fd090006dc0] Heap_lock - owner thread: 0x00007fd09017d000

Heap:
 PSYoungGen      total 135680K, used 14307K [0x00000000eab00000, 0x00000000f3f00000, 0x0000000100000000)
  eden space 121344K, 0% used [0x00000000eab00000,0x00000000eab00000,0x00000000f2180000)
  from space 14336K, 99% used [0x00000000f2180000,0x00000000f2f78e58,0x00000000f2f80000)
  to   space 12800K, 0% used [0x00000000f2f80000,0x00000000f2f80000,0x00000000f3c00000)
 ParOldGen       total 40960K, used 35153K [0x00000000c0000000, 0x00000000c2800000, 0x00000000eab00000)
  object space 40960K, 85% used [0x00000000c0000000,0x00000000c2254670,0x00000000c2800000)
 Metaspace       used 6598K, capacity 7384K, committed 7680K, reserved 1056768K
  class space    used 623K, capacity 656K, committed 768K, reserved 1048576K

Card table byte_map: [0x00007fd096770000,0x00007fd096971000] byte_map_base: 0x00007fd096170000

Marking Bits: (ParMarkBitMap*) 0x00007fd09958c220
 Begin Bits: [0x00007fd094216000, 0x00007fd095216000)
 End Bits:   [0x00007fd095216000, 0x00007fd096216000)

Polling page: 0x00007fd09a3db000

CodeCache: size=245760Kb used=7459Kb max_used=7459Kb free=238300Kb
 bounds [0x00007fd081000000, 0x00007fd081750000, 0x00007fd090000000]
 total_blobs=2293 nmethods=2025 adapters=182
 compilation: enabled

Compilation events (10 events):
Event: 5,057 Thread 0x00007fd0900b2800 nmethod 2349 0x00007fd08173f750 code [0x00007fd08173fb60, 0x00007fd081742078]
Event: 5,057 Thread 0x00007fd0900b2800 2342 %     3       com.android.dx.rop.code.RegisterSpecSet::withOffset @ 20 (77 bytes)
Event: 5,058 Thread 0x00007fd0900b2800 nmethod 2342% 0x00007fd081743b10 code [0x00007fd081743d00, 0x00007fd081744918]
Event: 5,058 Thread 0x00007fd0900b2800 2351       3       com.android.dx.dex.code.PositionList::make (224 bytes)
Event: 5,059 Thread 0x00007fd0900b2800 nmethod 2351 0x00007fd081744ed0 code [0x00007fd0817451c0, 0x00007fd081746c68]
Event: 5,059 Thread 0x00007fd0900b2800 2340       2       com.android.dx.dex.code.StdCatchBuilder::build (262 bytes)
Event: 5,063 Thread 0x00007fd0900b2800 nmethod 2340 0x00007fd081747c90 code [0x00007fd081747fe0, 0x00007fd0817491e8]
Event: 5,063 Thread 0x00007fd0900b2800 2343       2       com.android.dx.dex.code.OutputFinisher::reserveRegisters (119 bytes)
Event: 5,064 Thread 0x00007fd0900b2800 nmethod 2343 0x00007fd08174b610 code [0x00007fd08174b800, 0x00007fd08174be38]
Event: 5,064 Thread 0x00007fd0900b2800 2341       2       com.android.dx.dex.code.DalvInsn::getMinimumRegisterRequirement (101 bytes)

GC Heap History (10 events):
Event: 1,903 GC heap after
Heap after GC invocations=2 (full 0):
 PSYoungGen      total 33280K, used 2558K [0x00000000eab00000, 0x00000000ece00000, 0x0000000100000000)
  eden space 30720K, 0% used [0x00000000eab00000,0x00000000eab00000,0x00000000ec900000)
  from space 2560K, 99% used [0x00000000ecb80000,0x00000000ecdffaf8,0x00000000ece00000)
  to   space 2560K, 0% used [0x00000000ec900000,0x00000000ec900000,0x00000000ecb80000)
 ParOldGen       total 40960K, used 3922K [0x00000000c0000000, 0x00000000c2800000, 0x00000000eab00000)
  object space 40960K, 9% used [0x00000000c0000000,0x00000000c03d4b98,0x00000000c2800000)
 Metaspace       used 5807K, capacity 6832K, committed 7040K, reserved 1056768K
  class space    used 583K, capacity 616K, committed 640K, reserved 1048576K
}
Event: 2,479 GC heap before
{Heap before GC invocations=3 (full 0):
 PSYoungGen      total 33280K, used 33278K [0x00000000eab00000, 0x00000000ece00000, 0x0000000100000000)
  eden space 30720K, 100% used [0x00000000eab00000,0x00000000ec900000,0x00000000ec900000)
  from space 2560K, 99% used [0x00000000ecb80000,0x00000000ecdffaf8,0x00000000ece00000)
  to   space 2560K, 0% used [0x00000000ec900000,0x00000000ec900000,0x00000000ecb80000)
 ParOldGen       total 40960K, used 3922K [0x00000000c0000000, 0x00000000c2800000, 0x00000000eab00000)
  object space 40960K, 9% used [0x00000000c0000000,0x00000000c03d4b98,0x00000000c2800000)
 Metaspace       used 5955K, capacity 6904K, committed 7040K, reserved 1056768K
  class space    used 604K, capacity 624K, committed 640K, reserved 1048576K
Event: 2,514 GC heap after
Heap after GC invocations=3 (full 0):
 PSYoungGen      total 33280K, used 2534K [0x00000000eab00000, 0x00000000eec00000, 0x0000000100000000)
  eden space 30720K, 0% used [0x00000000eab00000,0x00000000eab00000,0x00000000ec900000)
  from space 2560K, 98% used [0x00000000ec900000,0x00000000ecb79978,0x00000000ecb80000)
  to   space 2560K, 0% used [0x00000000ee980000,0x00000000ee980000,0x00000000eec00000)
 ParOldGen       total 40960K, used 8511K [0x00000000c0000000, 0x00000000c2800000, 0x00000000eab00000)
  object space 40960K, 20% used [0x00000000c0000000,0x00000000c084fe58,0x00000000c2800000)
 Metaspace       used 5955K, capacity 6904K, committed 7040K, reserved 1056768K
  class space    used 604K, capacity 624K, committed 640K, reserved 1048576K
}
Event: 2,836 GC heap before
{Heap before GC invocations=4 (full 0):
 PSYoungGen      total 33280K, used 33254K [0x00000000eab00000, 0x00000000eec00000, 0x0000000100000000)
  eden space 30720K, 100% used [0x00000000eab00000,0x00000000ec900000,0x00000000ec900000)
  from space 2560K, 98% used [0x00000000ec900000,0x00000000ecb79978,0x00000000ecb80000)
  to   space 2560K, 0% used [0x00000000ee980000,0x00000000ee980000,0x00000000eec00000)
 ParOldGen       total 40960K, used 8511K [0x00000000c0000000, 0x00000000c2800000, 0x00000000eab00000)
  object space 40960K, 20% used [0x00000000c0000000,0x00000000c084fe58,0x00000000c2800000)
 Metaspace       used 5979K, capacity 6904K, committed 7040K, reserved 1056768K
  class space    used 604K, capacity 624K, committed 640K, reserved 1048576K
Event: 2,865 GC heap after
Heap after GC invocations=4 (full 0):
 PSYoungGen      total 64000K, used 2548K [0x00000000eab00000, 0x00000000eec00000, 0x0000000100000000)
  eden space 61440K, 0% used [0x00000000eab00000,0x00000000eab00000,0x00000000ee700000)
  from space 2560K, 99% used [0x00000000ee980000,0x00000000eebfd168,0x00000000eec00000)
  to   space 2560K, 0% used [0x00000000ee700000,0x00000000ee700000,0x00000000ee980000)
 ParOldGen       total 40960K, used 13281K [0x00000000c0000000, 0x00000000c2800000, 0x00000000eab00000)
  object space 40960K, 32% used [0x00000000c0000000,0x00000000c0cf8700,0x00000000c2800000)
 Metaspace       used 5979K, capacity 6904K, committed 7040K, reserved 1056768K
  class space    used 604K, capacity 624K, committed 640K, reserved 1048576K
}
Event: 3,365 GC heap before
{Heap before GC invocations=5 (full 0):
 PSYoungGen      total 64000K, used 63988K [0x00000000eab00000, 0x00000000eec00000, 0x0000000100000000)
  eden space 61440K, 100% used [0x00000000eab00000,0x00000000ee700000,0x00000000ee700000)
  from space 2560K, 99% used [0x00000000ee980000,0x00000000eebfd168,0x00000000eec00000)
  to   space 2560K, 0% used [0x00000000ee700000,0x00000000ee700000,0x00000000ee980000)
 ParOldGen       total 40960K, used 13281K [0x00000000c0000000, 0x00000000c2800000, 0x00000000eab00000)
  object space 40960K, 32% used [0x00000000c0000000,0x00000000c0cf8700,0x00000000c2800000)
 Metaspace       used 6108K, capacity 7032K, committed 7296K, reserved 1056768K
  class space    used 604K, capacity 624K, committed 640K, reserved 1048576K
Event: 3,426 GC heap after
Heap after GC invocations=5 (full 0):
 PSYoungGen      total 64000K, used 2544K [0x00000000eab00000, 0x00000000f3c00000, 0x0000000100000000)
  eden space 61440K, 0% used [0x00000000eab00000,0x00000000eab00000,0x00000000ee700000)
  from space 2560K, 99% used [0x00000000ee700000,0x00000000ee97c138,0x00000000ee980000)
  to   space 12800K, 0% used [0x00000000f2f80000,0x00000000f2f80000,0x00000000f3c00000)
 ParOldGen       total 40960K, used 22790K [0x00000000c0000000, 0x00000000c2800000, 0x00000000eab00000)
  object space 40960K, 55% used [0x00000000c0000000,0x00000000c1641aa8,0x00000000c2800000)
 Metaspace       used 6108K, capacity 7032K, committed 7296K, reserved 1056768K
  class space    used 604K, capacity 624K, committed 640K, reserved 1048576K
}
Event: 3,771 GC heap before
{Heap before GC invocations=6 (full 0):
 PSYoungGen      total 64000K, used 63984K [0x00000000eab00000, 0x00000000f3c00000, 0x0000000100000000)
  eden space 61440K, 100% used [0x00000000eab00000,0x00000000ee700000,0x00000000ee700000)
  from space 2560K, 99% used [0x00000000ee700000,0x00000000ee97c138,0x00000000ee980000)
  to   space 12800K, 0% used [0x00000000f2f80000,0x00000000f2f80000,0x00000000f3c00000)
 ParOldGen       total 40960K, used 22790K [0x00000000c0000000, 0x00000000c2800000, 0x00000000eab00000)
  object space 40960K, 55% used [0x00000000c0000000,0x00000000c1641aa8,0x00000000c2800000)
 Metaspace       used 6136K, capacity 7032K, committed 7296K, reserved 1056768K
  class space    used 604K, capacity 624K, committed 640K, reserved 1048576K
Event: 3,802 GC heap after
Heap after GC invocations=6 (full 0):
 PSYoungGen      total 134144K, used 11937K [0x00000000eab00000, 0x00000000f3f00000, 0x0000000100000000)
  eden space 121344K, 0% used [0x00000000eab00000,0x00000000eab00000,0x00000000f2180000)
  from space 12800K, 93% used [0x00000000f2f80000,0x00000000f3b287b0,0x00000000f3c00000)
  to   space 14336K, 0% used [0x00000000f2180000,0x00000000f2180000,0x00000000f2f80000)
 ParOldGen       total 40960K, used 22790K [0x00000000c0000000, 0x00000000c2800000, 0x00000000eab00000)
  object space 40960K, 55% used [0x00000000c0000000,0x00000000c1641aa8,0x00000000c2800000)
 Metaspace       used 6136K, capacity 7032K, committed 7296K, reserved 1056768K
  class space    used 604K, capacity 624K, committed 640K, reserved 1048576K
}
Event: 5,064 GC heap before
{Heap before GC invocations=7 (full 0):
 PSYoungGen      total 134144K, used 133281K [0x00000000eab00000, 0x00000000f3f00000, 0x0000000100000000)
  eden space 121344K, 100% used [0x00000000eab00000,0x00000000f2180000,0x00000000f2180000)
  from space 12800K, 93% used [0x00000000f2f80000,0x00000000f3b287b0,0x00000000f3c00000)
  to   space 14336K, 0% used [0x00000000f2180000,0x00000000f2180000,0x00000000f2f80000)
 ParOldGen       total 40960K, used 22790K [0x00000000c0000000, 0x00000000c2800000, 0x00000000eab00000)
  object space 40960K, 55% used [0x00000000c0000000,0x00000000c1641aa8,0x00000000c2800000)
 Metaspace       used 6598K, capacity 7384K, committed 7680K, reserved 1056768K
  class space    used 623K, capacity 656K, committed 768K, reserved 1048576K

Deoptimization events (10 events):
Event: 3,926 Thread 0x00007fd09000a800 Uncommon trap: reason=unstable_if action=reinterpret pc=0x00007fd08153eec8 method=com.android.dx.ssa.SCCP.simulateStmt(Lcom/android/dx/ssa/SsaInsn;)V @ 59
Event: 4,195 Thread 0x00007fd090181000 Uncommon trap: reason=bimorphic action=maybe_recompile pc=0x00007fd081646900 method=com.android.dx.cf.code.BytecodeArray.parseInstruction(ILcom/android/dx/cf/code/BytecodeArray$Visitor;)I @ 987
Event: 4,195 Thread 0x00007fd090181000 Uncommon trap: reason=bimorphic action=maybe_recompile pc=0x00007fd0816467f8 method=com.android.dx.cf.code.BytecodeArray.parseInstruction(ILcom/android/dx/cf/code/BytecodeArray$Visitor;)I @ 955
Event: 4,195 Thread 0x00007fd090181000 Uncommon trap: reason=bimorphic action=maybe_recompile pc=0x00007fd08164687c method=com.android.dx.cf.code.BytecodeArray.parseInstruction(ILcom/android/dx/cf/code/BytecodeArray$Visitor;)I @ 971
Event: 4,195 Thread 0x00007fd090181000 Uncommon trap: reason=bimorphic action=maybe_recompile pc=0x00007fd081646900 method=com.android.dx.cf.code.BytecodeArray.parseInstruction(ILcom/android/dx/cf/code/BytecodeArray$Visitor;)I @ 987
Event: 4,411 Thread 0x00007fd09017d000 Uncommon trap: reason=class_check action=maybe_recompile pc=0x00007fd08143d474 method=java.util.Arrays.hashCode([Ljava/lang/Object;)I @ 43
Event: 4,411 Thread 0x00007fd09017d000 Uncommon trap: reason=class_check action=maybe_recompile pc=0x00007fd08143d474 method=java.util.Arrays.hashCode([Ljava/lang/Object;)I @ 43
Event: 4,411 Thread 0x00007fd09017d000 Uncommon trap: reason=class_check action=maybe_recompile pc=0x00007fd08143d474 method=java.util.Arrays.hashCode([Ljava/lang/Object;)I @ 43
Event: 4,411 Thread 0x00007fd09017d000 Uncommon trap: reason=class_check action=maybe_recompile pc=0x00007fd08143d474 method=java.util.Arrays.hashCode([Ljava/lang/Object;)I @ 43
Event: 4,881 Thread 0x00007fd09017d000 Uncommon trap: reason=unstable_if action=reinterpret pc=0x00007fd08130d89c method=java.util.Arrays.equals([Ljava/lang/Object;[Ljava/lang/Object;)Z @ 23

Internal exceptions (5 events):
Event: 0,020 Thread 0x00007fd09000a800 Exception <a 'java/lang/NoSuchMethodError': Method sun.misc.Unsafe.defineClass(Ljava/lang/String;[BII)Ljava/lang/Class; name or signature does not match> (0x00000000eab07c78) thrown at [/build/openjdk-8-jhKD9R/openjdk-8-8u111-b14/src/hotspot/src/share/vm/
Event: 0,020 Thread 0x00007fd09000a800 Exception <a 'java/lang/NoSuchMethodError': Method sun.misc.Unsafe.prefetchRead(Ljava/lang/Object;J)V name or signature does not match> (0x00000000eab07f60) thrown at [/build/openjdk-8-jhKD9R/openjdk-8-8u111-b14/src/hotspot/src/share/vm/prims/jni.cpp, lin
Event: 2,346 Thread 0x00007fd090175000 Exception <a 'java/lang/ArrayIndexOutOfBoundsException': 18> (0x00000000ebcd1c20) thrown at [/build/openjdk-8-jhKD9R/openjdk-8-8u111-b14/src/hotspot/src/share/vm/interpreter/interpreterRuntime.cpp, line 366]
Event: 2,347 Thread 0x00007fd090175000 Exception <a 'java/lang/ArrayIndexOutOfBoundsException': 145> (0x00000000ebcd37a0) thrown at [/build/openjdk-8-jhKD9R/openjdk-8-8u111-b14/src/hotspot/src/share/vm/interpreter/interpreterRuntime.cpp, line 366]
Event: 2,353 Thread 0x00007fd090175000 Exception <a 'java/lang/ArrayIndexOutOfBoundsException': 40> (0x00000000ebcd4a88) thrown at [/build/openjdk-8-jhKD9R/openjdk-8-8u111-b14/src/hotspot/src/share/vm/interpreter/interpreterRuntime.cpp, line 366]

Events (10 events):
Event: 5,047 Thread 0x00007fd09017d000 DEOPT UNPACKING pc=0x00007fd081047373 sp=0x00007fd0728c7000 mode 0
Event: 5,049 Thread 0x00007fd09017d000 DEOPT PACKING pc=0x00007fd08170ec2d sp=0x00007fd0728c7140
Event: 5,049 Thread 0x00007fd09017d000 DEOPT UNPACKING pc=0x00007fd081047373 sp=0x00007fd0728c6ee0 mode 0
Event: 5,049 Thread 0x00007fd09017d000 DEOPT PACKING pc=0x00007fd0817100b4 sp=0x00007fd0728c7050
Event: 5,049 Thread 0x00007fd09017d000 DEOPT UNPACKING pc=0x00007fd081047373 sp=0x00007fd0728c6ec0 mode 0
Event: 5,050 Thread 0x00007fd09017d000 DEOPT PACKING pc=0x00007fd0816ed0fc sp=0x00007fd0728c71f0
Event: 5,050 Thread 0x00007fd09017d000 DEOPT UNPACKING pc=0x00007fd081047373 sp=0x00007fd0728c6f78 mode 0
Event: 5,051 Thread 0x00007fd09017d000 DEOPT PACKING pc=0x00007fd0816f1582 sp=0x00007fd0728c7280
Event: 5,051 Thread 0x00007fd09017d000 DEOPT UNPACKING pc=0x00007fd081047373 sp=0x00007fd0728c7078 mode 0
Event: 5,064 Executing VM operation: ParallelGCFailedAllocation


Dynamic libraries:
c0000000-c2800000 rw-p 00000000 00:00 0 
c2800000-eab00000 ---p 00000000 00:00 0 
eab00000-f3f00000 rw-p 00000000 00:00 0 
fc500000-100000000 ---p 00000000 00:00 0 
100000000-1000c0000 rw-p 00000000 00:00 0 
1000c0000-140000000 ---p 00000000 00:00 0 
558f9de47000-558f9de48000 r-xp 00000000 08:02 1442050                    /usr/lib/jvm/java-8-openjdk-amd64/jre/bin/java
558f9e047000-558f9e048000 r--p 00000000 08:02 1442050                    /usr/lib/jvm/java-8-openjdk-amd64/jre/bin/java
558f9e048000-558f9e049000 rw-p 00001000 08:02 1442050                    /usr/lib/jvm/java-8-openjdk-amd64/jre/bin/java
558f9fcb8000-558f9fcd9000 rw-p 00000000 00:00 0                          [heap]
7fd030000000-7fd03002d000 rw-p 00000000 00:00 0 
7fd03002d000-7fd034000000 ---p 00000000 00:00 0 
7fd038000000-7fd038021000 rw-p 00000000 00:00 0 
7fd038021000-7fd03c000000 ---p 00000000 00:00 0 
7fd03c000000-7fd03c021000 rw-p 00000000 00:00 0 
7fd03c021000-7fd040000000 ---p 00000000 00:00 0 
7fd040000000-7fd040042000 rw-p 00000000 00:00 0 
7fd040042000-7fd044000000 ---p 00000000 00:00 0 
7fd044000000-7fd044021000 rw-p 00000000 00:00 0 
7fd044021000-7fd048000000 ---p 00000000 00:00 0 
7fd048000000-7fd048021000 rw-p 00000000 00:00 0 
7fd048021000-7fd04c000000 ---p 00000000 00:00 0 
7fd04c000000-7fd04cbfc000 rw-p 00000000 00:00 0 
7fd04cbfc000-7fd050000000 ---p 00000000 00:00 0 
7fd050000000-7fd050bdc000 rw-p 00000000 00:00 0 
7fd050bdc000-7fd054000000 ---p 00000000 00:00 0 
7fd054000000-7fd054021000 rw-p 00000000 00:00 0 
7fd054021000-7fd058000000 ---p 00000000 00:00 0 
7fd058000000-7fd058021000 rw-p 00000000 00:00 0 
7fd058021000-7fd05c000000 ---p 00000000 00:00 0 
7fd05c000000-7fd05cc86000 rw-p 00000000 00:00 0 
7fd05cc86000-7fd060000000 ---p 00000000 00:00 0 
7fd060000000-7fd060021000 rw-p 00000000 00:00 0 
7fd060021000-7fd064000000 ---p 00000000 00:00 0 
7fd064000000-7fd064021000 rw-p 00000000 00:00 0 
7fd064021000-7fd068000000 ---p 00000000 00:00 0 
7fd068000000-7fd068279000 rw-p 00000000 00:00 0 
7fd068279000-7fd06c000000 ---p 00000000 00:00 0 
7fd06c000000-7fd06c021000 rw-p 00000000 00:00 0 
7fd06c021000-7fd070000000 ---p 00000000 00:00 0 
7fd07249f000-7fd0724c5000 r--p 00000000 08:02 1969241                    /usr/share/locale-langpack/fr/LC_MESSAGES/libc.mo
7fd0724c5000-7fd0724c8000 ---p 00000000 00:00 0 
7fd0724c8000-7fd0725c6000 rw-p 00000000 00:00 0 
7fd0725c6000-7fd0725c9000 ---p 00000000 00:00 0 
7fd0725c9000-7fd0726c7000 rw-p 00000000 00:00 0 
7fd0726c7000-7fd0726ca000 ---p 00000000 00:00 0 
7fd0726ca000-7fd0727c8000 rw-p 00000000 00:00 0 
7fd0727c8000-7fd0727cb000 ---p 00000000 00:00 0 
7fd0727cb000-7fd0728c9000 rw-p 00000000 00:00 0 
7fd0728c9000-7fd0728cc000 ---p 00000000 00:00 0 
7fd0728cc000-7fd0729ca000 rw-p 00000000 00:00 0 
7fd0729ca000-7fd0729d9000 r--s 000df000 08:03 3682082                    /home/capaldi/Android/Sdk/build-tools/23.0.1/lib/dx.jar
7fd0729d9000-7fd0729f4000 r--s 00394000 08:02 1448895                    /usr/lib/jvm/java-8-openjdk-amd64/jre/lib/ext/cldrdata.jar
7fd0729f4000-7fd072a0f000 r--s 001d5000 08:02 1450299                    /usr/lib/jvm/java-8-openjdk-amd64/jre/lib/ext/nashorn.jar
7fd072a0f000-7fd072a10000 ---p 00000000 00:00 0 
7fd072a10000-7fd072b10000 rw-p 00000000 00:00 0 
7fd072b10000-7fd072b13000 ---p 00000000 00:00 0 
7fd072b13000-7fd072c11000 rw-p 00000000 00:00 0 
7fd072c11000-7fd072c14000 ---p 00000000 00:00 0 
7fd072c14000-7fd072d12000 rw-p 00000000 00:00 0 
7fd072d12000-7fd072d15000 ---p 00000000 00:00 0 
7fd072d15000-7fd072e13000 rw-p 00000000 00:00 0 
7fd072e13000-7fd072e16000 ---p 00000000 00:00 0 
7fd072e16000-7fd072f14000 rw-p 00000000 00:00 0 
7fd072f14000-7fd072f17000 ---p 00000000 00:00 0 
7fd072f17000-7fd073015000 rw-p 00000000 00:00 0 
7fd073015000-7fd0732f3000 r--p 00000000 08:02 1443208                    /usr/lib/locale/locale-archive
7fd0732f3000-7fd0732f6000 ---p 00000000 00:00 0 
7fd0732f6000-7fd0733f4000 rw-p 00000000 00:00 0 
7fd0733f4000-7fd0733f7000 ---p 00000000 00:00 0 
7fd0733f7000-7fd0734f5000 rw-p 00000000 00:00 0 
7fd0734f5000-7fd0734f6000 ---p 00000000 00:00 0 
7fd0734f6000-7fd074000000 rw-p 00000000 00:00 0 
7fd074000000-7fd074021000 rw-p 00000000 00:00 0 
7fd074021000-7fd078000000 ---p 00000000 00:00 0 
7fd078000000-7fd078021000 rw-p 00000000 00:00 0 
7fd078021000-7fd07c000000 ---p 00000000 00:00 0 
7fd07c000000-7fd07c021000 rw-p 00000000 00:00 0 
7fd07c021000-7fd080000000 ---p 00000000 00:00 0 
7fd080007000-7fd0805bc000 rw-p 00000000 00:00 0 
7fd0805bc000-7fd08078a000 r--s 03bf1000 08:02 1457869                    /usr/lib/jvm/java-8-openjdk-amd64/jre/lib/rt.jar
7fd08078a000-7fd080ec0000 rw-p 00000000 00:00 0 
7fd080ec0000-7fd081000000 ---p 00000000 00:00 0 
7fd081000000-7fd081750000 rwxp 00000000 00:00 0 
7fd081750000-7fd090000000 ---p 00000000 00:00 0 
7fd090000000-7fd0903bd000 rw-p 00000000 00:00 0 
7fd0903bd000-7fd094000000 ---p 00000000 00:00 0 
7fd094003000-7fd09400a000 r--s 00000000 08:02 1717449                    /usr/lib/x86_64-linux-gnu/gconv/gconv-modules.cache
7fd09400a000-7fd09400d000 r--s 0000f000 08:02 1449666                    /usr/lib/jvm/java-8-openjdk-amd64/jre/lib/ext/icedtea-sound.jar
7fd09400d000-7fd094011000 r--s 00037000 08:02 1457848                    /usr/lib/jvm/java-8-openjdk-amd64/jre/lib/ext/sunpkcs11.jar
7fd094011000-7fd094016000 r--s 0003b000 08:02 1457847                    /usr/lib/jvm/java-8-openjdk-amd64/jre/lib/ext/sunjce_provider.jar
7fd094016000-7fd096216000 rw-p 00000000 00:00 0 
7fd096216000-7fd096217000 ---p 00000000 00:00 0 
7fd096217000-7fd096317000 rw-p 00000000 00:00 0 
7fd096317000-7fd096318000 ---p 00000000 00:00 0 
7fd096318000-7fd096418000 rw-p 00000000 00:00 0 
7fd096418000-7fd096419000 ---p 00000000 00:00 0 
7fd096419000-7fd096519000 rw-p 00000000 00:00 0 
7fd096519000-7fd09651a000 ---p 00000000 00:00 0 
7fd09651a000-7fd09662e000 rw-p 00000000 00:00 0 
7fd09662e000-7fd096770000 ---p 00000000 00:00 0 
7fd096770000-7fd096784000 rw-p 00000000 00:00 0 
7fd096784000-7fd0968c5000 ---p 00000000 00:00 0 
7fd0968c5000-7fd096910000 rw-p 00000000 00:00 0 
7fd096910000-7fd096970000 ---p 00000000 00:00 0 
7fd096970000-7fd09698f000 rw-p 00000000 00:00 0 
7fd09698f000-7fd096d31000 ---p 00000000 00:00 0 
7fd096d31000-7fd096d39000 r-xp 00000000 08:02 1446563                    /usr/lib/jvm/java-8-openjdk-amd64/jre/lib/amd64/libzip.so
7fd096d39000-7fd096f38000 ---p 00008000 08:02 1446563                    /usr/lib/jvm/java-8-openjdk-amd64/jre/lib/amd64/libzip.so
7fd096f38000-7fd096f39000 r--p 00007000 08:02 1446563                    /usr/lib/jvm/java-8-openjdk-amd64/jre/lib/amd64/libzip.so
7fd096f39000-7fd096f3a000 rw-p 00008000 08:02 1446563                    /usr/lib/jvm/java-8-openjdk-amd64/jre/lib/amd64/libzip.so
7fd096f3a000-7fd096f45000 r-xp 00000000 08:02 920553                     /lib/x86_64-linux-gnu/libnss_files-2.24.so
7fd096f45000-7fd097144000 ---p 0000b000 08:02 920553                     /lib/x86_64-linux-gnu/libnss_files-2.24.so
7fd097144000-7fd097145000 r--p 0000a000 08:02 920553                     /lib/x86_64-linux-gnu/libnss_files-2.24.so
7fd097145000-7fd097146000 rw-p 0000b000 08:02 920553                     /lib/x86_64-linux-gnu/libnss_files-2.24.so
7fd097146000-7fd09714c000 rw-p 00000000 00:00 0 
7fd09714c000-7fd097157000 r-xp 00000000 08:02 920555                     /lib/x86_64-linux-gnu/libnss_nis-2.24.so
7fd097157000-7fd097356000 ---p 0000b000 08:02 920555                     /lib/x86_64-linux-gnu/libnss_nis-2.24.so
7fd097356000-7fd097357000 r--p 0000a000 08:02 920555                     /lib/x86_64-linux-gnu/libnss_nis-2.24.so
7fd097357000-7fd097358000 rw-p 0000b000 08:02 920555                     /lib/x86_64-linux-gnu/libnss_nis-2.24.so
7fd097358000-7fd09736e000 r-xp 00000000 08:02 915807                     /lib/x86_64-linux-gnu/libnsl-2.24.so
7fd09736e000-7fd09756d000 ---p 00016000 08:02 915807                     /lib/x86_64-linux-gnu/libnsl-2.24.so
7fd09756d000-7fd09756e000 r--p 00015000 08:02 915807                     /lib/x86_64-linux-gnu/libnsl-2.24.so
7fd09756e000-7fd09756f000 rw-p 00016000 08:02 915807                     /lib/x86_64-linux-gnu/libnsl-2.24.so
7fd09756f000-7fd097571000 rw-p 00000000 00:00 0 
7fd097571000-7fd097579000 r-xp 00000000 08:02 915808                     /lib/x86_64-linux-gnu/libnss_compat-2.24.so
7fd097579000-7fd097778000 ---p 00008000 08:02 915808                     /lib/x86_64-linux-gnu/libnss_compat-2.24.so
7fd097778000-7fd097779000 r--p 00007000 08:02 915808                     /lib/x86_64-linux-gnu/libnss_compat-2.24.so
7fd097779000-7fd09777a000 rw-p 00008000 08:02 915808                     /lib/x86_64-linux-gnu/libnss_compat-2.24.so
7fd09777a000-7fd0977a7000 r-xp 00000000 08:02 1442096                    /usr/lib/jvm/java-8-openjdk-amd64/jre/lib/amd64/libjava.so
7fd0977a7000-7fd0979a6000 ---p 0002d000 08:02 1442096                    /usr/lib/jvm/java-8-openjdk-amd64/jre/lib/amd64/libjava.so
7fd0979a6000-7fd0979a7000 r--p 0002c000 08:02 1442096                    /usr/lib/jvm/java-8-openjdk-amd64/jre/lib/amd64/libjava.so
7fd0979a7000-7fd0979a9000 rw-p 0002d000 08:02 1442096                    /usr/lib/jvm/java-8-openjdk-amd64/jre/lib/amd64/libjava.so
7fd0979a9000-7fd0979b8000 r-xp 00000000 08:02 1446557                    /usr/lib/jvm/java-8-openjdk-amd64/jre/lib/amd64/libverify.so
7fd0979b8000-7fd097bb7000 ---p 0000f000 08:02 1446557                    /usr/lib/jvm/java-8-openjdk-amd64/jre/lib/amd64/libverify.so
7fd097bb7000-7fd097bb9000 r--p 0000e000 08:02 1446557                    /usr/lib/jvm/java-8-openjdk-amd64/jre/lib/amd64/libverify.so
7fd097bb9000-7fd097bba000 rw-p 00010000 08:02 1446557                    /usr/lib/jvm/java-8-openjdk-amd64/jre/lib/amd64/libverify.so
7fd097bba000-7fd097bc1000 r-xp 00000000 08:02 920560                     /lib/x86_64-linux-gnu/librt-2.24.so
7fd097bc1000-7fd097dc0000 ---p 00007000 08:02 920560                     /lib/x86_64-linux-gnu/librt-2.24.so
7fd097dc0000-7fd097dc1000 r--p 00006000 08:02 920560                     /lib/x86_64-linux-gnu/librt-2.24.so
7fd097dc1000-7fd097dc2000 rw-p 00007000 08:02 920560                     /lib/x86_64-linux-gnu/librt-2.24.so
7fd097dc2000-7fd097dd8000 r-xp 00000000 08:02 920845                     /lib/x86_64-linux-gnu/libgcc_s.so.1
7fd097dd8000-7fd097fd7000 ---p 00016000 08:02 920845                     /lib/x86_64-linux-gnu/libgcc_s.so.1
7fd097fd7000-7fd097fd8000 r--p 00015000 08:02 920845                     /lib/x86_64-linux-gnu/libgcc_s.so.1
7fd097fd8000-7fd097fd9000 rw-p 00016000 08:02 920845                     /lib/x86_64-linux-gnu/libgcc_s.so.1
7fd097fd9000-7fd0980e1000 r-xp 00000000 08:02 915804                     /lib/x86_64-linux-gnu/libm-2.24.so
7fd0980e1000-7fd0982e0000 ---p 00108000 08:02 915804                     /lib/x86_64-linux-gnu/libm-2.24.so
7fd0982e0000-7fd0982e1000 r--p 00107000 08:02 915804                     /lib/x86_64-linux-gnu/libm-2.24.so
7fd0982e1000-7fd0982e2000 rw-p 00108000 08:02 915804                     /lib/x86_64-linux-gnu/libm-2.24.so
7fd0982e2000-7fd09845a000 r-xp 00000000 08:02 1449797                    /usr/lib/x86_64-linux-gnu/libstdc++.so.6.0.22
7fd09845a000-7fd09865a000 ---p 00178000 08:02 1449797                    /usr/lib/x86_64-linux-gnu/libstdc++.so.6.0.22
7fd09865a000-7fd098664000 r--p 00178000 08:02 1449797                    /usr/lib/x86_64-linux-gnu/libstdc++.so.6.0.22
7fd098664000-7fd098666000 rw-p 00182000 08:02 1449797                    /usr/lib/x86_64-linux-gnu/libstdc++.so.6.0.22
7fd098666000-7fd09866a000 rw-p 00000000 00:00 0 
7fd09866a000-7fd0992be000 r-xp 00000000 08:02 1446578                    /usr/lib/jvm/java-8-openjdk-amd64/jre/lib/amd64/server/libjvm.so
7fd0992be000-7fd0994bd000 ---p 00c54000 08:02 1446578                    /usr/lib/jvm/java-8-openjdk-amd64/jre/lib/amd64/server/libjvm.so
7fd0994bd000-7fd099550000 r--p 00c53000 08:02 1446578                    /usr/lib/jvm/java-8-openjdk-amd64/jre/lib/amd64/server/libjvm.so
7fd099550000-7fd099579000 rw-p 00ce6000 08:02 1446578                    /usr/lib/jvm/java-8-openjdk-amd64/jre/lib/amd64/server/libjvm.so
7fd099579000-7fd0995a9000 rw-p 00000000 00:00 0 
7fd0995a9000-7fd0995c1000 r-xp 00000000 08:02 920558                     /lib/x86_64-linux-gnu/libpthread-2.24.so
7fd0995c1000-7fd0997c1000 ---p 00018000 08:02 920558                     /lib/x86_64-linux-gnu/libpthread-2.24.so
7fd0997c1000-7fd0997c2000 r--p 00018000 08:02 920558                     /lib/x86_64-linux-gnu/libpthread-2.24.so
7fd0997c2000-7fd0997c3000 rw-p 00019000 08:02 920558                     /lib/x86_64-linux-gnu/libpthread-2.24.so
7fd0997c3000-7fd0997c7000 rw-p 00000000 00:00 0 
7fd0997c7000-7fd0997ca000 r-xp 00000000 08:02 915803                     /lib/x86_64-linux-gnu/libdl-2.24.so
7fd0997ca000-7fd0999c9000 ---p 00003000 08:02 915803                     /lib/x86_64-linux-gnu/libdl-2.24.so
7fd0999c9000-7fd0999ca000 r--p 00002000 08:02 915803                     /lib/x86_64-linux-gnu/libdl-2.24.so
7fd0999ca000-7fd0999cb000 rw-p 00003000 08:02 915803                     /lib/x86_64-linux-gnu/libdl-2.24.so
7fd0999cb000-7fd0999e4000 r-xp 00000000 08:02 920987                     /lib/x86_64-linux-gnu/libz.so.1.2.8
7fd0999e4000-7fd099be3000 ---p 00019000 08:02 920987                     /lib/x86_64-linux-gnu/libz.so.1.2.8
7fd099be3000-7fd099be4000 r--p 00018000 08:02 920987                     /lib/x86_64-linux-gnu/libz.so.1.2.8
7fd099be4000-7fd099be5000 rw-p 00019000 08:02 920987                     /lib/x86_64-linux-gnu/libz.so.1.2.8
7fd099be5000-7fd099da2000 r-xp 00000000 08:02 915800                     /lib/x86_64-linux-gnu/libc-2.24.so
7fd099da2000-7fd099fa2000 ---p 001bd000 08:02 915800                     /lib/x86_64-linux-gnu/libc-2.24.so
7fd099fa2000-7fd099fa6000 r--p 001bd000 08:02 915800                     /lib/x86_64-linux-gnu/libc-2.24.so
7fd099fa6000-7fd099fa8000 rw-p 001c1000 08:02 915800                     /lib/x86_64-linux-gnu/libc-2.24.so
7fd099fa8000-7fd099fac000 rw-p 00000000 00:00 0 
7fd099fac000-7fd099fb9000 r-xp 00000000 08:02 1442063                    /usr/lib/jvm/java-8-openjdk-amd64/jre/lib/amd64/jli/libjli.so
7fd099fb9000-7fd09a1b9000 ---p 0000d000 08:02 1442063                    /usr/lib/jvm/java-8-openjdk-amd64/jre/lib/amd64/jli/libjli.so
7fd09a1b9000-7fd09a1ba000 r--p 0000d000 08:02 1442063                    /usr/lib/jvm/java-8-openjdk-amd64/jre/lib/amd64/jli/libjli.so
7fd09a1ba000-7fd09a1bb000 rw-p 0000e000 08:02 1442063                    /usr/lib/jvm/java-8-openjdk-amd64/jre/lib/amd64/jli/libjli.so
7fd09a1bb000-7fd09a1e0000 r-xp 00000000 08:02 915796                     /lib/x86_64-linux-gnu/ld-2.24.so
7fd09a1e2000-7fd09a2bb000 rw-p 00000000 00:00 0 
7fd09a2bb000-7fd09a2be000 ---p 00000000 00:00 0 
7fd09a2be000-7fd09a3c0000 rw-p 00000000 00:00 0 
7fd09a3c2000-7fd09a3c3000 r--s 0000a000 08:02 1449670                    /usr/lib/jvm/java-8-openjdk-amd64/jre/lib/ext/jaccess.jar
7fd09a3c3000-7fd09a3c4000 r--s 00010000 08:02 1457849                    /usr/lib/jvm/java-8-openjdk-amd64/jre/lib/ext/zipfs.jar
7fd09a3c4000-7fd09a3c6000 r--s 00001000 08:02 1449373                    /usr/lib/jvm/java-8-openjdk-amd64/jre/lib/ext/dnsns.jar
7fd09a3c6000-7fd09a3c8000 r--s 00008000 08:02 1457846                    /usr/lib/jvm/java-8-openjdk-amd64/jre/lib/ext/sunec.jar
7fd09a3c8000-7fd09a3d2000 r--s 00116000 08:02 1449937                    /usr/lib/jvm/java-8-openjdk-amd64/jre/lib/ext/localedata.jar
7fd09a3d2000-7fd09a3da000 rw-s 00000000 08:02 1571466                    /tmp/hsperfdata_capaldi/5356
7fd09a3da000-7fd09a3db000 rw-p 00000000 00:00 0 
7fd09a3db000-7fd09a3dc000 ---p 00000000 00:00 0 
7fd09a3dc000-7fd09a3df000 rw-p 00000000 00:00 0 
7fd09a3df000-7fd09a3e0000 r--p 00024000 08:02 915796                     /lib/x86_64-linux-gnu/ld-2.24.so
7fd09a3e0000-7fd09a3e1000 rw-p 00025000 08:02 915796                     /lib/x86_64-linux-gnu/ld-2.24.so
7fd09a3e1000-7fd09a3e2000 rw-p 00000000 00:00 0 
7ffd7bfe9000-7ffd7c00a000 rw-p 00000000 00:00 0                          [stack]
7ffd7c0df000-7ffd7c0e1000 r--p 00000000 00:00 0                          [vvar]
7ffd7c0e1000-7ffd7c0e3000 r-xp 00000000 00:00 0                          [vdso]
ffffffffff600000-ffffffffff601000 r-xp 00000000 00:00 0                  [vsyscall]

VM Arguments:
jvm_args: -Djava.awt.headless=true -Xmx1024M -Dfile.encoding=UTF-8 -Duser.country=FR -Duser.language=fr -Duser.variant 
java_command: com.android.dx.command.Main --dex --force-jumbo --num-threads=4 --multi-dex --output /home/capaldi/Master/M1/Tp_Info/Tp_Prog_Mob/projet_prog_android/ContentProviderResto/app/build/intermediates/transforms/dex/debug/folders/1000/10/com.android.support-appcompat-v7-23.1.1_c0c1b24901d38da273712c8b536f9761cdf9e081 /home/capaldi/Master/M1/Tp_Info/Tp_Prog_Mob/projet_prog_android/ContentProviderResto/app/build/intermediates/exploded-aar/com.android.support/appcompat-v7/23.1.1/jars/classes.jar
java_class_path (initial): /home/capaldi/Android/Sdk/build-tools/23.0.1/lib/dx.jar
Launcher Type: SUN_STANDARD

Environment Variables:
JAVA_HOME=/usr/lib/jvm/java-8-oracle
PATH=/home/capaldi/bin:/home/capaldi/.local/bin:/usr/local/sbin:/usr/local/bin:/usr/sbin:/usr/bin:/sbin:/bin:/usr/games:/usr/local/games:/snap/bin:/usr/lib/jvm/java-8-oracle/bin:/usr/lib/jvm/java-8-oracle/db/bin:/usr/lib/jvm/java-8-oracle/jre/bin
USERNAME=capaldi
LD_LIBRARY_PATH=/opt/android-studio/bin:
SHELL=/bin/bash
DISPLAY=:0

Signal Handlers:
SIGSEGV: [libjvm.so+0xa6b0b0], sa_mask[0]=11111111011111111101111111111110, sa_flags=SA_RESTART|SA_SIGINFO
SIGBUS: [libjvm.so+0xa6b0b0], sa_mask[0]=11111111011111111101111111111110, sa_flags=SA_RESTART|SA_SIGINFO
SIGFPE: [libjvm.so+0x8b5420], sa_mask[0]=11111111011111111101111111111110, sa_flags=SA_RESTART|SA_SIGINFO
SIGPIPE: [libjvm.so+0x8b5420], sa_mask[0]=11111111011111111101111111111110, sa_flags=SA_RESTART|SA_SIGINFO
SIGXFSZ: [libjvm.so+0x8b5420], sa_mask[0]=11111111011111111101111111111110, sa_flags=SA_RESTART|SA_SIGINFO
SIGILL: [libjvm.so+0x8b5420], sa_mask[0]=11111111011111111101111111111110, sa_flags=SA_RESTART|SA_SIGINFO
SIGUSR1: SIG_DFL, sa_mask[0]=00000000000000000000000000000000, sa_flags=none
SIGUSR2: [libjvm.so+0x8b52d0], sa_mask[0]=00100000000000000000000000000000, sa_flags=SA_RESTART|SA_SIGINFO
SIGHUP: [libjvm.so+0x8b5780], sa_mask[0]=11111111011111111101111111111110, sa_flags=SA_RESTART|SA_SIGINFO
SIGINT: [libjvm.so+0x8b5780], sa_mask[0]=11111111011111111101111111111110, sa_flags=SA_RESTART|SA_SIGINFO
SIGTERM: [libjvm.so+0x8b5780], sa_mask[0]=11111111011111111101111111111110, sa_flags=SA_RESTART|SA_SIGINFO
SIGQUIT: [libjvm.so+0x8b5780], sa_mask[0]=11111111011111111101111111111110, sa_flags=SA_RESTART|SA_SIGINFO


---------------  S Y S T E M  ---------------

OS:DISTRIB_ID=Ubuntu
DISTRIB_RELEASE=16.10
DISTRIB_CODENAME=yakkety
DISTRIB_DESCRIPTION="Ubuntu 16.10"

uname:Linux 4.8.0-30-generic #32-Ubuntu SMP Fri Dec 2 03:43:27 UTC 2016 x86_64
libc:glibc 2.24 NPTL 2.24 
rlimit: STACK 8192k, CORE 0k, NPROC 15057, NOFILE 65536, AS infinity
load average:11,02 14,28 7,46

/proc/meminfo:
MemTotal:        3924112 kB
MemFree:          105308 kB
MemAvailable:      14028 kB
Buffers:            2972 kB
Cached:           326092 kB
SwapCached:            0 kB
Active:          3329944 kB
Inactive:         309932 kB
Active(anon):    3314144 kB
Inactive(anon):   298024 kB
Active(file):      15800 kB
Inactive(file):    11908 kB
Unevictable:           0 kB
Mlocked:               0 kB
SwapTotal:             0 kB
SwapFree:              0 kB
Dirty:               588 kB
Writeback:             0 kB
AnonPages:       3309580 kB
Mapped:            73936 kB
Shmem:            301260 kB
Slab:              76200 kB
SReclaimable:      34256 kB
SUnreclaim:        41944 kB
KernelStack:       13824 kB
PageTables:        44648 kB
NFS_Unstable:          0 kB
Bounce:                0 kB
WritebackTmp:          0 kB
CommitLimit:     1962056 kB
Committed_AS:    8073384 kB
VmallocTotal:   34359738367 kB
VmallocUsed:           0 kB
VmallocChunk:          0 kB
HardwareCorrupted:     0 kB
AnonHugePages:   1140736 kB
ShmemHugePages:        0 kB
ShmemPmdMapped:        0 kB
CmaTotal:              0 kB
CmaFree:               0 kB
HugePages_Total:       0
HugePages_Free:        0
HugePages_Rsvd:        0
HugePages_Surp:        0
Hugepagesize:       2048 kB
DirectMap4k:      115732 kB
DirectMap2M:     3956736 kB
DirectMap1G:     1048576 kB


CPU:total 4 (2 cores per cpu, 2 threads per core) family 6 model 142 stepping 9, cmov, cx8, fxsr, mmx, sse, sse2, sse3, ssse3, sse4.1, sse4.2, popcnt, avx, avx2, aes, clmul, erms, 3dnowpref, lzcnt, ht, tsc, tscinvbit, bmi1, bmi2, adx

/proc/cpuinfo:
processor	: 0
vendor_id	: GenuineIntel
cpu family	: 6
model		: 142
model name	: Intel(R) Core(TM) i5-7200U CPU @ 2.50GHz
stepping	: 9
microcode	: 0x38
cpu MHz		: 3099.957
cache size	: 3072 KB
physical id	: 0
siblings	: 4
core id		: 0
cpu cores	: 2
apicid		: 0
initial apicid	: 0
fpu		: yes
fpu_exception	: yes
cpuid level	: 22
wp		: yes
flags		: fpu vme de pse tsc msr pae mce cx8 apic sep mtrr pge mca cmov pat pse36 clflush dts acpi mmx fxsr sse sse2 ss ht tm pbe syscall nx pdpe1gb rdtscp lm constant_tsc art arch_perfmon pebs bts rep_good nopl xtopology nonstop_tsc aperfmperf eagerfpu pni pclmulqdq dtes64 monitor ds_cpl vmx est tm2 ssse3 sdbg fma cx16 xtpr pdcm pcid sse4_1 sse4_2 x2apic movbe popcnt tsc_deadline_timer aes xsave avx f16c rdrand lahf_lm abm 3dnowprefetch epb intel_pt tpr_shadow vnmi flexpriority ept vpid fsgsbase tsc_adjust bmi1 avx2 smep bmi2 erms invpcid mpx rdseed adx smap clflushopt xsaveopt xsavec xgetbv1 xsaves dtherm ida arat pln pts hwp hwp_notify hwp_act_window hwp_epp
bugs		:
bogomips	: 5400.00
clflush size	: 64
cache_alignment	: 64
address sizes	: 39 bits physical, 48 bits virtual
power management:

processor	: 1
vendor_id	: GenuineIntel
cpu family	: 6
model		: 142
model name	: Intel(R) Core(TM) i5-7200U CPU @ 2.50GHz
stepping	: 9
microcode	: 0x38
cpu MHz		: 3099.957
cache size	: 3072 KB
physical id	: 0
siblings	: 4
core id		: 1
cpu cores	: 2
apicid		: 2
initial apicid	: 2
fpu		: yes
fpu_exception	: yes
cpuid level	: 22
wp		: yes
flags		: fpu vme de pse tsc msr pae mce cx8 apic sep mtrr pge mca cmov pat pse36 clflush dts acpi mmx fxsr sse sse2 ss ht tm pbe syscall nx pdpe1gb rdtscp lm constant_tsc art arch_perfmon pebs bts rep_good nopl xtopology nonstop_tsc aperfmperf eagerfpu pni pclmulqdq dtes64 monitor ds_cpl vmx est tm2 ssse3 sdbg fma cx16 xtpr pdcm pcid sse4_1 sse4_2 x2apic movbe popcnt tsc_deadline_timer aes xsave avx f16c rdrand lahf_lm abm 3dnowprefetch epb intel_pt tpr_shadow vnmi flexpriority ept vpid fsgsbase tsc_adjust bmi1 avx2 smep bmi2 erms invpcid mpx rdseed adx smap clflushopt xsaveopt xsavec xgetbv1 xsaves dtherm ida arat pln pts hwp hwp_notify hwp_act_window hwp_epp
bugs		:
bogomips	: 5400.00
clflush size	: 64
cache_alignment	: 64
address sizes	: 39 bits physical, 48 bits virtual
power management:

processor	: 2
vendor_id	: GenuineIntel
cpu family	: 6
model		: 142
model name	: Intel(R) Core(TM) i5-7200U CPU @ 2.50GHz
stepping	: 9
microcode	: 0x38
cpu MHz		: 3099.957
cache size	: 3072 KB
physical id	: 0
siblings	: 4
core id		: 0
cpu cores	: 2
apicid		: 1
initial apicid	: 1
fpu		: yes
fpu_exception	: yes
cpuid level	: 22
wp		: yes
flags		: fpu vme de pse tsc msr pae mce cx8 apic sep mtrr pge mca cmov pat pse36 clflush dts acpi mmx fxsr sse sse2 ss ht tm pbe syscall nx pdpe1gb rdtscp lm constant_tsc art arch_perfmon pebs bts rep_good nopl xtopology nonstop_tsc aperfmperf eagerfpu pni pclmulqdq dtes64 monitor ds_cpl vmx est tm2 ssse3 sdbg fma cx16 xtpr pdcm pcid sse4_1 sse4_2 x2apic movbe popcnt tsc_deadline_timer aes xsave avx f16c rdrand lahf_lm abm 3dnowprefetch epb intel_pt tpr_shadow vnmi flexpriority ept vpid fsgsbase tsc_adjust bmi1 avx2 smep bmi2 erms invpcid mpx rdseed adx smap clflushopt xsaveopt xsavec xgetbv1 xsaves dtherm ida arat pln pts hwp hwp_notify hwp_act_window hwp_epp
bugs		:
bogomips	: 5400.00
clflush size	: 64
cache_alignment	: 64
address sizes	: 39 bits physical, 48 bits virtual
power management:

processor	: 3
vendor_id	: GenuineIntel
cpu family	: 6
model		: 142
model name	: Intel(R) Core(TM) i5-7200U CPU @ 2.50GHz
stepping	: 9
microcode	: 0x38
cpu MHz		: 3099.957
cache size	: 3072 KB
physical id	: 0
siblings	: 4
core id		: 1
cpu cores	: 2
apicid		: 3
initial apicid	: 3
fpu		: yes
fpu_exception	: yes
cpuid level	: 22
wp		: yes
flags		: fpu vme de pse tsc msr pae mce cx8 apic sep mtrr pge mca cmov pat pse36 clflush dts acpi mmx fxsr sse sse2 ss ht tm pbe syscall nx pdpe1gb rdtscp lm constant_tsc art arch_perfmon pebs bts rep_good nopl xtopology nonstop_tsc aperfmperf eagerfpu pni pclmulqdq dtes64 monitor ds_cpl vmx est tm2 ssse3 sdbg fma cx16 xtpr pdcm pcid sse4_1 sse4_2 x2apic movbe popcnt tsc_deadline_timer aes xsave avx f16c rdrand lahf_lm abm 3dnowprefetch epb intel_pt tpr_shadow vnmi flexpriority ept vpid fsgsbase tsc_adjust bmi1 avx2 smep bmi2 erms invpcid mpx rdseed adx smap clflushopt xsaveopt xsavec xgetbv1 xsaves dtherm ida arat pln pts hwp hwp_notify hwp_act_window hwp_epp
bugs		:
bogomips	: 5400.00
clflush size	: 64
cache_alignment	: 64
address sizes	: 39 bits physical, 48 bits virtual
power management:



Memory: 4k page, physical 3924112k(105728k free), swap 0k(0k free)

vm_info: OpenJDK 64-Bit Server VM (25.111-b14) for linux-amd64 JRE (1.8.0_111-8u111-b14-2ubuntu0.16.10.2-b14), built on Oct 27 2016 14:16:18 by "buildd" with gcc 6.2.0 20161005

time: Sun Dec 18 23:17:06 2016
elapsed time: 5 seconds (0d 0h 0m 5s)

